#
# There is insufficient memory for the Java Runtime Environment to continue.
# Native memory allocation (malloc) failed to allocate 2335536 bytes for Chunk::new
# Possible reasons:
#   The system is out of physical RAM or swap space
#   The process is running with CompressedOops enabled, and the Java Heap may be blocking the growth of the native heap
# Possible solutions:
#   Reduce memory load on the system
#   Increase physical memory or swap space
#   Check if swap backing store is full
#   Decrease Java heap size (-Xmx/-Xms)
#   Decrease number of Java threads
#   Decrease Java thread stack sizes (-Xss)
#   Set larger code cache with -XX:ReservedCodeCacheSize=
#   JVM is running with Unscaled Compressed Oops mode in which the Java heap is
#     placed in the first 4GB address space. The Java Heap base address is the
#     maximum limit for the native heap growth. Please use -XX:HeapBaseMinAddress
#     to set the Java Heap base and to place the Java Heap above 4GB virtual address.
# This output file may be truncated or incomplete.
#
#  Out of Memory Error (./src/hotspot/share/memory/arena.cpp:197), pid=12168, tid=9096
#
# JRE version: OpenJDK Runtime Environment (11.0.10) (build 11.0.10+0-b96-7249189)
# Java VM: OpenJDK 64-Bit Server VM (11.0.10+0-b96-7249189, mixed mode, tiered, compressed oops, g1 gc, windows-amd64)
# No core dump will be written. Minidumps are not enabled by default on client versions of Windows
#

---------------  S U M M A R Y ------------

Command Line: --add-opens=java.base/java.util=ALL-UNNAMED --add-opens=java.base/java.lang=ALL-UNNAMED --add-opens=java.base/java.lang.invoke=ALL-UNNAMED --add-opens=java.base/java.util=ALL-UNNAMED --add-opens=java.prefs/java.util.prefs=ALL-UNNAMED --add-opens=java.prefs/java.util.prefs=ALL-UNNAMED --add-opens=java.base/java.nio.charset=ALL-UNNAMED --add-opens=java.base/java.net=ALL-UNNAMED --add-opens=java.base/java.util.concurrent.atomic=ALL-UNNAMED -Xmx2048m -Dfile.encoding=UTF-8 -Duser.country=IT -Duser.language=it -Duser.variant org.gradle.launcher.daemon.bootstrap.GradleDaemon 7.0.2

Host: Intel(R) Core(TM) i7-9700F CPU @ 3.00GHz, 8 cores, 23G,  Windows 10 , 64 bit Build 22000 (10.0.22000.318)
Time: Mon Jan  3 09:55:59 2022 ora solare Europa occidentale elapsed time: 9.112673 seconds (0d 0h 0m 9s)

---------------  T H R E A D  ---------------

Current thread (0x00000285ea1dc000):  JavaThread "C2 CompilerThread2" daemon [_thread_in_native, id=9096, stack(0x000000a930c00000,0x000000a930d00000)]


Current CompileTask:
C2:   9112 8708   !   4       com.sun.beans.TypeResolver::resolve (261 bytes)

Stack: [0x000000a930c00000,0x000000a930d00000]
Native frames: (J=compiled Java code, j=interpreted, Vv=VM code, C=native code)
V  [jvm.dll+0x5ecfaa]
V  [jvm.dll+0x722bd5]
V  [jvm.dll+0x72412d]
V  [jvm.dll+0x7247e3]
V  [jvm.dll+0x242928]
V  [jvm.dll+0xbc4fc]
V  [jvm.dll+0xbca0c]
V  [jvm.dll+0x352d7d]
V  [jvm.dll+0x320ad3]
V  [jvm.dll+0x31ffca]
V  [jvm.dll+0x1fb602]
V  [jvm.dll+0x1fa7f4]
V  [jvm.dll+0x18354c]
V  [jvm.dll+0x208ee7]
V  [jvm.dll+0x207731]
V  [jvm.dll+0x6eb1cf]
V  [jvm.dll+0x6e3d45]
V  [jvm.dll+0x5ebe96]
C  [ucrtbase.dll+0x26c0c]
C  [KERNEL32.DLL+0x154e0]
C  [ntdll.dll+0x485b]


---------------  P R O C E S S  ---------------

Threads class SMR info:
_java_thread_list=0x00000285e1a27350, length=53, elements={
0x00000285c4ddf000, 0x00000285dfb47000, 0x00000285dfb52800, 0x00000285dfb5f800,
0x00000285dfb61000, 0x00000285dfb63000, 0x00000285dfb66800, 0x00000285dfb69800,
0x00000285dfb6c000, 0x00000285dfd17800, 0x00000285e0889000, 0x00000285e1265000,
0x00000285e33ca800, 0x00000285e1137800, 0x00000285e1102800, 0x00000285e2709000,
0x00000285e1f15800, 0x00000285e155f800, 0x00000285e216b000, 0x00000285e1673000,
0x00000285e1670800, 0x00000285e1673800, 0x00000285e166f800, 0x00000285e1672000,
0x00000285e1674800, 0x00000285e1675000, 0x00000285e1676000, 0x00000285e1671000,
0x00000285e2066000, 0x00000285e2063000, 0x00000285e2067800, 0x00000285e2065000,
0x00000285e2067000, 0x00000285e2062000, 0x00000285e2068800, 0x00000285e2069800,
0x00000285e2063800, 0x00000285e206a000, 0x00000285e206c000, 0x00000285e2070800,
0x00000285e206f000, 0x00000285e6a75000, 0x00000285e6a79000, 0x00000285e6a74000,
0x00000285e6a7a000, 0x00000285e6a76000, 0x00000285e6a76800, 0x00000285e6a7a800,
0x00000285e6a77800, 0x00000285e6b48800, 0x00000285ea1dc000, 0x00000285e6b8e800,
0x00000285e6b8a800
}

Java Threads: ( => current thread )
  0x00000285c4ddf000 JavaThread "main" [_thread_blocked, id=18928, stack(0x000000a92f300000,0x000000a92f400000)]
  0x00000285dfb47000 JavaThread "Reference Handler" daemon [_thread_blocked, id=5800, stack(0x000000a92fa00000,0x000000a92fb00000)]
  0x00000285dfb52800 JavaThread "Finalizer" daemon [_thread_blocked, id=14008, stack(0x000000a92fb00000,0x000000a92fc00000)]
  0x00000285dfb5f800 JavaThread "Signal Dispatcher" daemon [_thread_blocked, id=6352, stack(0x000000a92fc00000,0x000000a92fd00000)]
  0x00000285dfb61000 JavaThread "Attach Listener" daemon [_thread_blocked, id=15472, stack(0x000000a92fd00000,0x000000a92fe00000)]
  0x00000285dfb63000 JavaThread "Service Thread" daemon [_thread_blocked, id=19680, stack(0x000000a92fe00000,0x000000a92ff00000)]
  0x00000285dfb66800 JavaThread "C2 CompilerThread0" daemon [_thread_in_native, id=6680, stack(0x000000a92ff00000,0x000000a930000000)]
  0x00000285dfb69800 JavaThread "C1 CompilerThread0" daemon [_thread_in_vm, id=8756, stack(0x000000a930000000,0x000000a930100000)]
  0x00000285dfb6c000 JavaThread "Sweeper thread" daemon [_thread_blocked, id=19276, stack(0x000000a930100000,0x000000a930200000)]
  0x00000285dfd17800 JavaThread "Common-Cleaner" daemon [_thread_blocked, id=14584, stack(0x000000a930200000,0x000000a930300000)]
  0x00000285e0889000 JavaThread "Daemon health stats" [_thread_blocked, id=10024, stack(0x000000a930e00000,0x000000a930f00000)]
  0x00000285e1265000 JavaThread "Incoming local TCP Connector on port 1182" [_thread_in_native, id=16016, stack(0x000000a930f00000,0x000000a931000000)]
  0x00000285e33ca800 JavaThread "Daemon periodic checks" [_thread_blocked, id=9044, stack(0x000000a931000000,0x000000a931100000)]
  0x00000285e1137800 JavaThread "Daemon" [_thread_blocked, id=14000, stack(0x000000a931100000,0x000000a931200000)]
  0x00000285e1102800 JavaThread "Handler for socket connection from /127.0.0.1:1182 to /127.0.0.1:1183" [_thread_in_native, id=7496, stack(0x000000a931200000,0x000000a931300000)]
  0x00000285e2709000 JavaThread "Cancel handler" [_thread_blocked, id=18880, stack(0x000000a931300000,0x000000a931400000)]
  0x00000285e1f15800 JavaThread "Daemon worker" [_thread_in_native, id=18852, stack(0x000000a931400000,0x000000a931500000)]
  0x00000285e155f800 JavaThread "Asynchronous log dispatcher for DefaultDaemonConnection: socket connection from /127.0.0.1:1182 to /127.0.0.1:1183" [_thread_blocked, id=18964, stack(0x000000a931500000,0x000000a931600000)]
  0x00000285e216b000 JavaThread "Stdin handler" [_thread_blocked, id=10972, stack(0x000000a931600000,0x000000a931700000)]
  0x00000285e1673000 JavaThread "Daemon client event forwarder" [_thread_blocked, id=19752, stack(0x000000a931700000,0x000000a931800000)]
  0x00000285e1670800 JavaThread "Cache worker for file hash cache (C:\Users\Mauro\.gradle\caches\7.0.2\fileHashes)" [_thread_blocked, id=20032, stack(0x000000a931800000,0x000000a931900000)]
  0x00000285e1673800 JavaThread "File lock request listener" [_thread_in_native, id=18044, stack(0x000000a931900000,0x000000a931a00000)]
  0x00000285e166f800 JavaThread "Cache worker for journal cache (C:\Users\Mauro\.gradle\caches\journal-1)" [_thread_blocked, id=15328, stack(0x000000a931b00000,0x000000a931c00000)]
  0x00000285e1672000 JavaThread "Cache worker for file hash cache (C:\Users\Mauro\Desktop\PalmareBDiBimbi\.gradle\7.0.2\fileHashes)" [_thread_blocked, id=9932, stack(0x000000a931c00000,0x000000a931d00000)]
  0x00000285e1674800 JavaThread "File watcher server" daemon [_thread_in_native, id=20148, stack(0x000000a931d00000,0x000000a931e00000)]
  0x00000285e1675000 JavaThread "File watcher consumer" daemon [_thread_blocked, id=13788, stack(0x000000a931e00000,0x000000a931f00000)]
  0x00000285e1676000 JavaThread "jar transforms" [_thread_blocked, id=19692, stack(0x000000a931f00000,0x000000a932000000)]
  0x00000285e1671000 JavaThread "jar transforms Thread 2" [_thread_blocked, id=19460, stack(0x000000a932000000,0x000000a932100000)]
  0x00000285e2066000 JavaThread "jar transforms Thread 3" [_thread_blocked, id=18124, stack(0x000000a932100000,0x000000a932200000)]
  0x00000285e2063000 JavaThread "jar transforms Thread 4" [_thread_blocked, id=9536, stack(0x000000a932200000,0x000000a932300000)]
  0x00000285e2067800 JavaThread "jar transforms Thread 5" [_thread_blocked, id=6548, stack(0x000000a932300000,0x000000a932400000)]
  0x00000285e2065000 JavaThread "jar transforms Thread 6" [_thread_blocked, id=9428, stack(0x000000a932400000,0x000000a932500000)]
  0x00000285e2067000 JavaThread "jar transforms Thread 7" [_thread_blocked, id=7060, stack(0x000000a932500000,0x000000a932600000)]
  0x00000285e2062000 JavaThread "jar transforms Thread 8" [_thread_blocked, id=1396, stack(0x000000a932600000,0x000000a932700000)]
  0x00000285e2068800 JavaThread "Cache worker for checksums cache (C:\Users\Mauro\Desktop\PalmareBDiBimbi\.gradle\checksums)" [_thread_blocked, id=5988, stack(0x000000a932700000,0x000000a932800000)]
  0x00000285e2069800 JavaThread "Cache worker for cache directory md-supplier (C:\Users\Mauro\.gradle\caches\7.0.2\md-supplier)" [_thread_blocked, id=17516, stack(0x000000a932800000,0x000000a932900000)]
  0x00000285e2063800 JavaThread "Cache worker for cache directory md-rule (C:\Users\Mauro\.gradle\caches\7.0.2\md-rule)" [_thread_blocked, id=9424, stack(0x000000a932900000,0x000000a932a00000)]
  0x00000285e206a000 JavaThread "Cache worker for execution history cache (C:\Users\Mauro\.gradle\caches\7.0.2\executionHistory)" [_thread_blocked, id=19492, stack(0x000000a932a00000,0x000000a932b00000)]
  0x00000285e206c000 JavaThread "Cache worker for file content cache (C:\Users\Mauro\.gradle\caches\7.0.2\fileContent)" [_thread_blocked, id=15228, stack(0x000000a932b00000,0x000000a932c00000)]
  0x00000285e2070800 JavaThread "Cache worker for dependencies-accessors (C:\Users\Mauro\Desktop\PalmareBDiBimbi\.gradle\7.0.2\dependencies-accessors)" [_thread_blocked, id=13324, stack(0x000000a932c00000,0x000000a932d00000)]
  0x00000285e206f000 JavaThread "Cache worker for Build Output Cleanup Cache (C:\Users\Mauro\Desktop\PalmareBDiBimbi\.gradle\buildOutputCleanup)" [_thread_blocked, id=2800, stack(0x000000a932d00000,0x000000a932e00000)]
  0x00000285e6a75000 JavaThread "Build operations" [_thread_blocked, id=6164, stack(0x000000a932e00000,0x000000a932f00000)]
  0x00000285e6a79000 JavaThread "Build operations Thread 2" [_thread_blocked, id=9064, stack(0x000000a932f00000,0x000000a933000000)]
  0x00000285e6a74000 JavaThread "Build operations Thread 3" [_thread_blocked, id=19120, stack(0x000000a933000000,0x000000a933100000)]
  0x00000285e6a7a000 JavaThread "Build operations Thread 4" [_thread_blocked, id=10776, stack(0x000000a933100000,0x000000a933200000)]
  0x00000285e6a76000 JavaThread "Build operations Thread 5" [_thread_blocked, id=12508, stack(0x000000a933200000,0x000000a933300000)]
  0x00000285e6a76800 JavaThread "Build operations Thread 6" [_thread_blocked, id=19660, stack(0x000000a933300000,0x000000a933400000)]
  0x00000285e6a7a800 JavaThread "Build operations Thread 7" [_thread_blocked, id=14820, stack(0x000000a933400000,0x000000a933500000)]
  0x00000285e6a77800 JavaThread "Build operations Thread 8" [_thread_blocked, id=17532, stack(0x000000a933500000,0x000000a933600000)]
  0x00000285e6b48800 JavaThread "C2 CompilerThread1" daemon [_thread_in_native, id=14156, stack(0x000000a930400000,0x000000a930500000)]
=>0x00000285ea1dc000 JavaThread "C2 CompilerThread2" daemon [_thread_in_native, id=9096, stack(0x000000a930c00000,0x000000a930d00000)]
  0x00000285e6b8e800 JavaThread "Memory manager" [_thread_blocked, id=9960, stack(0x000000a933600000,0x000000a933700000)]
  0x00000285e6b8a800 JavaThread "build event listener" [_thread_blocked, id=1840, stack(0x000000a933700000,0x000000a933800000)]

Other Threads:
  0x00000285dfb44800 VMThread "VM Thread" [stack: 0x000000a92f900000,0x000000a92fa00000] [id=19240]
  0x00000285dfd5e000 WatcherThread [stack: 0x000000a930300000,0x000000a930400000] [id=19052]
  0x00000285c4df4800 GCTaskThread "GC Thread#0" [stack: 0x000000a92f400000,0x000000a92f500000] [id=12208]
  0x00000285e0bc5000 GCTaskThread "GC Thread#1" [stack: 0x000000a930500000,0x000000a930600000] [id=2528]
  0x00000285e0aa4000 GCTaskThread "GC Thread#2" [stack: 0x000000a930600000,0x000000a930700000] [id=5288]
  0x00000285e055c000 GCTaskThread "GC Thread#3" [stack: 0x000000a930700000,0x000000a930800000] [id=6208]
  0x00000285e0317000 GCTaskThread "GC Thread#4" [stack: 0x000000a930800000,0x000000a930900000] [id=14804]
  0x00000285e09de800 GCTaskThread "GC Thread#5" [stack: 0x000000a930900000,0x000000a930a00000] [id=19108]
  0x00000285e05f6800 GCTaskThread "GC Thread#6" [stack: 0x000000a930a00000,0x000000a930b00000] [id=5412]
  0x00000285e05a2000 GCTaskThread "GC Thread#7" [stack: 0x000000a930b00000,0x000000a930c00000] [id=17744]
  0x00000285c4e43800 ConcurrentGCThread "G1 Main Marker" [stack: 0x000000a92f500000,0x000000a92f600000] [id=7912]
  0x00000285c4e46000 ConcurrentGCThread "G1 Conc#0" [stack: 0x000000a92f600000,0x000000a92f700000] [id=9304]
  0x00000285e2ce6800 ConcurrentGCThread "G1 Conc#1" [stack: 0x000000a931a00000,0x000000a931b00000] [id=18196]
  0x00000285df185000 ConcurrentGCThread "G1 Refine#0" [stack: 0x000000a92f700000,0x000000a92f800000] [id=3020]
  0x00000285e28a1000 ConcurrentGCThread "G1 Refine#1" [stack: 0x000000a930d00000,0x000000a930e00000] [id=7036]
  0x00000285df186000 ConcurrentGCThread "G1 Young RemSet Sampling" [stack: 0x000000a92f800000,0x000000a92f900000] [id=20360]

Threads with active compile tasks:
C2 CompilerThread0   9121 8696       4       com.sun.beans.TypeResolver::resolve (37 bytes)
C2 CompilerThread1   9121 8827       4       java.util.StringTokenizer::hasMoreTokens (29 bytes)
C2 CompilerThread2   9121 8708   !   4       com.sun.beans.TypeResolver::resolve (261 bytes)

VM state:not at safepoint (normal execution)

VM Mutex/Monitor currently owned by a thread: None

Heap address: 0x0000000080000000, size: 2048 MB, Compressed Oops mode: 32-bit
Narrow klass base: 0x0000000000000000, Narrow klass shift: 3
Compressed class space size: 1073741824 Address: 0x0000000100000000

Heap:
 garbage-first heap   total 393216K, used 246186K [0x0000000080000000, 0x0000000100000000)
  region size 1024K, 181 young (185344K), 19 survivors (19456K)
 Metaspace       used 75195K, capacity 77242K, committed 77440K, reserved 1116160K
  class space    used 9603K, capacity 10362K, committed 10368K, reserved 1048576K
Heap Regions: E=young(eden), S=young(survivor), O=old, HS=humongous(starts), HC=humongous(continues), CS=collection set, F=free, A=archive, TAMS=top-at-mark-start (previous, next)
|   0|0x0000000080000000, 0x0000000080100000, 0x0000000080100000|100%| O|  |TAMS 0x0000000080100000, 0x0000000080000000| Untracked 
|   1|0x0000000080100000, 0x0000000080200000, 0x0000000080200000|100%| O|  |TAMS 0x0000000080200000, 0x0000000080100000| Untracked 
|   2|0x0000000080200000, 0x0000000080300000, 0x0000000080300000|100%| O|  |TAMS 0x0000000080300000, 0x0000000080200000| Untracked 
|   3|0x0000000080300000, 0x0000000080400000, 0x0000000080400000|100%|HS|  |TAMS 0x0000000080400000, 0x0000000080300000| Complete 
|   4|0x0000000080400000, 0x0000000080500000, 0x0000000080500000|100%|HC|  |TAMS 0x0000000080500000, 0x0000000080400000| Complete 
|   5|0x0000000080500000, 0x0000000080600000, 0x0000000080600000|100%|HC|  |TAMS 0x0000000080600000, 0x0000000080500000| Complete 
|   6|0x0000000080600000, 0x0000000080700000, 0x0000000080700000|100%| O|  |TAMS 0x0000000080700000, 0x0000000080600000| Untracked 
|   7|0x0000000080700000, 0x0000000080800000, 0x0000000080800000|100%| O|  |TAMS 0x0000000080800000, 0x0000000080700000| Untracked 
|   8|0x0000000080800000, 0x0000000080900000, 0x0000000080900000|100%| O|  |TAMS 0x0000000080900000, 0x0000000080800000| Untracked 
|   9|0x0000000080900000, 0x0000000080a00000, 0x0000000080a00000|100%| O|  |TAMS 0x0000000080a00000, 0x0000000080900000| Untracked 
|  10|0x0000000080a00000, 0x0000000080b00000, 0x0000000080b00000|100%| O|  |TAMS 0x0000000080b00000, 0x0000000080a00000| Untracked 
|  11|0x0000000080b00000, 0x0000000080c00000, 0x0000000080c00000|100%| O|  |TAMS 0x0000000080c00000, 0x0000000080b00000| Untracked 
|  12|0x0000000080c00000, 0x0000000080d00000, 0x0000000080d00000|100%| O|  |TAMS 0x0000000080d00000, 0x0000000080c00000| Untracked 
|  13|0x0000000080d00000, 0x0000000080e00000, 0x0000000080e00000|100%| O|  |TAMS 0x0000000080e00000, 0x0000000080d00000| Untracked 
|  14|0x0000000080e00000, 0x0000000080f00000, 0x0000000080f00000|100%| O|  |TAMS 0x0000000080f00000, 0x0000000080e00000| Untracked 
|  15|0x0000000080f00000, 0x0000000081000000, 0x0000000081000000|100%|HS|  |TAMS 0x0000000081000000, 0x0000000080f00000| Complete 
|  16|0x0000000081000000, 0x0000000081100000, 0x0000000081100000|100%|HC|  |TAMS 0x0000000081100000, 0x0000000081000000| Complete 
|  17|0x0000000081100000, 0x0000000081200000, 0x0000000081200000|100%|HS|  |TAMS 0x0000000081200000, 0x0000000081100000| Complete 
|  18|0x0000000081200000, 0x0000000081300000, 0x0000000081300000|100%|HC|  |TAMS 0x0000000081300000, 0x0000000081200000| Complete 
|  19|0x0000000081300000, 0x0000000081400000, 0x0000000081400000|100%|HC|  |TAMS 0x0000000081400000, 0x0000000081300000| Complete 
|  20|0x0000000081400000, 0x0000000081500000, 0x0000000081500000|100%|HS|  |TAMS 0x0000000081500000, 0x0000000081400000| Complete 
|  21|0x0000000081500000, 0x0000000081600000, 0x0000000081600000|100%|HC|  |TAMS 0x0000000081600000, 0x0000000081500000| Complete 
|  22|0x0000000081600000, 0x0000000081700000, 0x0000000081700000|100%|HC|  |TAMS 0x0000000081700000, 0x0000000081600000| Complete 
|  23|0x0000000081700000, 0x0000000081800000, 0x0000000081800000|100%|HC|  |TAMS 0x0000000081800000, 0x0000000081700000| Complete 
|  24|0x0000000081800000, 0x0000000081900000, 0x0000000081900000|100%|HC|  |TAMS 0x0000000081900000, 0x0000000081800000| Complete 
|  25|0x0000000081900000, 0x0000000081a00000, 0x0000000081a00000|100%| O|  |TAMS 0x0000000081900000, 0x0000000081900000| Untracked 
|  26|0x0000000081a00000, 0x0000000081b00000, 0x0000000081b00000|100%|HS|  |TAMS 0x0000000081a00000, 0x0000000081a00000| Complete 
|  27|0x0000000081b00000, 0x0000000081c00000, 0x0000000081c00000|100%| O|  |TAMS 0x0000000081b00000, 0x0000000081b00000| Untracked 
|  28|0x0000000081c00000, 0x0000000081d00000, 0x0000000081d00000|100%|HS|  |TAMS 0x0000000081d00000, 0x0000000081c00000| Complete 
|  29|0x0000000081d00000, 0x0000000081e00000, 0x0000000081e00000|100%|HC|  |TAMS 0x0000000081e00000, 0x0000000081d00000| Complete 
|  30|0x0000000081e00000, 0x0000000081f00000, 0x0000000081f00000|100%|HC|  |TAMS 0x0000000081f00000, 0x0000000081e00000| Complete 
|  31|0x0000000081f00000, 0x0000000082000000, 0x0000000082000000|100%|HC|  |TAMS 0x0000000082000000, 0x0000000081f00000| Complete 
|  32|0x0000000082000000, 0x0000000082100000, 0x0000000082100000|100%|HC|  |TAMS 0x0000000082100000, 0x0000000082000000| Complete 
|  33|0x0000000082100000, 0x0000000082200000, 0x0000000082200000|100%|HS|  |TAMS 0x0000000082200000, 0x0000000082100000| Complete 
|  34|0x0000000082200000, 0x0000000082300000, 0x0000000082300000|100%|HC|  |TAMS 0x0000000082300000, 0x0000000082200000| Complete 
|  35|0x0000000082300000, 0x0000000082400000, 0x0000000082400000|100%|HC|  |TAMS 0x0000000082400000, 0x0000000082300000| Complete 
|  36|0x0000000082400000, 0x0000000082500000, 0x0000000082500000|100%| O|  |TAMS 0x0000000082400000, 0x0000000082400000| Untracked 
|  37|0x0000000082500000, 0x0000000082600000, 0x0000000082600000|100%| O|  |TAMS 0x0000000082574e00, 0x0000000082500000| Untracked 
|  38|0x0000000082600000, 0x0000000082700000, 0x0000000082700000|100%| O|  |TAMS 0x0000000082600000, 0x0000000082600000| Untracked 
|  39|0x0000000082700000, 0x0000000082800000, 0x0000000082800000|100%| O|  |TAMS 0x0000000082700000, 0x0000000082700000| Untracked 
|  40|0x0000000082800000, 0x0000000082900000, 0x0000000082900000|100%| O|  |TAMS 0x0000000082800000, 0x0000000082800000| Untracked 
|  41|0x0000000082900000, 0x0000000082a00000, 0x0000000082a00000|100%|HS|  |TAMS 0x0000000082900000, 0x0000000082900000| Complete 
|  42|0x0000000082a00000, 0x0000000082b00000, 0x0000000082b00000|100%|HS|  |TAMS 0x0000000082a00000, 0x0000000082a00000| Complete 
|  43|0x0000000082b00000, 0x0000000082c00000, 0x0000000082c00000|100%|HS|  |TAMS 0x0000000082b00000, 0x0000000082b00000| Complete 
|  44|0x0000000082c00000, 0x0000000082d00000, 0x0000000082d00000|100%| O|  |TAMS 0x0000000082c00000, 0x0000000082c00000| Untracked 
|  45|0x0000000082d00000, 0x0000000082e00000, 0x0000000082e00000|100%| O|  |TAMS 0x0000000082d00000, 0x0000000082d00000| Untracked 
|  46|0x0000000082e00000, 0x0000000082f00000, 0x0000000082f00000|100%| O|  |TAMS 0x0000000082e00000, 0x0000000082e00000| Untracked 
|  47|0x0000000082f00000, 0x0000000083000000, 0x0000000083000000|100%| O|  |TAMS 0x0000000082f00000, 0x0000000082f00000| Untracked 
|  48|0x0000000083000000, 0x0000000083100000, 0x0000000083100000|100%| O|  |TAMS 0x0000000083000000, 0x0000000083000000| Untracked 
|  49|0x0000000083100000, 0x0000000083200000, 0x0000000083200000|100%| O|  |TAMS 0x0000000083100000, 0x0000000083100000| Untracked 
|  50|0x0000000083200000, 0x0000000083300000, 0x0000000083300000|100%| O|  |TAMS 0x0000000083200000, 0x0000000083200000| Untracked 
|  51|0x0000000083300000, 0x0000000083400000, 0x0000000083400000|100%| O|  |TAMS 0x0000000083300000, 0x0000000083300000| Untracked 
|  52|0x0000000083400000, 0x0000000083500000, 0x0000000083500000|100%| O|  |TAMS 0x0000000083400000, 0x0000000083400000| Untracked 
|  53|0x0000000083500000, 0x0000000083600000, 0x0000000083600000|100%| O|  |TAMS 0x0000000083500000, 0x0000000083500000| Untracked 
|  54|0x0000000083600000, 0x0000000083700000, 0x0000000083700000|100%| O|  |TAMS 0x0000000083600000, 0x0000000083600000| Untracked 
|  55|0x0000000083700000, 0x0000000083800000, 0x0000000083800000|100%| O|  |TAMS 0x0000000083700000, 0x0000000083700000| Untracked 
|  56|0x0000000083800000, 0x0000000083900000, 0x0000000083900000|100%| O|  |TAMS 0x0000000083800000, 0x0000000083800000| Untracked 
|  57|0x0000000083900000, 0x0000000083900000, 0x0000000083a00000|  0%| F|  |TAMS 0x0000000083900000, 0x0000000083900000| Untracked 
|  58|0x0000000083a00000, 0x0000000083a00000, 0x0000000083b00000|  0%| F|  |TAMS 0x0000000083a00000, 0x0000000083a00000| Untracked 
|  59|0x0000000083b00000, 0x0000000083b00000, 0x0000000083c00000|  0%| F|  |TAMS 0x0000000083b00000, 0x0000000083b00000| Untracked 
|  60|0x0000000083c00000, 0x0000000083d00000, 0x0000000083d00000|100%|HS|  |TAMS 0x0000000083c00000, 0x0000000083c00000| Complete 
|  61|0x0000000083d00000, 0x0000000083e00000, 0x0000000083e00000|100%|HC|  |TAMS 0x0000000083d00000, 0x0000000083d00000| Complete 
|  62|0x0000000083e00000, 0x0000000083f00000, 0x0000000083f00000|100%|HC|  |TAMS 0x0000000083e00000, 0x0000000083e00000| Complete 
|  63|0x0000000083f00000, 0x0000000084000000, 0x0000000084000000|100%|HS|  |TAMS 0x0000000083f00000, 0x0000000083f00000| Complete 
|  64|0x0000000084000000, 0x0000000084100000, 0x0000000084100000|100%|HC|  |TAMS 0x0000000084000000, 0x0000000084000000| Complete 
|  65|0x0000000084100000, 0x0000000084100000, 0x0000000084200000|  0%| F|  |TAMS 0x0000000084100000, 0x0000000084100000| Untracked 
|  66|0x0000000084200000, 0x0000000084200000, 0x0000000084300000|  0%| F|  |TAMS 0x0000000084200000, 0x0000000084200000| Untracked 
|  67|0x0000000084300000, 0x0000000084300000, 0x0000000084400000|  0%| F|  |TAMS 0x0000000084300000, 0x0000000084300000| Untracked 
|  68|0x0000000084400000, 0x0000000084400000, 0x0000000084500000|  0%| F|  |TAMS 0x0000000084400000, 0x0000000084400000| Untracked 
|  69|0x0000000084500000, 0x0000000084500000, 0x0000000084600000|  0%| F|  |TAMS 0x0000000084500000, 0x0000000084500000| Untracked 
|  70|0x0000000084600000, 0x0000000084600000, 0x0000000084700000|  0%| F|  |TAMS 0x0000000084600000, 0x0000000084600000| Untracked 
|  71|0x0000000084700000, 0x0000000084700000, 0x0000000084800000|  0%| F|  |TAMS 0x0000000084700000, 0x0000000084700000| Untracked 
|  72|0x0000000084800000, 0x0000000084800000, 0x0000000084900000|  0%| F|  |TAMS 0x0000000084800000, 0x0000000084800000| Untracked 
|  73|0x0000000084900000, 0x0000000084900000, 0x0000000084a00000|  0%| F|  |TAMS 0x0000000084900000, 0x0000000084900000| Untracked 
|  74|0x0000000084a00000, 0x0000000084a00000, 0x0000000084b00000|  0%| F|  |TAMS 0x0000000084a00000, 0x0000000084a00000| Untracked 
|  75|0x0000000084b00000, 0x0000000084b00000, 0x0000000084c00000|  0%| F|  |TAMS 0x0000000084b00000, 0x0000000084b00000| Untracked 
|  76|0x0000000084c00000, 0x0000000084c00000, 0x0000000084d00000|  0%| F|  |TAMS 0x0000000084c00000, 0x0000000084c00000| Untracked 
|  77|0x0000000084d00000, 0x0000000084d00000, 0x0000000084e00000|  0%| F|  |TAMS 0x0000000084d00000, 0x0000000084d00000| Untracked 
|  78|0x0000000084e00000, 0x0000000084e00000, 0x0000000084f00000|  0%| F|  |TAMS 0x0000000084e00000, 0x0000000084e00000| Untracked 
|  79|0x0000000084f00000, 0x0000000084f00000, 0x0000000085000000|  0%| F|  |TAMS 0x0000000084f00000, 0x0000000084f00000| Untracked 
|  80|0x0000000085000000, 0x0000000085000000, 0x0000000085100000|  0%| F|  |TAMS 0x0000000085000000, 0x0000000085000000| Untracked 
|  81|0x0000000085100000, 0x0000000085100000, 0x0000000085200000|  0%| F|  |TAMS 0x0000000085100000, 0x0000000085100000| Untracked 
|  82|0x0000000085200000, 0x0000000085200000, 0x0000000085300000|  0%| F|  |TAMS 0x0000000085200000, 0x0000000085200000| Untracked 
|  83|0x0000000085300000, 0x0000000085300000, 0x0000000085400000|  0%| F|  |TAMS 0x0000000085300000, 0x0000000085300000| Untracked 
|  84|0x0000000085400000, 0x0000000085400000, 0x0000000085500000|  0%| F|  |TAMS 0x0000000085400000, 0x0000000085400000| Untracked 
|  85|0x0000000085500000, 0x0000000085500000, 0x0000000085600000|  0%| F|  |TAMS 0x0000000085500000, 0x0000000085500000| Untracked 
|  86|0x0000000085600000, 0x0000000085600000, 0x0000000085700000|  0%| F|  |TAMS 0x0000000085600000, 0x0000000085600000| Untracked 
|  87|0x0000000085700000, 0x0000000085700000, 0x0000000085800000|  0%| F|  |TAMS 0x0000000085700000, 0x0000000085700000| Untracked 
|  88|0x0000000085800000, 0x0000000085800000, 0x0000000085900000|  0%| F|  |TAMS 0x0000000085800000, 0x0000000085800000| Untracked 
|  89|0x0000000085900000, 0x0000000085900000, 0x0000000085a00000|  0%| F|  |TAMS 0x0000000085900000, 0x0000000085900000| Untracked 
|  90|0x0000000085a00000, 0x0000000085a00000, 0x0000000085b00000|  0%| F|  |TAMS 0x0000000085a00000, 0x0000000085a00000| Untracked 
|  91|0x0000000085b00000, 0x0000000085b00000, 0x0000000085c00000|  0%| F|  |TAMS 0x0000000085b00000, 0x0000000085b00000| Untracked 
|  92|0x0000000085c00000, 0x0000000085c00000, 0x0000000085d00000|  0%| F|  |TAMS 0x0000000085c00000, 0x0000000085c00000| Untracked 
|  93|0x0000000085d00000, 0x0000000085d00000, 0x0000000085e00000|  0%| F|  |TAMS 0x0000000085d00000, 0x0000000085d00000| Untracked 
|  94|0x0000000085e00000, 0x0000000085e00000, 0x0000000085f00000|  0%| F|  |TAMS 0x0000000085e00000, 0x0000000085e00000| Untracked 
|  95|0x0000000085f00000, 0x0000000085f00000, 0x0000000086000000|  0%| F|  |TAMS 0x0000000085f00000, 0x0000000085f00000| Untracked 
|  96|0x0000000086000000, 0x0000000086000000, 0x0000000086100000|  0%| F|  |TAMS 0x0000000086000000, 0x0000000086000000| Untracked 
|  97|0x0000000086100000, 0x0000000086100000, 0x0000000086200000|  0%| F|  |TAMS 0x0000000086100000, 0x0000000086100000| Untracked 
|  98|0x0000000086200000, 0x0000000086200000, 0x0000000086300000|  0%| F|  |TAMS 0x0000000086200000, 0x0000000086200000| Untracked 
|  99|0x0000000086300000, 0x0000000086300000, 0x0000000086400000|  0%| F|  |TAMS 0x0000000086300000, 0x0000000086300000| Untracked 
| 100|0x0000000086400000, 0x0000000086400000, 0x0000000086500000|  0%| F|  |TAMS 0x0000000086400000, 0x0000000086400000| Untracked 
| 101|0x0000000086500000, 0x0000000086500000, 0x0000000086600000|  0%| F|  |TAMS 0x0000000086500000, 0x0000000086500000| Untracked 
| 102|0x0000000086600000, 0x0000000086600000, 0x0000000086700000|  0%| F|  |TAMS 0x0000000086600000, 0x0000000086600000| Untracked 
| 103|0x0000000086700000, 0x0000000086700000, 0x0000000086800000|  0%| F|  |TAMS 0x0000000086700000, 0x0000000086700000| Untracked 
| 104|0x0000000086800000, 0x0000000086800000, 0x0000000086900000|  0%| F|  |TAMS 0x0000000086800000, 0x0000000086800000| Untracked 
| 105|0x0000000086900000, 0x0000000086900000, 0x0000000086a00000|  0%| F|  |TAMS 0x0000000086900000, 0x0000000086900000| Untracked 
| 106|0x0000000086a00000, 0x0000000086a00000, 0x0000000086b00000|  0%| F|  |TAMS 0x0000000086a00000, 0x0000000086a00000| Untracked 
| 107|0x0000000086b00000, 0x0000000086b00000, 0x0000000086c00000|  0%| F|  |TAMS 0x0000000086b00000, 0x0000000086b00000| Untracked 
| 108|0x0000000086c00000, 0x0000000086c00000, 0x0000000086d00000|  0%| F|  |TAMS 0x0000000086c00000, 0x0000000086c00000| Untracked 
| 109|0x0000000086d00000, 0x0000000086d00000, 0x0000000086e00000|  0%| F|  |TAMS 0x0000000086d00000, 0x0000000086d00000| Untracked 
| 110|0x0000000086e00000, 0x0000000086e00000, 0x0000000086f00000|  0%| F|  |TAMS 0x0000000086e00000, 0x0000000086e00000| Untracked 
| 111|0x0000000086f00000, 0x0000000086f00000, 0x0000000087000000|  0%| F|  |TAMS 0x0000000086f00000, 0x0000000086f00000| Untracked 
| 112|0x0000000087000000, 0x0000000087000000, 0x0000000087100000|  0%| F|  |TAMS 0x0000000087000000, 0x0000000087000000| Untracked 
| 113|0x0000000087100000, 0x0000000087100000, 0x0000000087200000|  0%| F|  |TAMS 0x0000000087100000, 0x0000000087100000| Untracked 
| 114|0x0000000087200000, 0x0000000087200000, 0x0000000087300000|  0%| F|  |TAMS 0x0000000087200000, 0x0000000087200000| Untracked 
| 115|0x0000000087300000, 0x0000000087300000, 0x0000000087400000|  0%| F|  |TAMS 0x0000000087300000, 0x0000000087300000| Untracked 
| 116|0x0000000087400000, 0x0000000087400000, 0x0000000087500000|  0%| F|  |TAMS 0x0000000087400000, 0x0000000087400000| Untracked 
| 117|0x0000000087500000, 0x0000000087500000, 0x0000000087600000|  0%| F|  |TAMS 0x0000000087500000, 0x0000000087500000| Untracked 
| 118|0x0000000087600000, 0x0000000087600000, 0x0000000087700000|  0%| F|  |TAMS 0x0000000087600000, 0x0000000087600000| Untracked 
| 119|0x0000000087700000, 0x0000000087700000, 0x0000000087800000|  0%| F|  |TAMS 0x0000000087700000, 0x0000000087700000| Untracked 
| 120|0x0000000087800000, 0x0000000087800000, 0x0000000087900000|  0%| F|  |TAMS 0x0000000087800000, 0x0000000087800000| Untracked 
| 121|0x0000000087900000, 0x0000000087900000, 0x0000000087a00000|  0%| F|  |TAMS 0x0000000087900000, 0x0000000087900000| Untracked 
| 122|0x0000000087a00000, 0x0000000087a00000, 0x0000000087b00000|  0%| F|  |TAMS 0x0000000087a00000, 0x0000000087a00000| Untracked 
| 123|0x0000000087b00000, 0x0000000087b00000, 0x0000000087c00000|  0%| F|  |TAMS 0x0000000087b00000, 0x0000000087b00000| Untracked 
| 124|0x0000000087c00000, 0x0000000087c00000, 0x0000000087d00000|  0%| F|  |TAMS 0x0000000087c00000, 0x0000000087c00000| Untracked 
| 125|0x0000000087d00000, 0x0000000087d00000, 0x0000000087e00000|  0%| F|  |TAMS 0x0000000087d00000, 0x0000000087d00000| Untracked 
| 126|0x0000000087e00000, 0x0000000087e00000, 0x0000000087f00000|  0%| F|  |TAMS 0x0000000087e00000, 0x0000000087e00000| Untracked 
| 127|0x0000000087f00000, 0x0000000087f00000, 0x0000000088000000|  0%| F|  |TAMS 0x0000000087f00000, 0x0000000087f00000| Untracked 
| 128|0x0000000088000000, 0x0000000088000000, 0x0000000088100000|  0%| F|  |TAMS 0x0000000088000000, 0x0000000088000000| Untracked 
| 129|0x0000000088100000, 0x0000000088100000, 0x0000000088200000|  0%| F|  |TAMS 0x0000000088100000, 0x0000000088100000| Untracked 
| 130|0x0000000088200000, 0x0000000088200000, 0x0000000088300000|  0%| F|  |TAMS 0x0000000088200000, 0x0000000088200000| Untracked 
| 131|0x0000000088300000, 0x0000000088300000, 0x0000000088400000|  0%| F|  |TAMS 0x0000000088300000, 0x0000000088300000| Untracked 
| 132|0x0000000088400000, 0x0000000088400000, 0x0000000088500000|  0%| F|  |TAMS 0x0000000088400000, 0x0000000088400000| Untracked 
| 133|0x0000000088500000, 0x0000000088500000, 0x0000000088600000|  0%| F|  |TAMS 0x0000000088500000, 0x0000000088500000| Untracked 
| 134|0x0000000088600000, 0x0000000088600000, 0x0000000088700000|  0%| F|  |TAMS 0x0000000088600000, 0x0000000088600000| Untracked 
| 135|0x0000000088700000, 0x000000008876a990, 0x0000000088800000| 41%| S|CS|TAMS 0x0000000088700000, 0x0000000088700000| Complete 
| 136|0x0000000088800000, 0x0000000088900000, 0x0000000088900000|100%| S|CS|TAMS 0x0000000088800000, 0x0000000088800000| Complete 
| 137|0x0000000088900000, 0x0000000088a00000, 0x0000000088a00000|100%| S|CS|TAMS 0x0000000088900000, 0x0000000088900000| Complete 
| 138|0x0000000088a00000, 0x0000000088b00000, 0x0000000088b00000|100%| S|CS|TAMS 0x0000000088a00000, 0x0000000088a00000| Complete 
| 139|0x0000000088b00000, 0x0000000088c00000, 0x0000000088c00000|100%| S|CS|TAMS 0x0000000088b00000, 0x0000000088b00000| Complete 
| 140|0x0000000088c00000, 0x0000000088d00000, 0x0000000088d00000|100%| S|CS|TAMS 0x0000000088c00000, 0x0000000088c00000| Complete 
| 141|0x0000000088d00000, 0x0000000088e00000, 0x0000000088e00000|100%| S|CS|TAMS 0x0000000088d00000, 0x0000000088d00000| Complete 
| 142|0x0000000088e00000, 0x0000000088f00000, 0x0000000088f00000|100%| S|CS|TAMS 0x0000000088e00000, 0x0000000088e00000| Complete 
| 143|0x0000000088f00000, 0x0000000089000000, 0x0000000089000000|100%| S|CS|TAMS 0x0000000088f00000, 0x0000000088f00000| Complete 
| 144|0x0000000089000000, 0x0000000089000000, 0x0000000089100000|  0%| F|  |TAMS 0x0000000089000000, 0x0000000089000000| Untracked 
| 145|0x0000000089100000, 0x0000000089100000, 0x0000000089200000|  0%| F|  |TAMS 0x0000000089100000, 0x0000000089100000| Untracked 
| 146|0x0000000089200000, 0x0000000089200000, 0x0000000089300000|  0%| F|  |TAMS 0x0000000089200000, 0x0000000089200000| Untracked 
| 147|0x0000000089300000, 0x0000000089300000, 0x0000000089400000|  0%| F|  |TAMS 0x0000000089300000, 0x0000000089300000| Untracked 
| 148|0x0000000089400000, 0x0000000089400000, 0x0000000089500000|  0%| F|  |TAMS 0x0000000089400000, 0x0000000089400000| Untracked 
| 149|0x0000000089500000, 0x0000000089500000, 0x0000000089600000|  0%| F|  |TAMS 0x0000000089500000, 0x0000000089500000| Untracked 
| 150|0x0000000089600000, 0x0000000089600000, 0x0000000089700000|  0%| F|  |TAMS 0x0000000089600000, 0x0000000089600000| Untracked 
| 151|0x0000000089700000, 0x0000000089700000, 0x0000000089800000|  0%| F|  |TAMS 0x0000000089700000, 0x0000000089700000| Untracked 
| 152|0x0000000089800000, 0x0000000089800000, 0x0000000089900000|  0%| F|  |TAMS 0x0000000089800000, 0x0000000089800000| Untracked 
| 153|0x0000000089900000, 0x0000000089900000, 0x0000000089a00000|  0%| F|  |TAMS 0x0000000089900000, 0x0000000089900000| Untracked 
| 154|0x0000000089a00000, 0x0000000089b00000, 0x0000000089b00000|100%| S|CS|TAMS 0x0000000089a00000, 0x0000000089a00000| Complete 
| 155|0x0000000089b00000, 0x0000000089c00000, 0x0000000089c00000|100%| S|CS|TAMS 0x0000000089b00000, 0x0000000089b00000| Complete 
| 156|0x0000000089c00000, 0x0000000089d00000, 0x0000000089d00000|100%| S|CS|TAMS 0x0000000089c00000, 0x0000000089c00000| Complete 
| 157|0x0000000089d00000, 0x0000000089e00000, 0x0000000089e00000|100%| S|CS|TAMS 0x0000000089d00000, 0x0000000089d00000| Complete 
| 158|0x0000000089e00000, 0x0000000089f00000, 0x0000000089f00000|100%| S|CS|TAMS 0x0000000089e00000, 0x0000000089e00000| Complete 
| 159|0x0000000089f00000, 0x000000008a000000, 0x000000008a000000|100%| S|CS|TAMS 0x0000000089f00000, 0x0000000089f00000| Complete 
| 160|0x000000008a000000, 0x000000008a100000, 0x000000008a100000|100%| S|CS|TAMS 0x000000008a000000, 0x000000008a000000| Complete 
| 161|0x000000008a100000, 0x000000008a200000, 0x000000008a200000|100%| S|CS|TAMS 0x000000008a100000, 0x000000008a100000| Complete 
| 162|0x000000008a200000, 0x000000008a300000, 0x000000008a300000|100%| S|CS|TAMS 0x000000008a200000, 0x000000008a200000| Complete 
| 163|0x000000008a300000, 0x000000008a400000, 0x000000008a400000|100%| S|CS|TAMS 0x000000008a300000, 0x000000008a300000| Complete 
| 164|0x000000008a400000, 0x000000008a400000, 0x000000008a500000|  0%| F|  |TAMS 0x000000008a400000, 0x000000008a400000| Untracked 
| 165|0x000000008a500000, 0x000000008a500000, 0x000000008a600000|  0%| F|  |TAMS 0x000000008a500000, 0x000000008a500000| Untracked 
| 166|0x000000008a600000, 0x000000008a600000, 0x000000008a700000|  0%| F|  |TAMS 0x000000008a600000, 0x000000008a600000| Untracked 
| 167|0x000000008a700000, 0x000000008a700000, 0x000000008a800000|  0%| F|  |TAMS 0x000000008a700000, 0x000000008a700000| Untracked 
| 168|0x000000008a800000, 0x000000008a800000, 0x000000008a900000|  0%| F|  |TAMS 0x000000008a800000, 0x000000008a800000| Untracked 
| 169|0x000000008a900000, 0x000000008a900000, 0x000000008aa00000|  0%| F|  |TAMS 0x000000008a900000, 0x000000008a900000| Untracked 
| 170|0x000000008aa00000, 0x000000008aa00000, 0x000000008ab00000|  0%| F|  |TAMS 0x000000008aa00000, 0x000000008aa00000| Untracked 
| 171|0x000000008ab00000, 0x000000008ab00000, 0x000000008ac00000|  0%| F|  |TAMS 0x000000008ab00000, 0x000000008ab00000| Untracked 
| 172|0x000000008ac00000, 0x000000008ac00000, 0x000000008ad00000|  0%| F|  |TAMS 0x000000008ac00000, 0x000000008ac00000| Untracked 
| 173|0x000000008ad00000, 0x000000008ad00000, 0x000000008ae00000|  0%| F|  |TAMS 0x000000008ad00000, 0x000000008ad00000| Untracked 
| 174|0x000000008ae00000, 0x000000008ae00000, 0x000000008af00000|  0%| F|  |TAMS 0x000000008ae00000, 0x000000008ae00000| Untracked 
| 175|0x000000008af00000, 0x000000008af00000, 0x000000008b000000|  0%| F|  |TAMS 0x000000008af00000, 0x000000008af00000| Untracked 
| 176|0x000000008b000000, 0x000000008b000000, 0x000000008b100000|  0%| F|  |TAMS 0x000000008b000000, 0x000000008b000000| Untracked 
| 177|0x000000008b100000, 0x000000008b100000, 0x000000008b200000|  0%| F|  |TAMS 0x000000008b100000, 0x000000008b100000| Untracked 
| 178|0x000000008b200000, 0x000000008b200000, 0x000000008b300000|  0%| F|  |TAMS 0x000000008b200000, 0x000000008b200000| Untracked 
| 179|0x000000008b300000, 0x000000008b300000, 0x000000008b400000|  0%| F|  |TAMS 0x000000008b300000, 0x000000008b300000| Untracked 
| 180|0x000000008b400000, 0x000000008b400000, 0x000000008b500000|  0%| F|  |TAMS 0x000000008b400000, 0x000000008b400000| Untracked 
| 181|0x000000008b500000, 0x000000008b500000, 0x000000008b600000|  0%| F|  |TAMS 0x000000008b500000, 0x000000008b500000| Untracked 
| 182|0x000000008b600000, 0x000000008b600000, 0x000000008b700000|  0%| F|  |TAMS 0x000000008b600000, 0x000000008b600000| Untracked 
| 183|0x000000008b700000, 0x000000008b700000, 0x000000008b800000|  0%| F|  |TAMS 0x000000008b700000, 0x000000008b700000| Untracked 
| 184|0x000000008b800000, 0x000000008b800000, 0x000000008b900000|  0%| F|  |TAMS 0x000000008b800000, 0x000000008b800000| Untracked 
| 185|0x000000008b900000, 0x000000008b900000, 0x000000008ba00000|  0%| F|  |TAMS 0x000000008b900000, 0x000000008b900000| Untracked 
| 186|0x000000008ba00000, 0x000000008ba00000, 0x000000008bb00000|  0%| F|  |TAMS 0x000000008ba00000, 0x000000008ba00000| Untracked 
| 187|0x000000008bb00000, 0x000000008bb00000, 0x000000008bc00000|  0%| F|  |TAMS 0x000000008bb00000, 0x000000008bb00000| Untracked 
| 188|0x000000008bc00000, 0x000000008bc00000, 0x000000008bd00000|  0%| F|  |TAMS 0x000000008bc00000, 0x000000008bc00000| Untracked 
| 189|0x000000008bd00000, 0x000000008bd00000, 0x000000008be00000|  0%| F|  |TAMS 0x000000008bd00000, 0x000000008bd00000| Untracked 
| 190|0x000000008be00000, 0x000000008be00000, 0x000000008bf00000|  0%| F|  |TAMS 0x000000008be00000, 0x000000008be00000| Untracked 
| 191|0x000000008bf00000, 0x000000008bf00000, 0x000000008c000000|  0%| F|  |TAMS 0x000000008bf00000, 0x000000008bf00000| Untracked 
| 192|0x000000008c000000, 0x000000008c000000, 0x000000008c100000|  0%| F|  |TAMS 0x000000008c000000, 0x000000008c000000| Untracked 
| 193|0x000000008c100000, 0x000000008c100000, 0x000000008c200000|  0%| F|  |TAMS 0x000000008c100000, 0x000000008c100000| Untracked 
| 194|0x000000008c200000, 0x000000008c200000, 0x000000008c300000|  0%| F|  |TAMS 0x000000008c200000, 0x000000008c200000| Untracked 
| 195|0x000000008c300000, 0x000000008c300000, 0x000000008c400000|  0%| F|  |TAMS 0x000000008c300000, 0x000000008c300000| Untracked 
| 196|0x000000008c400000, 0x000000008c400000, 0x000000008c500000|  0%| F|  |TAMS 0x000000008c400000, 0x000000008c400000| Untracked 
| 197|0x000000008c500000, 0x000000008c500000, 0x000000008c600000|  0%| F|  |TAMS 0x000000008c500000, 0x000000008c500000| Untracked 
| 198|0x000000008c600000, 0x000000008c600000, 0x000000008c700000|  0%| F|  |TAMS 0x000000008c600000, 0x000000008c600000| Untracked 
| 199|0x000000008c700000, 0x000000008c700000, 0x000000008c800000|  0%| F|  |TAMS 0x000000008c700000, 0x000000008c700000| Untracked 
| 200|0x000000008c800000, 0x000000008c800000, 0x000000008c900000|  0%| F|  |TAMS 0x000000008c800000, 0x000000008c800000| Untracked 
| 201|0x000000008c900000, 0x000000008c900000, 0x000000008ca00000|  0%| F|  |TAMS 0x000000008c900000, 0x000000008c900000| Untracked 
| 202|0x000000008ca00000, 0x000000008ca00000, 0x000000008cb00000|  0%| F|  |TAMS 0x000000008ca00000, 0x000000008ca00000| Untracked 
| 203|0x000000008cb00000, 0x000000008cb00000, 0x000000008cc00000|  0%| F|  |TAMS 0x000000008cb00000, 0x000000008cb00000| Untracked 
| 204|0x000000008cc00000, 0x000000008cc00000, 0x000000008cd00000|  0%| F|  |TAMS 0x000000008cc00000, 0x000000008cc00000| Untracked 
| 205|0x000000008cd00000, 0x000000008cd00000, 0x000000008ce00000|  0%| F|  |TAMS 0x000000008cd00000, 0x000000008cd00000| Untracked 
| 206|0x000000008ce00000, 0x000000008ce00000, 0x000000008cf00000|  0%| F|  |TAMS 0x000000008ce00000, 0x000000008ce00000| Untracked 
| 207|0x000000008cf00000, 0x000000008cf00000, 0x000000008d000000|  0%| F|  |TAMS 0x000000008cf00000, 0x000000008cf00000| Untracked 
| 208|0x000000008d000000, 0x000000008d000000, 0x000000008d100000|  0%| F|  |TAMS 0x000000008d000000, 0x000000008d000000| Untracked 
| 209|0x000000008d100000, 0x000000008d100000, 0x000000008d200000|  0%| F|  |TAMS 0x000000008d100000, 0x000000008d100000| Untracked 
| 210|0x000000008d200000, 0x000000008d200000, 0x000000008d300000|  0%| F|  |TAMS 0x000000008d200000, 0x000000008d200000| Untracked 
| 211|0x000000008d300000, 0x000000008d300000, 0x000000008d400000|  0%| F|  |TAMS 0x000000008d300000, 0x000000008d300000| Untracked 
| 212|0x000000008d400000, 0x000000008d400000, 0x000000008d500000|  0%| F|  |TAMS 0x000000008d400000, 0x000000008d400000| Untracked 
| 213|0x000000008d500000, 0x000000008d500000, 0x000000008d600000|  0%| F|  |TAMS 0x000000008d500000, 0x000000008d500000| Untracked 
| 214|0x000000008d600000, 0x000000008d600000, 0x000000008d700000|  0%| F|  |TAMS 0x000000008d600000, 0x000000008d600000| Untracked 
| 215|0x000000008d700000, 0x000000008d700000, 0x000000008d800000|  0%| F|  |TAMS 0x000000008d700000, 0x000000008d700000| Untracked 
| 216|0x000000008d800000, 0x000000008d800000, 0x000000008d900000|  0%| F|  |TAMS 0x000000008d800000, 0x000000008d800000| Untracked 
| 217|0x000000008d900000, 0x000000008d900000, 0x000000008da00000|  0%| F|  |TAMS 0x000000008d900000, 0x000000008d900000| Untracked 
| 218|0x000000008da00000, 0x000000008da00000, 0x000000008db00000|  0%| F|  |TAMS 0x000000008da00000, 0x000000008da00000| Untracked 
| 219|0x000000008db00000, 0x000000008db00000, 0x000000008dc00000|  0%| F|  |TAMS 0x000000008db00000, 0x000000008db00000| Untracked 
| 220|0x000000008dc00000, 0x000000008dc00000, 0x000000008dd00000|  0%| F|  |TAMS 0x000000008dc00000, 0x000000008dc00000| Untracked 
| 221|0x000000008dd00000, 0x000000008dd00000, 0x000000008de00000|  0%| F|  |TAMS 0x000000008dd00000, 0x000000008dd00000| Untracked 
| 222|0x000000008de00000, 0x000000008de807a8, 0x000000008df00000| 50%| E|  |TAMS 0x000000008de00000, 0x000000008de00000| Complete 
| 223|0x000000008df00000, 0x000000008e000000, 0x000000008e000000|100%| E|CS|TAMS 0x000000008df00000, 0x000000008df00000| Complete 
| 224|0x000000008e000000, 0x000000008e100000, 0x000000008e100000|100%| E|CS|TAMS 0x000000008e000000, 0x000000008e000000| Complete 
| 225|0x000000008e100000, 0x000000008e200000, 0x000000008e200000|100%| E|CS|TAMS 0x000000008e100000, 0x000000008e100000| Complete 
| 226|0x000000008e200000, 0x000000008e300000, 0x000000008e300000|100%| E|CS|TAMS 0x000000008e200000, 0x000000008e200000| Complete 
| 227|0x000000008e300000, 0x000000008e400000, 0x000000008e400000|100%| E|CS|TAMS 0x000000008e300000, 0x000000008e300000| Complete 
| 228|0x000000008e400000, 0x000000008e500000, 0x000000008e500000|100%| E|CS|TAMS 0x000000008e400000, 0x000000008e400000| Complete 
| 229|0x000000008e500000, 0x000000008e600000, 0x000000008e600000|100%| E|CS|TAMS 0x000000008e500000, 0x000000008e500000| Complete 
| 230|0x000000008e600000, 0x000000008e700000, 0x000000008e700000|100%| E|CS|TAMS 0x000000008e600000, 0x000000008e600000| Complete 
| 231|0x000000008e700000, 0x000000008e800000, 0x000000008e800000|100%| E|CS|TAMS 0x000000008e700000, 0x000000008e700000| Complete 
| 232|0x000000008e800000, 0x000000008e900000, 0x000000008e900000|100%| E|CS|TAMS 0x000000008e800000, 0x000000008e800000| Complete 
| 233|0x000000008e900000, 0x000000008ea00000, 0x000000008ea00000|100%| E|CS|TAMS 0x000000008e900000, 0x000000008e900000| Complete 
| 234|0x000000008ea00000, 0x000000008eb00000, 0x000000008eb00000|100%| E|CS|TAMS 0x000000008ea00000, 0x000000008ea00000| Complete 
| 235|0x000000008eb00000, 0x000000008ec00000, 0x000000008ec00000|100%| E|CS|TAMS 0x000000008eb00000, 0x000000008eb00000| Complete 
| 236|0x000000008ec00000, 0x000000008ed00000, 0x000000008ed00000|100%| E|CS|TAMS 0x000000008ec00000, 0x000000008ec00000| Complete 
| 237|0x000000008ed00000, 0x000000008ee00000, 0x000000008ee00000|100%| E|CS|TAMS 0x000000008ed00000, 0x000000008ed00000| Complete 
| 238|0x000000008ee00000, 0x000000008ef00000, 0x000000008ef00000|100%| E|CS|TAMS 0x000000008ee00000, 0x000000008ee00000| Complete 
| 239|0x000000008ef00000, 0x000000008f000000, 0x000000008f000000|100%| E|CS|TAMS 0x000000008ef00000, 0x000000008ef00000| Complete 
| 240|0x000000008f000000, 0x000000008f100000, 0x000000008f100000|100%| E|CS|TAMS 0x000000008f000000, 0x000000008f000000| Complete 
| 241|0x000000008f100000, 0x000000008f200000, 0x000000008f200000|100%| E|CS|TAMS 0x000000008f100000, 0x000000008f100000| Complete 
| 242|0x000000008f200000, 0x000000008f300000, 0x000000008f300000|100%| E|CS|TAMS 0x000000008f200000, 0x000000008f200000| Complete 
| 243|0x000000008f300000, 0x000000008f400000, 0x000000008f400000|100%| E|CS|TAMS 0x000000008f300000, 0x000000008f300000| Complete 
| 244|0x000000008f400000, 0x000000008f500000, 0x000000008f500000|100%| E|CS|TAMS 0x000000008f400000, 0x000000008f400000| Complete 
| 245|0x000000008f500000, 0x000000008f600000, 0x000000008f600000|100%| E|CS|TAMS 0x000000008f500000, 0x000000008f500000| Complete 
| 246|0x000000008f600000, 0x000000008f700000, 0x000000008f700000|100%| E|CS|TAMS 0x000000008f600000, 0x000000008f600000| Complete 
| 247|0x000000008f700000, 0x000000008f800000, 0x000000008f800000|100%| E|CS|TAMS 0x000000008f700000, 0x000000008f700000| Complete 
| 248|0x000000008f800000, 0x000000008f900000, 0x000000008f900000|100%| E|CS|TAMS 0x000000008f800000, 0x000000008f800000| Complete 
| 249|0x000000008f900000, 0x000000008fa00000, 0x000000008fa00000|100%| E|CS|TAMS 0x000000008f900000, 0x000000008f900000| Complete 
| 250|0x000000008fa00000, 0x000000008fb00000, 0x000000008fb00000|100%| E|CS|TAMS 0x000000008fa00000, 0x000000008fa00000| Complete 
| 251|0x000000008fb00000, 0x000000008fc00000, 0x000000008fc00000|100%| E|CS|TAMS 0x000000008fb00000, 0x000000008fb00000| Complete 
| 252|0x000000008fc00000, 0x000000008fd00000, 0x000000008fd00000|100%| E|CS|TAMS 0x000000008fc00000, 0x000000008fc00000| Complete 
| 253|0x000000008fd00000, 0x000000008fe00000, 0x000000008fe00000|100%| E|CS|TAMS 0x000000008fd00000, 0x000000008fd00000| Complete 
| 254|0x000000008fe00000, 0x000000008ff00000, 0x000000008ff00000|100%| E|CS|TAMS 0x000000008fe00000, 0x000000008fe00000| Complete 
| 255|0x000000008ff00000, 0x0000000090000000, 0x0000000090000000|100%| E|CS|TAMS 0x000000008ff00000, 0x000000008ff00000| Complete 
| 256|0x0000000090000000, 0x0000000090100000, 0x0000000090100000|100%| E|CS|TAMS 0x0000000090000000, 0x0000000090000000| Complete 
| 257|0x0000000090100000, 0x0000000090200000, 0x0000000090200000|100%| E|CS|TAMS 0x0000000090100000, 0x0000000090100000| Complete 
| 258|0x0000000090200000, 0x0000000090300000, 0x0000000090300000|100%| E|CS|TAMS 0x0000000090200000, 0x0000000090200000| Complete 
| 259|0x0000000090300000, 0x0000000090400000, 0x0000000090400000|100%| E|CS|TAMS 0x0000000090300000, 0x0000000090300000| Complete 
| 260|0x0000000090400000, 0x0000000090500000, 0x0000000090500000|100%| E|CS|TAMS 0x0000000090400000, 0x0000000090400000| Complete 
| 261|0x0000000090500000, 0x0000000090600000, 0x0000000090600000|100%| E|CS|TAMS 0x0000000090500000, 0x0000000090500000| Complete 
| 262|0x0000000090600000, 0x0000000090700000, 0x0000000090700000|100%| E|CS|TAMS 0x0000000090600000, 0x0000000090600000| Complete 
| 263|0x0000000090700000, 0x0000000090800000, 0x0000000090800000|100%| E|CS|TAMS 0x0000000090700000, 0x0000000090700000| Complete 
| 264|0x0000000090800000, 0x0000000090900000, 0x0000000090900000|100%| E|CS|TAMS 0x0000000090800000, 0x0000000090800000| Complete 
| 265|0x0000000090900000, 0x0000000090a00000, 0x0000000090a00000|100%| E|CS|TAMS 0x0000000090900000, 0x0000000090900000| Complete 
| 266|0x0000000090a00000, 0x0000000090b00000, 0x0000000090b00000|100%| E|CS|TAMS 0x0000000090a00000, 0x0000000090a00000| Complete 
| 267|0x0000000090b00000, 0x0000000090c00000, 0x0000000090c00000|100%| E|CS|TAMS 0x0000000090b00000, 0x0000000090b00000| Complete 
| 268|0x0000000090c00000, 0x0000000090d00000, 0x0000000090d00000|100%| E|CS|TAMS 0x0000000090c00000, 0x0000000090c00000| Complete 
| 269|0x0000000090d00000, 0x0000000090e00000, 0x0000000090e00000|100%| E|CS|TAMS 0x0000000090d00000, 0x0000000090d00000| Complete 
| 270|0x0000000090e00000, 0x0000000090f00000, 0x0000000090f00000|100%| E|CS|TAMS 0x0000000090e00000, 0x0000000090e00000| Complete 
| 271|0x0000000090f00000, 0x0000000091000000, 0x0000000091000000|100%| E|CS|TAMS 0x0000000090f00000, 0x0000000090f00000| Complete 
| 272|0x0000000091000000, 0x0000000091100000, 0x0000000091100000|100%| E|CS|TAMS 0x0000000091000000, 0x0000000091000000| Complete 
| 273|0x0000000091100000, 0x0000000091200000, 0x0000000091200000|100%| E|CS|TAMS 0x0000000091100000, 0x0000000091100000| Complete 
| 274|0x0000000091200000, 0x0000000091300000, 0x0000000091300000|100%| E|CS|TAMS 0x0000000091200000, 0x0000000091200000| Complete 
| 275|0x0000000091300000, 0x0000000091400000, 0x0000000091400000|100%| E|CS|TAMS 0x0000000091300000, 0x0000000091300000| Complete 
| 276|0x0000000091400000, 0x0000000091500000, 0x0000000091500000|100%| E|CS|TAMS 0x0000000091400000, 0x0000000091400000| Complete 
| 277|0x0000000091500000, 0x0000000091600000, 0x0000000091600000|100%| E|CS|TAMS 0x0000000091500000, 0x0000000091500000| Complete 
| 278|0x0000000091600000, 0x0000000091700000, 0x0000000091700000|100%| E|CS|TAMS 0x0000000091600000, 0x0000000091600000| Complete 
| 279|0x0000000091700000, 0x0000000091800000, 0x0000000091800000|100%| E|CS|TAMS 0x0000000091700000, 0x0000000091700000| Complete 
| 280|0x0000000091800000, 0x0000000091900000, 0x0000000091900000|100%| E|CS|TAMS 0x0000000091800000, 0x0000000091800000| Complete 
| 281|0x0000000091900000, 0x0000000091a00000, 0x0000000091a00000|100%| E|CS|TAMS 0x0000000091900000, 0x0000000091900000| Complete 
| 282|0x0000000091a00000, 0x0000000091b00000, 0x0000000091b00000|100%| E|CS|TAMS 0x0000000091a00000, 0x0000000091a00000| Complete 
| 283|0x0000000091b00000, 0x0000000091c00000, 0x0000000091c00000|100%| E|CS|TAMS 0x0000000091b00000, 0x0000000091b00000| Complete 
| 284|0x0000000091c00000, 0x0000000091d00000, 0x0000000091d00000|100%| E|CS|TAMS 0x0000000091c00000, 0x0000000091c00000| Complete 
| 285|0x0000000091d00000, 0x0000000091e00000, 0x0000000091e00000|100%| E|CS|TAMS 0x0000000091d00000, 0x0000000091d00000| Complete 
| 286|0x0000000091e00000, 0x0000000091f00000, 0x0000000091f00000|100%| E|CS|TAMS 0x0000000091e00000, 0x0000000091e00000| Complete 
| 287|0x0000000091f00000, 0x0000000092000000, 0x0000000092000000|100%| E|CS|TAMS 0x0000000091f00000, 0x0000000091f00000| Complete 
| 288|0x0000000092000000, 0x0000000092100000, 0x0000000092100000|100%| E|CS|TAMS 0x0000000092000000, 0x0000000092000000| Complete 
| 289|0x0000000092100000, 0x0000000092200000, 0x0000000092200000|100%| E|CS|TAMS 0x0000000092100000, 0x0000000092100000| Complete 
| 290|0x0000000092200000, 0x0000000092300000, 0x0000000092300000|100%| E|CS|TAMS 0x0000000092200000, 0x0000000092200000| Complete 
| 291|0x0000000092300000, 0x0000000092400000, 0x0000000092400000|100%| E|CS|TAMS 0x0000000092300000, 0x0000000092300000| Complete 
| 292|0x0000000092400000, 0x0000000092500000, 0x0000000092500000|100%| E|CS|TAMS 0x0000000092400000, 0x0000000092400000| Complete 
| 293|0x0000000092500000, 0x0000000092600000, 0x0000000092600000|100%| E|CS|TAMS 0x0000000092500000, 0x0000000092500000| Complete 
| 294|0x0000000092600000, 0x0000000092700000, 0x0000000092700000|100%| E|CS|TAMS 0x0000000092600000, 0x0000000092600000| Complete 
| 295|0x0000000092700000, 0x0000000092800000, 0x0000000092800000|100%| E|CS|TAMS 0x0000000092700000, 0x0000000092700000| Complete 
| 296|0x0000000092800000, 0x0000000092900000, 0x0000000092900000|100%| E|CS|TAMS 0x0000000092800000, 0x0000000092800000| Complete 
| 297|0x0000000092900000, 0x0000000092a00000, 0x0000000092a00000|100%| E|CS|TAMS 0x0000000092900000, 0x0000000092900000| Complete 
| 298|0x0000000092a00000, 0x0000000092b00000, 0x0000000092b00000|100%| E|CS|TAMS 0x0000000092a00000, 0x0000000092a00000| Complete 
| 299|0x0000000092b00000, 0x0000000092c00000, 0x0000000092c00000|100%| E|CS|TAMS 0x0000000092b00000, 0x0000000092b00000| Complete 
| 300|0x0000000092c00000, 0x0000000092d00000, 0x0000000092d00000|100%| E|CS|TAMS 0x0000000092c00000, 0x0000000092c00000| Complete 
| 301|0x0000000092d00000, 0x0000000092e00000, 0x0000000092e00000|100%| E|CS|TAMS 0x0000000092d00000, 0x0000000092d00000| Complete 
| 302|0x0000000092e00000, 0x0000000092f00000, 0x0000000092f00000|100%| E|CS|TAMS 0x0000000092e00000, 0x0000000092e00000| Complete 
| 303|0x0000000092f00000, 0x0000000093000000, 0x0000000093000000|100%| E|CS|TAMS 0x0000000092f00000, 0x0000000092f00000| Complete 
| 304|0x0000000093000000, 0x0000000093100000, 0x0000000093100000|100%| E|CS|TAMS 0x0000000093000000, 0x0000000093000000| Complete 
| 305|0x0000000093100000, 0x0000000093200000, 0x0000000093200000|100%| E|CS|TAMS 0x0000000093100000, 0x0000000093100000| Complete 
| 306|0x0000000093200000, 0x0000000093300000, 0x0000000093300000|100%| E|CS|TAMS 0x0000000093200000, 0x0000000093200000| Complete 
| 307|0x0000000093300000, 0x0000000093400000, 0x0000000093400000|100%| E|CS|TAMS 0x0000000093300000, 0x0000000093300000| Complete 
| 308|0x0000000093400000, 0x0000000093500000, 0x0000000093500000|100%| E|CS|TAMS 0x0000000093400000, 0x0000000093400000| Complete 
| 309|0x0000000093500000, 0x0000000093600000, 0x0000000093600000|100%| E|CS|TAMS 0x0000000093500000, 0x0000000093500000| Complete 
| 310|0x0000000093600000, 0x0000000093700000, 0x0000000093700000|100%| E|CS|TAMS 0x0000000093600000, 0x0000000093600000| Complete 
| 311|0x0000000093700000, 0x0000000093800000, 0x0000000093800000|100%| E|CS|TAMS 0x0000000093700000, 0x0000000093700000| Complete 
| 312|0x0000000093800000, 0x0000000093900000, 0x0000000093900000|100%| E|CS|TAMS 0x0000000093800000, 0x0000000093800000| Complete 
| 313|0x0000000093900000, 0x0000000093a00000, 0x0000000093a00000|100%| E|CS|TAMS 0x0000000093900000, 0x0000000093900000| Complete 
| 314|0x0000000093a00000, 0x0000000093b00000, 0x0000000093b00000|100%| E|CS|TAMS 0x0000000093a00000, 0x0000000093a00000| Complete 
| 315|0x0000000093b00000, 0x0000000093c00000, 0x0000000093c00000|100%| E|CS|TAMS 0x0000000093b00000, 0x0000000093b00000| Complete 
| 316|0x0000000093c00000, 0x0000000093d00000, 0x0000000093d00000|100%| E|CS|TAMS 0x0000000093c00000, 0x0000000093c00000| Complete 
| 317|0x0000000093d00000, 0x0000000093e00000, 0x0000000093e00000|100%| E|CS|TAMS 0x0000000093d00000, 0x0000000093d00000| Complete 
| 318|0x0000000093e00000, 0x0000000093f00000, 0x0000000093f00000|100%| E|CS|TAMS 0x0000000093e00000, 0x0000000093e00000| Complete 
| 319|0x0000000093f00000, 0x0000000094000000, 0x0000000094000000|100%| E|CS|TAMS 0x0000000093f00000, 0x0000000093f00000| Complete 
| 320|0x0000000094000000, 0x0000000094100000, 0x0000000094100000|100%| E|CS|TAMS 0x0000000094000000, 0x0000000094000000| Complete 
| 321|0x0000000094100000, 0x0000000094200000, 0x0000000094200000|100%| E|CS|TAMS 0x0000000094100000, 0x0000000094100000| Complete 
| 322|0x0000000094200000, 0x0000000094300000, 0x0000000094300000|100%| E|CS|TAMS 0x0000000094200000, 0x0000000094200000| Complete 
| 323|0x0000000094300000, 0x0000000094400000, 0x0000000094400000|100%| E|CS|TAMS 0x0000000094300000, 0x0000000094300000| Complete 
| 324|0x0000000094400000, 0x0000000094500000, 0x0000000094500000|100%| E|CS|TAMS 0x0000000094400000, 0x0000000094400000| Complete 
| 325|0x0000000094500000, 0x0000000094600000, 0x0000000094600000|100%| E|CS|TAMS 0x0000000094500000, 0x0000000094500000| Complete 
| 326|0x0000000094600000, 0x0000000094700000, 0x0000000094700000|100%| E|CS|TAMS 0x0000000094600000, 0x0000000094600000| Complete 
| 327|0x0000000094700000, 0x0000000094800000, 0x0000000094800000|100%| E|CS|TAMS 0x0000000094700000, 0x0000000094700000| Complete 
| 328|0x0000000094800000, 0x0000000094900000, 0x0000000094900000|100%| E|CS|TAMS 0x0000000094800000, 0x0000000094800000| Complete 
| 329|0x0000000094900000, 0x0000000094a00000, 0x0000000094a00000|100%| E|CS|TAMS 0x0000000094900000, 0x0000000094900000| Complete 
| 330|0x0000000094a00000, 0x0000000094b00000, 0x0000000094b00000|100%| E|CS|TAMS 0x0000000094a00000, 0x0000000094a00000| Complete 
| 331|0x0000000094b00000, 0x0000000094c00000, 0x0000000094c00000|100%| E|CS|TAMS 0x0000000094b00000, 0x0000000094b00000| Complete 
| 332|0x0000000094c00000, 0x0000000094d00000, 0x0000000094d00000|100%| E|CS|TAMS 0x0000000094c00000, 0x0000000094c00000| Complete 
| 333|0x0000000094d00000, 0x0000000094e00000, 0x0000000094e00000|100%| E|CS|TAMS 0x0000000094d00000, 0x0000000094d00000| Complete 
| 334|0x0000000094e00000, 0x0000000094f00000, 0x0000000094f00000|100%| E|CS|TAMS 0x0000000094e00000, 0x0000000094e00000| Complete 
| 335|0x0000000094f00000, 0x0000000095000000, 0x0000000095000000|100%| E|CS|TAMS 0x0000000094f00000, 0x0000000094f00000| Complete 
| 336|0x0000000095000000, 0x0000000095100000, 0x0000000095100000|100%| E|CS|TAMS 0x0000000095000000, 0x0000000095000000| Complete 
| 337|0x0000000095100000, 0x0000000095200000, 0x0000000095200000|100%| E|CS|TAMS 0x0000000095100000, 0x0000000095100000| Complete 
| 338|0x0000000095200000, 0x0000000095300000, 0x0000000095300000|100%| E|CS|TAMS 0x0000000095200000, 0x0000000095200000| Complete 
| 339|0x0000000095300000, 0x0000000095400000, 0x0000000095400000|100%| E|CS|TAMS 0x0000000095300000, 0x0000000095300000| Complete 
| 340|0x0000000095400000, 0x0000000095500000, 0x0000000095500000|100%| E|CS|TAMS 0x0000000095400000, 0x0000000095400000| Complete 
| 341|0x0000000095500000, 0x0000000095600000, 0x0000000095600000|100%| E|CS|TAMS 0x0000000095500000, 0x0000000095500000| Complete 
| 342|0x0000000095600000, 0x0000000095700000, 0x0000000095700000|100%| E|CS|TAMS 0x0000000095600000, 0x0000000095600000| Complete 
| 343|0x0000000095700000, 0x0000000095800000, 0x0000000095800000|100%| E|CS|TAMS 0x0000000095700000, 0x0000000095700000| Complete 
| 344|0x0000000095800000, 0x0000000095900000, 0x0000000095900000|100%| E|CS|TAMS 0x0000000095800000, 0x0000000095800000| Complete 
| 345|0x0000000095900000, 0x0000000095a00000, 0x0000000095a00000|100%| E|CS|TAMS 0x0000000095900000, 0x0000000095900000| Complete 
| 346|0x0000000095a00000, 0x0000000095b00000, 0x0000000095b00000|100%| E|CS|TAMS 0x0000000095a00000, 0x0000000095a00000| Complete 
| 347|0x0000000095b00000, 0x0000000095c00000, 0x0000000095c00000|100%| E|  |TAMS 0x0000000095b00000, 0x0000000095b00000| Complete 
| 348|0x0000000095c00000, 0x0000000095d00000, 0x0000000095d00000|100%| E|CS|TAMS 0x0000000095c00000, 0x0000000095c00000| Complete 
| 349|0x0000000095d00000, 0x0000000095e00000, 0x0000000095e00000|100%| E|CS|TAMS 0x0000000095d00000, 0x0000000095d00000| Complete 
| 350|0x0000000095e00000, 0x0000000095f00000, 0x0000000095f00000|100%| E|CS|TAMS 0x0000000095e00000, 0x0000000095e00000| Complete 
| 351|0x0000000095f00000, 0x0000000096000000, 0x0000000096000000|100%| E|CS|TAMS 0x0000000095f00000, 0x0000000095f00000| Complete 
| 352|0x0000000096000000, 0x0000000096100000, 0x0000000096100000|100%| E|CS|TAMS 0x0000000096000000, 0x0000000096000000| Complete 
| 353|0x0000000096100000, 0x0000000096200000, 0x0000000096200000|100%| E|CS|TAMS 0x0000000096100000, 0x0000000096100000| Complete 
| 354|0x0000000096200000, 0x0000000096300000, 0x0000000096300000|100%| E|CS|TAMS 0x0000000096200000, 0x0000000096200000| Complete 
| 355|0x0000000096300000, 0x0000000096400000, 0x0000000096400000|100%| E|CS|TAMS 0x0000000096300000, 0x0000000096300000| Complete 
| 356|0x0000000096400000, 0x0000000096500000, 0x0000000096500000|100%| E|CS|TAMS 0x0000000096400000, 0x0000000096400000| Complete 
| 357|0x0000000096500000, 0x0000000096600000, 0x0000000096600000|100%| E|CS|TAMS 0x0000000096500000, 0x0000000096500000| Complete 
| 358|0x0000000096600000, 0x0000000096700000, 0x0000000096700000|100%| E|CS|TAMS 0x0000000096600000, 0x0000000096600000| Complete 
| 359|0x0000000096700000, 0x0000000096800000, 0x0000000096800000|100%| E|CS|TAMS 0x0000000096700000, 0x0000000096700000| Complete 
| 360|0x0000000096800000, 0x0000000096900000, 0x0000000096900000|100%| E|CS|TAMS 0x0000000096800000, 0x0000000096800000| Complete 
| 361|0x0000000096900000, 0x0000000096a00000, 0x0000000096a00000|100%| E|CS|TAMS 0x0000000096900000, 0x0000000096900000| Complete 
| 362|0x0000000096a00000, 0x0000000096b00000, 0x0000000096b00000|100%| E|CS|TAMS 0x0000000096a00000, 0x0000000096a00000| Complete 
| 363|0x0000000096b00000, 0x0000000096c00000, 0x0000000096c00000|100%| E|CS|TAMS 0x0000000096b00000, 0x0000000096b00000| Complete 
| 364|0x0000000096c00000, 0x0000000096d00000, 0x0000000096d00000|100%| E|CS|TAMS 0x0000000096c00000, 0x0000000096c00000| Complete 
| 365|0x0000000096d00000, 0x0000000096e00000, 0x0000000096e00000|100%| E|CS|TAMS 0x0000000096d00000, 0x0000000096d00000| Complete 
| 366|0x0000000096e00000, 0x0000000096f00000, 0x0000000096f00000|100%| E|CS|TAMS 0x0000000096e00000, 0x0000000096e00000| Complete 
| 367|0x0000000096f00000, 0x0000000097000000, 0x0000000097000000|100%| E|CS|TAMS 0x0000000096f00000, 0x0000000096f00000| Complete 
| 368|0x0000000097000000, 0x0000000097100000, 0x0000000097100000|100%| E|CS|TAMS 0x0000000097000000, 0x0000000097000000| Complete 
| 369|0x0000000097100000, 0x0000000097200000, 0x0000000097200000|100%| E|CS|TAMS 0x0000000097100000, 0x0000000097100000| Complete 
| 370|0x0000000097200000, 0x0000000097300000, 0x0000000097300000|100%| E|CS|TAMS 0x0000000097200000, 0x0000000097200000| Complete 
| 371|0x0000000097300000, 0x0000000097400000, 0x0000000097400000|100%| E|CS|TAMS 0x0000000097300000, 0x0000000097300000| Complete 
| 372|0x0000000097400000, 0x0000000097500000, 0x0000000097500000|100%| E|CS|TAMS 0x0000000097400000, 0x0000000097400000| Complete 
| 373|0x0000000097500000, 0x0000000097600000, 0x0000000097600000|100%| E|CS|TAMS 0x0000000097500000, 0x0000000097500000| Complete 
| 374|0x0000000097600000, 0x0000000097700000, 0x0000000097700000|100%| E|CS|TAMS 0x0000000097600000, 0x0000000097600000| Complete 
| 375|0x0000000097700000, 0x0000000097800000, 0x0000000097800000|100%| E|CS|TAMS 0x0000000097700000, 0x0000000097700000| Complete 
| 376|0x0000000097800000, 0x0000000097900000, 0x0000000097900000|100%| E|CS|TAMS 0x0000000097800000, 0x0000000097800000| Complete 
| 377|0x0000000097900000, 0x0000000097a00000, 0x0000000097a00000|100%| E|CS|TAMS 0x0000000097900000, 0x0000000097900000| Complete 
| 378|0x0000000097a00000, 0x0000000097b00000, 0x0000000097b00000|100%| E|CS|TAMS 0x0000000097a00000, 0x0000000097a00000| Complete 
| 379|0x0000000097b00000, 0x0000000097c00000, 0x0000000097c00000|100%| E|CS|TAMS 0x0000000097b00000, 0x0000000097b00000| Complete 
| 380|0x0000000097c00000, 0x0000000097d00000, 0x0000000097d00000|100%| E|CS|TAMS 0x0000000097c00000, 0x0000000097c00000| Complete 
| 381|0x0000000097d00000, 0x0000000097e00000, 0x0000000097e00000|100%| E|CS|TAMS 0x0000000097d00000, 0x0000000097d00000| Complete 
| 382|0x0000000097e00000, 0x0000000097f00000, 0x0000000097f00000|100%| E|CS|TAMS 0x0000000097e00000, 0x0000000097e00000| Complete 
| 383|0x0000000097f00000, 0x0000000098000000, 0x0000000098000000|100%| E|CS|TAMS 0x0000000097f00000, 0x0000000097f00000| Complete 

Card table byte_map: [0x00000285d8000000,0x00000285d8400000] _byte_map_base: 0x00000285d7c00000

Marking Bits (Prev, Next): (CMBitMap*) 0x00000285c4e3ad70, (CMBitMap*) 0x00000285c4e3ad38
 Prev Bits: [0x00000285da800000, 0x00000285dc800000)
 Next Bits: [0x00000285d8800000, 0x00000285da800000)

Polling page: 0x00000285c2db0000

Metaspace:

Usage:
  Non-class:     65.38 MB capacity,    64.12 MB ( 98%) used,     1.07 MB (  2%) free+waste,   195.13 KB ( <1%) overhead. 
      Class:     10.12 MB capacity,     9.40 MB ( 93%) used,   649.85 KB (  6%) free+waste,    91.38 KB ( <1%) overhead. 
       Both:     75.49 MB capacity,    73.51 MB ( 97%) used,     1.70 MB (  2%) free+waste,   286.50 KB ( <1%) overhead. 

Virtual space:
  Non-class space:       66.00 MB reserved,      65.50 MB (>99%) committed 
      Class space:        1.00 GB reserved,      10.13 MB ( <1%) committed 
             Both:        1.06 GB reserved,      75.63 MB (  7%) committed 

Chunk freelists:
   Non-Class:  0 bytes
       Class:  6.00 KB
        Both:  6.00 KB

MaxMetaspaceSize: 17179869184.00 GB
CompressedClassSpaceSize: 1.00 GB

CodeHeap 'non-profiled nmethods': size=120000Kb used=7033Kb max_used=7033Kb free=112966Kb
 bounds [0x00000285d03a0000, 0x00000285d0a80000, 0x00000285d78d0000]
CodeHeap 'profiled nmethods': size=120000Kb used=18776Kb max_used=18776Kb free=101224Kb
 bounds [0x00000285c8e70000, 0x00000285ca0d0000, 0x00000285d03a0000]
CodeHeap 'non-nmethods': size=5760Kb used=2275Kb max_used=2348Kb free=3484Kb
 bounds [0x00000285c88d0000, 0x00000285c8b40000, 0x00000285c8e70000]
 total_blobs=9650 nmethods=8775 adapters=786
 compilation: enabled
              stopped_count=0, restarted_count=0
 full_count=0

Compilation events (20 events):
Event: 9.098 Thread 0x00000285dfb69800 8816       3       org.gradle.api.internal.DefaultMutationGuard::newActionWithMutation (11 bytes)
Event: 9.098 Thread 0x00000285dfb69800 nmethod 8816 0x00000285ca0b5890 code [0x00000285ca0b5a60, 0x00000285ca0b5d38]
Event: 9.099 Thread 0x00000285e6b48800 nmethod 8797 0x00000285d0a79690 code [0x00000285d0a79880, 0x00000285d0a7a1c8]
Event: 9.099 Thread 0x00000285e6b48800 8798       4       org.gradle.internal.reflect.PropertyAccessorType::of (95 bytes)
Event: 9.103 Thread 0x00000285dfb69800 8819       3       org.gradle.util.Path::child (47 bytes)
Event: 9.103 Thread 0x00000285dfb69800 nmethod 8819 0x00000285ca0b5e90 code [0x00000285ca0b6080, 0x00000285ca0b65e8]
Event: 9.103 Thread 0x00000285dfb69800 8818       3       org.gradle.api.internal.tasks.DefaultTaskContainer_Decorated::getMutationGuard (39 bytes)
Event: 9.103 Thread 0x00000285dfb69800 nmethod 8818 0x00000285ca0b6790 code [0x00000285ca0b69e0, 0x00000285ca0b7388]
Event: 9.103 Thread 0x00000285dfb69800 8820       3       org.gradle.api.internal.AbstractMutationGuard::withMutationDisabled (7 bytes)
Event: 9.103 Thread 0x00000285dfb69800 nmethod 8820 0x00000285ca0b7690 code [0x00000285ca0b7840, 0x00000285ca0b7a08]
Event: 9.104 Thread 0x00000285dfb69800 8822       3       com.google.common.collect.RegularImmutableSet::copyIntoArray (21 bytes)
Event: 9.104 Thread 0x00000285dfb69800 nmethod 8822 0x00000285ca0b7a90 code [0x00000285ca0b7c60, 0x00000285ca0b7f08]
Event: 9.104 Thread 0x00000285dfb69800 8823       3       org.gradle.internal.ImmutableActionSet::fromActions (63 bytes)
Event: 9.105 Thread 0x00000285dfb69800 nmethod 8823 0x00000285ca0b7f90 code [0x00000285ca0b8240, 0x00000285ca0b91e8]
Event: 9.105 Thread 0x00000285dfb69800 8824       3       org.gradle.internal.ImmutableActionSet$SetWithManyActions::<init> (10 bytes)
Event: 9.105 Thread 0x00000285dfb69800 nmethod 8824 0x00000285ca0b9610 code [0x00000285ca0b97c0, 0x00000285ca0b99d8]
Event: 9.105 Thread 0x00000285dfb69800 8825       3       java.util.StringTokenizer::scanToken (179 bytes)
Event: 9.105 Thread 0x00000285e6b48800 nmethod 8798 0x00000285d0a7a810 code [0x00000285d0a7a9e0, 0x00000285d0a7adb8]
Event: 9.105 Thread 0x00000285e6b48800 8817       4       java.util.StringTokenizer::skipDelimiters (116 bytes)
Event: 9.106 Thread 0x00000285dfb69800 nmethod 8825 0x00000285ca0b9b10 code [0x00000285ca0b9ea0, 0x00000285ca0bb558]

GC Heap History (20 events):
Event: 3.739 GC heap before
{Heap before GC invocations=11 (full 0):
 garbage-first heap   total 393216K, used 292185K [0x0000000080000000, 0x0000000100000000)
  region size 1024K, 229 young (234496K), 8 survivors (8192K)
 Metaspace       used 49812K, capacity 51258K, committed 51456K, reserved 1093632K
  class space    used 6345K, capacity 6865K, committed 6912K, reserved 1048576K
}
Event: 3.743 GC heap after
{Heap after GC invocations=12 (full 0):
 garbage-first heap   total 393216K, used 66560K [0x0000000080000000, 0x0000000100000000)
  region size 1024K, 8 young (8192K), 8 survivors (8192K)
 Metaspace       used 49812K, capacity 51258K, committed 51456K, reserved 1093632K
  class space    used 6345K, capacity 6865K, committed 6912K, reserved 1048576K
}
Event: 4.117 GC heap before
{Heap before GC invocations=12 (full 0):
 garbage-first heap   total 393216K, used 293888K [0x0000000080000000, 0x0000000100000000)
  region size 1024K, 230 young (235520K), 8 survivors (8192K)
 Metaspace       used 49830K, capacity 51260K, committed 51456K, reserved 1093632K
  class space    used 6345K, capacity 6865K, committed 6912K, reserved 1048576K
}
Event: 4.121 GC heap after
{Heap after GC invocations=13 (full 0):
 garbage-first heap   total 393216K, used 65536K [0x0000000080000000, 0x0000000100000000)
  region size 1024K, 8 young (8192K), 8 survivors (8192K)
 Metaspace       used 49830K, capacity 51260K, committed 51456K, reserved 1093632K
  class space    used 6345K, capacity 6865K, committed 6912K, reserved 1048576K
}
Event: 4.521 GC heap before
{Heap before GC invocations=13 (full 0):
 garbage-first heap   total 393216K, used 292864K [0x0000000080000000, 0x0000000100000000)
  region size 1024K, 230 young (235520K), 8 survivors (8192K)
 Metaspace       used 49830K, capacity 51260K, committed 51456K, reserved 1093632K
  class space    used 6345K, capacity 6865K, committed 6912K, reserved 1048576K
}
Event: 4.525 GC heap after
{Heap after GC invocations=14 (full 0):
 garbage-first heap   total 393216K, used 65895K [0x0000000080000000, 0x0000000100000000)
  region size 1024K, 9 young (9216K), 9 survivors (9216K)
 Metaspace       used 49830K, capacity 51260K, committed 51456K, reserved 1093632K
  class space    used 6345K, capacity 6865K, committed 6912K, reserved 1048576K
}
Event: 4.899 GC heap before
{Heap before GC invocations=14 (full 0):
 garbage-first heap   total 393216K, used 292199K [0x0000000080000000, 0x0000000100000000)
  region size 1024K, 230 young (235520K), 9 survivors (9216K)
 Metaspace       used 49833K, capacity 51324K, committed 51456K, reserved 1093632K
  class space    used 6345K, capacity 6865K, committed 6912K, reserved 1048576K
}
Event: 4.903 GC heap after
{Heap after GC invocations=15 (full 0):
 garbage-first heap   total 393216K, used 67773K [0x0000000080000000, 0x0000000100000000)
  region size 1024K, 11 young (11264K), 11 survivors (11264K)
 Metaspace       used 49833K, capacity 51324K, committed 51456K, reserved 1093632K
  class space    used 6345K, capacity 6865K, committed 6912K, reserved 1048576K
}
Event: 5.231 GC heap before
{Heap before GC invocations=15 (full 0):
 garbage-first heap   total 393216K, used 292029K [0x0000000080000000, 0x0000000100000000)
  region size 1024K, 230 young (235520K), 11 survivors (11264K)
 Metaspace       used 49834K, capacity 51324K, committed 51456K, reserved 1093632K
  class space    used 6345K, capacity 6865K, committed 6912K, reserved 1048576K
}
Event: 5.237 GC heap after
{Heap after GC invocations=16 (full 0):
 garbage-first heap   total 393216K, used 68818K [0x0000000080000000, 0x0000000100000000)
  region size 1024K, 12 young (12288K), 12 survivors (12288K)
 Metaspace       used 49834K, capacity 51324K, committed 51456K, reserved 1093632K
  class space    used 6345K, capacity 6865K, committed 6912K, reserved 1048576K
}
Event: 5.579 GC heap before
{Heap before GC invocations=16 (full 0):
 garbage-first heap   total 393216K, used 292050K [0x0000000080000000, 0x0000000100000000)
  region size 1024K, 230 young (235520K), 12 survivors (12288K)
 Metaspace       used 49835K, capacity 51324K, committed 51456K, reserved 1093632K
  class space    used 6345K, capacity 6865K, committed 6912K, reserved 1048576K
}
Event: 5.584 GC heap after
{Heap after GC invocations=17 (full 0):
 garbage-first heap   total 393216K, used 70656K [0x0000000080000000, 0x0000000100000000)
  region size 1024K, 13 young (13312K), 13 survivors (13312K)
 Metaspace       used 49835K, capacity 51324K, committed 51456K, reserved 1093632K
  class space    used 6345K, capacity 6865K, committed 6912K, reserved 1048576K
}
Event: 6.028 GC heap before
{Heap before GC invocations=17 (full 0):
 garbage-first heap   total 393216K, used 292864K [0x0000000080000000, 0x0000000100000000)
  region size 1024K, 230 young (235520K), 13 survivors (13312K)
 Metaspace       used 49835K, capacity 51324K, committed 51456K, reserved 1093632K
  class space    used 6345K, capacity 6865K, committed 6912K, reserved 1048576K
}
Event: 6.035 GC heap after
{Heap after GC invocations=18 (full 0):
 garbage-first heap   total 393216K, used 71680K [0x0000000080000000, 0x0000000100000000)
  region size 1024K, 14 young (14336K), 14 survivors (14336K)
 Metaspace       used 49835K, capacity 51324K, committed 51456K, reserved 1093632K
  class space    used 6345K, capacity 6865K, committed 6912K, reserved 1048576K
}
Event: 6.807 GC heap before
{Heap before GC invocations=18 (full 0):
 garbage-first heap   total 393216K, used 296960K [0x0000000080000000, 0x0000000100000000)
  region size 1024K, 230 young (235520K), 14 survivors (14336K)
 Metaspace       used 49984K, capacity 51515K, committed 51712K, reserved 1093632K
  class space    used 6353K, capacity 6905K, committed 6912K, reserved 1048576K
}
Event: 6.810 GC heap after
{Heap after GC invocations=19 (full 0):
 garbage-first heap   total 393216K, used 64809K [0x0000000080000000, 0x0000000100000000)
  region size 1024K, 8 young (8192K), 8 survivors (8192K)
 Metaspace       used 49984K, capacity 51515K, committed 51712K, reserved 1093632K
  class space    used 6353K, capacity 6905K, committed 6912K, reserved 1048576K
}
Event: 7.136 GC heap before
{Heap before GC invocations=19 (full 0):
 garbage-first heap   total 393216K, used 292137K [0x0000000080000000, 0x0000000100000000)
  region size 1024K, 230 young (235520K), 8 survivors (8192K)
 Metaspace       used 49984K, capacity 51515K, committed 51712K, reserved 1093632K
  class space    used 6353K, capacity 6905K, committed 6912K, reserved 1048576K
}
Event: 7.140 GC heap after
{Heap after GC invocations=20 (full 0):
 garbage-first heap   total 393216K, used 67483K [0x0000000080000000, 0x0000000100000000)
  region size 1024K, 10 young (10240K), 10 survivors (10240K)
 Metaspace       used 49984K, capacity 51515K, committed 51712K, reserved 1093632K
  class space    used 6353K, capacity 6905K, committed 6912K, reserved 1048576K
}
Event: 8.223 GC heap before
{Heap before GC invocations=20 (full 0):
 garbage-first heap   total 393216K, used 299931K [0x0000000080000000, 0x0000000100000000)
  region size 1024K, 230 young (235520K), 10 survivors (10240K)
 Metaspace       used 66305K, capacity 68203K, committed 68352K, reserved 1107968K
  class space    used 8484K, capacity 9137K, committed 9216K, reserved 1048576K
}
Event: 8.230 GC heap after
{Heap after GC invocations=21 (full 0):
 garbage-first heap   total 393216K, used 81322K [0x0000000080000000, 0x0000000100000000)
  region size 1024K, 19 young (19456K), 19 survivors (19456K)
 Metaspace       used 66305K, capacity 68203K, committed 68352K, reserved 1107968K
  class space    used 8484K, capacity 9137K, committed 9216K, reserved 1048576K
}

Deoptimization events (20 events):
Event: 8.947 Thread 0x00000285e1f15800 DEOPT PACKING pc=0x00000285d0612e58 sp=0x000000a9314f44a0
Event: 8.947 Thread 0x00000285e1f15800 DEOPT UNPACKING pc=0x00000285c88f78af sp=0x000000a9314f43d0 mode 2
Event: 8.957 Thread 0x00000285e1f15800 Uncommon trap: trap_request=0xffffff7e fr.pc=0x00000285d0a62b28 relative=0x0000000000000368
Event: 8.957 Thread 0x00000285e1f15800 Uncommon trap: reason=predicate action=maybe_recompile pc=0x00000285d0a62b28 method=java.util.AbstractCollection.toArray([Ljava/lang/Object;)[Ljava/lang/Object; @ 43 c2
Event: 8.957 Thread 0x00000285e1f15800 DEOPT PACKING pc=0x00000285d0a62b28 sp=0x000000a9314f6150
Event: 8.957 Thread 0x00000285e1f15800 DEOPT UNPACKING pc=0x00000285c88f78af sp=0x000000a9314f60e8 mode 2
Event: 8.974 Thread 0x00000285e1f15800 Uncommon trap: trap_request=0xfffffff4 fr.pc=0x00000285d0a63f18 relative=0x0000000000000df8
Event: 8.974 Thread 0x00000285e1f15800 Uncommon trap: reason=null_check action=make_not_entrant pc=0x00000285d0a63f18 method=com.sun.beans.introspect.MethodInfo$MethodOrder.compare(Ljava/lang/reflect/Method;Ljava/lang/reflect/Method;)I @ 145 c2
Event: 8.974 Thread 0x00000285e1f15800 DEOPT PACKING pc=0x00000285d0a63f18 sp=0x000000a9314f3150
Event: 8.974 Thread 0x00000285e1f15800 DEOPT UNPACKING pc=0x00000285c88f78af sp=0x000000a9314f30f0 mode 2
Event: 9.000 Thread 0x00000285e1f15800 DEOPT PACKING pc=0x00000285c967ca4a sp=0x000000a9314f7d50
Event: 9.000 Thread 0x00000285e1f15800 DEOPT UNPACKING pc=0x00000285c88f76ce sp=0x000000a9314f71b0 mode 0
Event: 9.081 Thread 0x00000285e1f15800 Uncommon trap: trap_request=0xffffff4d fr.pc=0x00000285d0949a84 relative=0x0000000000000ac4
Event: 9.081 Thread 0x00000285e1f15800 Uncommon trap: reason=unstable_if action=reinterpret pc=0x00000285d0949a84 method=java.util.concurrent.ConcurrentHashMap.addCount(JI)V @ 110 c2
Event: 9.081 Thread 0x00000285e1f15800 DEOPT PACKING pc=0x00000285d0949a84 sp=0x000000a9314f92b0
Event: 9.081 Thread 0x00000285e1f15800 DEOPT UNPACKING pc=0x00000285c88f78af sp=0x000000a9314f9188 mode 2
Event: 9.081 Thread 0x00000285e1f15800 Uncommon trap: trap_request=0xffffff4d fr.pc=0x00000285d09566d0 relative=0x00000000000000f0
Event: 9.081 Thread 0x00000285e1f15800 Uncommon trap: reason=unstable_if action=reinterpret pc=0x00000285d09566d0 method=java.util.concurrent.ConcurrentHashMap.addCount(JI)V @ 110 c2
Event: 9.081 Thread 0x00000285e1f15800 DEOPT PACKING pc=0x00000285d09566d0 sp=0x000000a9314f9210
Event: 9.081 Thread 0x00000285e1f15800 DEOPT UNPACKING pc=0x00000285c88f78af sp=0x000000a9314f9168 mode 2

Classes redefined (0 events):
No events

Internal exceptions (20 events):
Event: 8.983 Thread 0x00000285e1f15800 Exception <a 'java/lang/ClassNotFoundException'{0x000000008faea040}: java/lang/EnumCustomizer> (0x000000008faea040) thrown at [./src/hotspot/share/classfile/systemDictionary.cpp, line 231]
Event: 8.984 Thread 0x00000285e1f15800 Exception <a 'java/lang/ClassNotFoundException'{0x000000008f91bb20}: org/gradle/api/JavaVersionCustomizer> (0x000000008f91bb20) thrown at [./src/hotspot/share/classfile/systemDictionary.cpp, line 231]
Event: 8.985 Thread 0x00000285e1f15800 Exception <a 'java/lang/ClassNotFoundException'{0x000000008f972940}: com/android/build/gradle/internal/CompileOptions_DecoratedBeanInfo> (0x000000008f972940) thrown at [./src/hotspot/share/classfile/systemDictionary.cpp, line 231]
Event: 8.986 Thread 0x00000285e1f15800 Exception <a 'java/lang/ClassNotFoundException'{0x000000008f98bfa8}: com/android/build/gradle/internal/CompileOptionsBeanInfo> (0x000000008f98bfa8) thrown at [./src/hotspot/share/classfile/systemDictionary.cpp, line 231]
Event: 8.986 Thread 0x00000285e1f15800 Exception <a 'java/lang/ClassNotFoundException'{0x000000008f9a5ca0}: com/android/build/gradle/internal/CompileOptionsCustomizer> (0x000000008f9a5ca0) thrown at [./src/hotspot/share/classfile/systemDictionary.cpp, line 231]
Event: 8.986 Thread 0x00000285e1f15800 Exception <a 'java/lang/ClassNotFoundException'{0x000000008f9cc7d0}: com/android/build/gradle/internal/CompileOptions_DecoratedCustomizer> (0x000000008f9cc7d0) thrown at [./src/hotspot/share/classfile/systemDictionary.cpp, line 231]
Event: 8.993 Thread 0x00000285e1f15800 Exception <a 'java/lang/ClassNotFoundException'{0x000000008f77f1c0}: org/gradle/api/internal/file/collections/DefaultConfigurableFileTreeBeanInfo> (0x000000008f77f1c0) thrown at [./src/hotspot/share/classfile/systemDictionary.cpp, line 231]
Event: 8.994 Thread 0x00000285e1f15800 Exception <a 'java/lang/ClassNotFoundException'{0x000000008f7af3f8}: org/gradle/api/internal/file/CompositeFileTreeBeanInfo> (0x000000008f7af3f8) thrown at [./src/hotspot/share/classfile/systemDictionary.cpp, line 231]
Event: 8.994 Thread 0x00000285e1f15800 Exception <a 'java/lang/ClassNotFoundException'{0x000000008f7e2328}: org/gradle/api/internal/file/CompositeFileCollectionBeanInfo> (0x000000008f7e2328) thrown at [./src/hotspot/share/classfile/systemDictionary.cpp, line 231]
Event: 8.995 Thread 0x00000285e1f15800 Exception <a 'java/lang/ClassNotFoundException'{0x000000008f615720}: org/gradle/api/internal/file/AbstractFileCollectionBeanInfo> (0x000000008f615720) thrown at [./src/hotspot/share/classfile/systemDictionary.cpp, line 231]
Event: 8.995 Thread 0x00000285e1f15800 Exception <a 'java/lang/ClassNotFoundException'{0x000000008f648a48}: org/gradle/api/internal/file/AbstractFileCollectionCustomizer> (0x000000008f648a48) thrown at [./src/hotspot/share/classfile/systemDictionary.cpp, line 231]
Event: 8.996 Thread 0x00000285e1f15800 Exception <a 'java/lang/ClassNotFoundException'{0x000000008f68d2e8}: org/gradle/api/internal/file/CompositeFileCollectionCustomizer> (0x000000008f68d2e8) thrown at [./src/hotspot/share/classfile/systemDictionary.cpp, line 231]
Event: 8.997 Thread 0x00000285e1f15800 Exception <a 'java/lang/ClassNotFoundException'{0x000000008f6c55f8}: org/gradle/api/internal/file/CompositeFileTreeCustomizer> (0x000000008f6c55f8) thrown at [./src/hotspot/share/classfile/systemDictionary.cpp, line 231]
Event: 8.998 Thread 0x00000285e1f15800 Exception <a 'java/lang/ClassNotFoundException'{0x000000008f508618}: org/gradle/api/internal/file/collections/DefaultConfigurableFileTreeCustomizer> (0x000000008f508618) thrown at [./src/hotspot/share/classfile/systemDictionary.cpp, line 231]
Event: 9.001 Thread 0x00000285e1f15800 Exception <a 'java/lang/ClassNotFoundException'{0x000000008f5f3500}: groovy/lang/GString$1BeanInfo> (0x000000008f5f3500) thrown at [./src/hotspot/share/classfile/systemDictionary.cpp, line 231]
Event: 9.001 Thread 0x00000285e1f15800 Exception <a 'java/lang/ClassNotFoundException'{0x000000008f42e960}: groovy/lang/GStringBeanInfo> (0x000000008f42e960) thrown at [./src/hotspot/share/classfile/systemDictionary.cpp, line 231]
Event: 9.002 Thread 0x00000285e1f15800 Exception <a 'java/lang/ClassNotFoundException'{0x000000008f469a60}: groovy/lang/GStringCustomizer> (0x000000008f469a60) thrown at [./src/hotspot/share/classfile/systemDictionary.cpp, line 231]
Event: 9.002 Thread 0x00000285e1f15800 Exception <a 'java/lang/ClassNotFoundException'{0x000000008f4aecd0}: groovy/lang/GString$1Customizer> (0x000000008f4aecd0) thrown at [./src/hotspot/share/classfile/systemDictionary.cpp, line 231]
Event: 9.006 Thread 0x00000285e1f15800 Exception <a 'java/lang/ClassNotFoundException'{0x000000008f1e9330}: org/codehaus/groovy/runtime/GStringImplBeanInfo> (0x000000008f1e9330) thrown at [./src/hotspot/share/classfile/systemDictionary.cpp, line 231]
Event: 9.008 Thread 0x00000285e1f15800 Exception <a 'java/lang/ClassNotFoundException'{0x000000008eea2220}: org/codehaus/groovy/runtime/GStringImplCustomizer> (0x000000008eea2220) thrown at [./src/hotspot/share/classfile/systemDictionary.cpp, line 231]

Events (20 events):
Event: 9.103 loading class com/android/build/gradle/internal/TaskManager$createMockableJarTask$1
Event: 9.103 loading class com/android/build/gradle/internal/TaskManager$createMockableJarTask$1 done
Event: 9.103 loading class com/android/build/gradle/internal/TaskManager$createMockableJarTask$2
Event: 9.103 loading class com/android/build/gradle/internal/TaskManager$createMockableJarTask$2 done
Event: 9.104 loading class com/android/build/gradle/internal/TaskManager$createTopLevelTestTasks$1
Event: 9.104 loading class com/android/build/gradle/internal/TaskManager$createTopLevelTestTasks$1 done
Event: 9.104 loading class com/android/build/gradle/internal/TaskManager$createTopLevelTestTasks$2
Event: 9.104 loading class com/android/build/gradle/internal/TaskManager$createTopLevelTestTasks$2 done
Event: 9.104 loading class com/android/build/gradle/internal/TaskManager$createTopLevelTestTasks$3
Event: 9.104 loading class com/android/build/gradle/internal/TaskManager$createTopLevelTestTasks$3 done
Event: 9.105 loading class com/android/build/gradle/internal/TaskManager$createTopLevelTestTasks$4
Event: 9.105 loading class com/android/build/gradle/internal/TaskManager$createTopLevelTestTasks$4 done
Event: 9.105 loading class com/android/build/gradle/internal/TaskManager$createTopLevelTestTasks$5
Event: 9.105 loading class com/android/build/gradle/internal/TaskManager$createTopLevelTestTasks$5 done
Event: 9.105 loading class com/android/build/gradle/internal/TaskManager$createTopLevelTestTasks$6
Event: 9.105 loading class com/android/build/gradle/internal/TaskManager$createTopLevelTestTasks$6 done
Event: 9.105 loading class com/android/build/gradle/internal/testing/utp/UtpTestUtilsKt
Event: 9.105 loading class com/android/build/gradle/internal/testing/utp/UtpTestUtilsKt done
Event: 9.106 loading class com/android/builder/dexing/DexingTypeKt
Event: 9.106 loading class com/android/builder/dexing/DexingTypeKt done


Dynamic libraries:
0x00007ff647770000 - 0x00007ff64777a000 	C:\Program Files\Android\Android Studio\jre\bin\java.exe
0x00007ffbf13c0000 - 0x00007ffbf15c7000 	C:\WINDOWS\SYSTEM32\ntdll.dll
0x00007ffbef5d0000 - 0x00007ffbef68d000 	C:\WINDOWS\System32\KERNEL32.DLL
0x00007ffbeead0000 - 0x00007ffbeee44000 	C:\WINDOWS\System32\KERNELBASE.dll
0x00007ffbee9b0000 - 0x00007ffbeeac1000 	C:\WINDOWS\System32\ucrtbase.dll
0x00007ffbeb190000 - 0x00007ffbeb1a9000 	C:\Program Files\Android\Android Studio\jre\bin\jli.dll
0x00007ffbeb170000 - 0x00007ffbeb187000 	C:\Program Files\Android\Android Studio\jre\bin\VCRUNTIME140.dll
0x00007ffbf0810000 - 0x00007ffbf09bc000 	C:\WINDOWS\System32\USER32.dll
0x00007ffbef220000 - 0x00007ffbef246000 	C:\WINDOWS\System32\win32u.dll
0x00007ffbda190000 - 0x00007ffbda435000 	C:\WINDOWS\WinSxS\amd64_microsoft.windows.common-controls_6595b64144ccf1df_6.0.22000.120_none_9d947278b86cc467\COMCTL32.dll
0x00007ffbf12a0000 - 0x00007ffbf12c9000 	C:\WINDOWS\System32\GDI32.dll
0x00007ffbf12d0000 - 0x00007ffbf1373000 	C:\WINDOWS\System32\msvcrt.dll
0x00007ffbeefc0000 - 0x00007ffbef0d2000 	C:\WINDOWS\System32\gdi32full.dll
0x00007ffbee8a0000 - 0x00007ffbee93d000 	C:\WINDOWS\System32\msvcp_win.dll
0x00007ffbefc20000 - 0x00007ffbefc51000 	C:\WINDOWS\System32\IMM32.DLL
0x00007ffbd4860000 - 0x00007ffbd48fd000 	C:\Program Files\Android\Android Studio\jre\bin\msvcp140.dll
0x00007ffb67160000 - 0x00007ffb67c2f000 	C:\Program Files\Android\Android Studio\jre\bin\server\jvm.dll
0x00007ffbf1120000 - 0x00007ffbf11cc000 	C:\WINDOWS\System32\ADVAPI32.dll
0x00007ffbef690000 - 0x00007ffbef72d000 	C:\WINDOWS\System32\sechost.dll
0x00007ffbf0e90000 - 0x00007ffbf0fb1000 	C:\WINDOWS\System32\RPCRT4.dll
0x00007ffbefdb0000 - 0x00007ffbefdb8000 	C:\WINDOWS\System32\PSAPI.DLL
0x00007ffbdc910000 - 0x00007ffbdc919000 	C:\WINDOWS\SYSTEM32\WSOCK32.dll
0x00007ffbe1a50000 - 0x00007ffbe1a83000 	C:\WINDOWS\SYSTEM32\WINMM.dll
0x00007ffbe9a20000 - 0x00007ffbe9a2a000 	C:\WINDOWS\SYSTEM32\VERSION.dll
0x00007ffbefd40000 - 0x00007ffbefdaf000 	C:\WINDOWS\System32\WS2_32.dll
0x00007ffbedab0000 - 0x00007ffbedac8000 	C:\WINDOWS\SYSTEM32\kernel.appcore.dll
0x00007ffbc34a0000 - 0x00007ffbc34b1000 	C:\Program Files\Android\Android Studio\jre\bin\verify.dll
0x00007ffbde790000 - 0x00007ffbde9b1000 	C:\WINDOWS\SYSTEM32\DBGHELP.DLL
0x00007ffbda440000 - 0x00007ffbda471000 	C:\WINDOWS\SYSTEM32\dbgcore.DLL
0x00007ffbef0e0000 - 0x00007ffbef15f000 	C:\WINDOWS\System32\bcryptPrimitives.dll
0x00007ffbc33b0000 - 0x00007ffbc33d9000 	C:\Program Files\Android\Android Studio\jre\bin\java.dll
0x00007ffbdb520000 - 0x00007ffbdb52b000 	C:\Program Files\Android\Android Studio\jre\bin\jimage.dll
0x00007ffbc0030000 - 0x00007ffbc0048000 	C:\Program Files\Android\Android Studio\jre\bin\zip.dll
0x00007ffbeff60000 - 0x00007ffbf070e000 	C:\WINDOWS\System32\SHELL32.dll
0x00007ffbeca00000 - 0x00007ffbed267000 	C:\WINDOWS\SYSTEM32\windows.storage.dll
0x00007ffbef250000 - 0x00007ffbef5c8000 	C:\WINDOWS\System32\combase.dll
0x00007ffbec890000 - 0x00007ffbec9f6000 	C:\WINDOWS\SYSTEM32\wintypes.dll
0x00007ffbf0b20000 - 0x00007ffbf0c0a000 	C:\WINDOWS\System32\SHCORE.dll
0x00007ffbf1240000 - 0x00007ffbf129d000 	C:\WINDOWS\System32\shlwapi.dll
0x00007ffbee7d0000 - 0x00007ffbee7f1000 	C:\WINDOWS\SYSTEM32\profapi.dll
0x00007ffbc0010000 - 0x00007ffbc002a000 	C:\Program Files\Android\Android Studio\jre\bin\net.dll
0x00007ffbe9c30000 - 0x00007ffbe9d3c000 	C:\WINDOWS\SYSTEM32\WINHTTP.dll
0x00007ffbedec0000 - 0x00007ffbedf27000 	C:\WINDOWS\system32\mswsock.dll
0x00007ffbbad20000 - 0x00007ffbbad34000 	C:\Program Files\Android\Android Studio\jre\bin\nio.dll
0x00007ffbead90000 - 0x00007ffbeadb7000 	C:\Users\Mauro\.gradle\native\8bec1ad78214c89d9ad589b4d07fe93259594b29d510b10fafb7a158f7737e5d\windows-amd64\native-platform.dll
0x00007ffbd4900000 - 0x00007ffbd4a3d000 	C:\Users\Mauro\.gradle\native\53dbd7edfb1c66fb8903c78663c9afc45aea4f116125fa6feffd364cf09443e8\windows-amd64\native-platform-file-events.dll
0x00007ffbd9010000 - 0x00007ffbd901a000 	C:\Program Files\Android\Android Studio\jre\bin\management.dll
0x00007ffbd8e10000 - 0x00007ffbd8e1c000 	C:\Program Files\Android\Android Studio\jre\bin\management_ext.dll
0x00007ffbee100000 - 0x00007ffbee118000 	C:\WINDOWS\SYSTEM32\CRYPTSP.dll
0x00007ffbeda10000 - 0x00007ffbeda45000 	C:\WINDOWS\system32\rsaenh.dll
0x00007ffbedfb0000 - 0x00007ffbedfd9000 	C:\WINDOWS\SYSTEM32\USERENV.dll
0x00007ffbee280000 - 0x00007ffbee2a7000 	C:\WINDOWS\SYSTEM32\bcrypt.dll
0x00007ffbee120000 - 0x00007ffbee12c000 	C:\WINDOWS\SYSTEM32\CRYPTBASE.dll
0x00007ffbed5f0000 - 0x00007ffbed61d000 	C:\WINDOWS\SYSTEM32\IPHLPAPI.DLL
0x00007ffbf09d0000 - 0x00007ffbf09d9000 	C:\WINDOWS\System32\NSI.dll
0x00007ffbe9c10000 - 0x00007ffbe9c29000 	C:\WINDOWS\SYSTEM32\dhcpcsvc6.DLL
0x00007ffbea070000 - 0x00007ffbea08e000 	C:\WINDOWS\SYSTEM32\dhcpcsvc.DLL
0x00007ffbed620000 - 0x00007ffbed707000 	C:\WINDOWS\SYSTEM32\DNSAPI.dll

dbghelp: loaded successfully - version: 4.0.5 - missing functions: none
symbol engine: initialized successfully - sym options: 0x614 - pdb path: .;C:\Program Files\Android\Android Studio\jre\bin;C:\WINDOWS\SYSTEM32;C:\WINDOWS\WinSxS\amd64_microsoft.windows.common-controls_6595b64144ccf1df_6.0.22000.120_none_9d947278b86cc467;C:\Program Files\Android\Android Studio\jre\bin\server;C:\Users\Mauro\.gradle\native\8bec1ad78214c89d9ad589b4d07fe93259594b29d510b10fafb7a158f7737e5d\windows-amd64;C:\Users\Mauro\.gradle\native\53dbd7edfb1c66fb8903c78663c9afc45aea4f116125fa6feffd364cf09443e8\windows-amd64

VM Arguments:
jvm_args: --add-opens=java.base/java.util=ALL-UNNAMED --add-opens=java.base/java.lang=ALL-UNNAMED --add-opens=java.base/java.lang.invoke=ALL-UNNAMED --add-opens=java.base/java.util=ALL-UNNAMED --add-opens=java.prefs/java.util.prefs=ALL-UNNAMED --add-opens=java.prefs/java.util.prefs=ALL-UNNAMED --add-opens=java.base/java.nio.charset=ALL-UNNAMED --add-opens=java.base/java.net=ALL-UNNAMED --add-opens=java.base/java.util.concurrent.atomic=ALL-UNNAMED -Xmx2048m -Dfile.encoding=UTF-8 -Duser.country=IT -Duser.language=it -Duser.variant 
java_command: org.gradle.launcher.daemon.bootstrap.GradleDaemon 7.0.2
java_class_path (initial): C:\Users\Mauro\.gradle\wrapper\dists\gradle-7.0.2-all\7era6s5ay7zsbhuvl0oc9g94s\gradle-7.0.2\lib\gradle-launcher-7.0.2.jar
Launcher Type: SUN_STANDARD

[Global flags]
     intx CICompilerCount                          = 4                                         {product} {ergonomic}
     uint ConcGCThreads                            = 2                                         {product} {ergonomic}
     uint G1ConcRefinementThreads                  = 8                                         {product} {ergonomic}
   size_t G1HeapRegionSize                         = 1048576                                   {product} {ergonomic}
    uintx GCDrainStackTargetSize                   = 64                                        {product} {ergonomic}
   size_t InitialHeapSize                          = 402653184                                 {product} {ergonomic}
   size_t MarkStackSize                            = 4194304                                   {product} {ergonomic}
   size_t MaxHeapSize                              = 2147483648                                {product} {command line}
   size_t MaxNewSize                               = 1287651328                                {product} {ergonomic}
   size_t MinHeapDeltaBytes                        = 1048576                                   {product} {ergonomic}
    uintx NonNMethodCodeHeapSize                   = 5836300                                {pd product} {ergonomic}
    uintx NonProfiledCodeHeapSize                  = 122910970                              {pd product} {ergonomic}
    uintx ProfiledCodeHeapSize                     = 122910970                              {pd product} {ergonomic}
    uintx ReservedCodeCacheSize                    = 251658240                              {pd product} {ergonomic}
     bool SegmentedCodeCache                       = true                                      {product} {ergonomic}
     bool UseCompressedClassPointers               = true                                 {lp64_product} {ergonomic}
     bool UseCompressedOops                        = true                                 {lp64_product} {ergonomic}
     bool UseG1GC                                  = true                                      {product} {ergonomic}
     bool UseLargePagesIndividualAllocation        = false                                  {pd product} {ergonomic}

Logging:
Log output configuration:
 #0: stdout all=warning uptime,level,tags
 #1: stderr all=off uptime,level,tags

Environment Variables:
PATH=C:\Program Files (x86)\Common Files\Oracle\Java\javapath;C:\Python39\Scripts\;C:\Python39\;C:\Windows\system32;C:\Windows;C:\Windows\System32\Wbem;C:\Windows\System32\WindowsPowerShell\v1.0\;C:\Windows\System32\OpenSSH\;C:\Program Files (x86)\EPSON\UPOSDriverForFiscal\JavaPOS;C:\Program Files (x86)\NVIDIA Corporation\PhysX\Common;C:\Program Files\nodejs\;C:\ProgramData\chocolatey\bin;C:\WINDOWS\system32;C:\WINDOWS;C:\WINDOWS\System32\Wbem;C:\WINDOWS\System32\WindowsPowerShell\v1.0\;C:\WINDOWS\System32\OpenSSH\;C:\Program Files (x86)\Microsoft SQL Server\150\DTS\Binn\;C:\Program Files\Azure Data Studio\bin;C:\Users\Mauro\AppData\Local\Microsoft\WindowsApps;C:\Program Files (x86)\Nmap;C:\Users\Mauro\AppData\Roaming\npm
USERNAME=Mauro
OS=Windows_NT
PROCESSOR_IDENTIFIER=Intel64 Family 6 Model 158 Stepping 13, GenuineIntel



---------------  S Y S T E M  ---------------

OS: Windows 10 , 64 bit Build 22000 (10.0.22000.318)
OS uptime: 11 days 20:26 hours

CPU:total 8 (initial active 8) (8 cores per cpu, 1 threads per core) family 6 model 158 stepping 13 microcode 0xde, cmov, cx8, fxsr, mmx, sse, sse2, sse3, ssse3, sse4.1, sse4.2, popcnt, avx, avx2, aes, clmul, erms, 3dnowpref, lzcnt, tsc, tscinvbit, bmi1, bmi2, adx, fma

Memory: 4k page, system-wide physical 24510M (10068M free)
TotalPageFile size 32569M (AvailPageFile size 5M)
current process WorkingSet (physical memory assigned to process): 571M, peak: 571M
current process commit charge ("private bytes"): 684M, peak: 685M

vm_info: OpenJDK 64-Bit Server VM (11.0.10+0-b96-7249189) for windows-amd64 JRE (11.0.10+0-b96-7249189), built on Mar 31 2021 21:44:00 by "builder" with MS VC++ 14.0 (VS2015)

END.
