#
# There is insufficient memory for the Java Runtime Environment to continue.
# Native memory allocation (malloc) failed to allocate 1010896 bytes for Chunk::new
# Possible reasons:
#   The system is out of physical RAM or swap space
#   The process is running with CompressedOops enabled, and the Java Heap may be blocking the growth of the native heap
# Possible solutions:
#   Reduce memory load on the system
#   Increase physical memory or swap space
#   Check if swap backing store is full
#   Decrease Java heap size (-Xmx/-Xms)
#   Decrease number of Java threads
#   Decrease Java thread stack sizes (-Xss)
#   Set larger code cache with -XX:ReservedCodeCacheSize=
#   JVM is running with Unscaled Compressed Oops mode in which the Java heap is
#     placed in the first 4GB address space. The Java Heap base address is the
#     maximum limit for the native heap growth. Please use -XX:HeapBaseMinAddress
#     to set the Java Heap base and to place the Java Heap above 4GB virtual address.
# This output file may be truncated or incomplete.
#
#  Out of Memory Error (./src/hotspot/share/memory/arena.cpp:197), pid=19912, tid=15376
#
# JRE version: OpenJDK Runtime Environment (11.0.10) (build 11.0.10+0-b96-7249189)
# Java VM: OpenJDK 64-Bit Server VM (11.0.10+0-b96-7249189, mixed mode, tiered, compressed oops, g1 gc, windows-amd64)
# No core dump will be written. Minidumps are not enabled by default on client versions of Windows
#

---------------  S U M M A R Y ------------

Command Line: --add-opens=java.base/java.util=ALL-UNNAMED --add-opens=java.base/java.lang=ALL-UNNAMED --add-opens=java.base/java.lang.invoke=ALL-UNNAMED --add-opens=java.base/java.util=ALL-UNNAMED --add-opens=java.prefs/java.util.prefs=ALL-UNNAMED --add-opens=java.prefs/java.util.prefs=ALL-UNNAMED --add-opens=java.base/java.nio.charset=ALL-UNNAMED --add-opens=java.base/java.net=ALL-UNNAMED --add-opens=java.base/java.util.concurrent.atomic=ALL-UNNAMED -Xmx2048m -Dfile.encoding=UTF-8 -Duser.country=IT -Duser.language=it -Duser.variant org.gradle.launcher.daemon.bootstrap.GradleDaemon 7.0.2

Host: Intel(R) Core(TM) i7-9700F CPU @ 3.00GHz, 8 cores, 23G,  Windows 10 , 64 bit Build 22000 (10.0.22000.318)
Time: Mon Jan  3 09:56:48 2022 ora solare Europa occidentale elapsed time: 6.360588 seconds (0d 0h 0m 6s)

---------------  T H R E A D  ---------------

Current thread (0x0000023f1e7ec800):  JavaThread "C2 CompilerThread1" daemon [_thread_in_native, id=15376, stack(0x000000afcb900000,0x000000afcba00000)]


Current CompileTask:
C2:   6360 7777       4       java.util.regex.Pattern::compile (498 bytes)

Stack: [0x000000afcb900000,0x000000afcba00000]
Native frames: (J=compiled Java code, j=interpreted, Vv=VM code, C=native code)
V  [jvm.dll+0x5ecfaa]
V  [jvm.dll+0x722bd5]
V  [jvm.dll+0x72412d]
V  [jvm.dll+0x7247e3]
V  [jvm.dll+0x242928]
V  [jvm.dll+0xbc4fc]
V  [jvm.dll+0xbca0c]
V  [jvm.dll+0x352d7d]
V  [jvm.dll+0x320ad3]
V  [jvm.dll+0x31ffca]
V  [jvm.dll+0x1fb602]
V  [jvm.dll+0x1fa7f4]
V  [jvm.dll+0x18354c]
V  [jvm.dll+0x208ee7]
V  [jvm.dll+0x207731]
V  [jvm.dll+0x6eb1cf]
V  [jvm.dll+0x6e3d45]
V  [jvm.dll+0x5ebe96]
C  [ucrtbase.dll+0x26c0c]
C  [KERNEL32.DLL+0x154e0]
C  [ntdll.dll+0x485b]


---------------  P R O C E S S  ---------------

Threads class SMR info:
_java_thread_list=0x0000023f1be70f20, length=41, elements={
0x0000023f773be800, 0x0000023f14106000, 0x0000023f14109000, 0x0000023f1385d800,
0x0000023f14162800, 0x0000023f14163000, 0x0000023f14166000, 0x0000023f14167000,
0x0000023f1417f800, 0x0000023f142d5800, 0x0000023f16058000, 0x0000023f1641b800,
0x0000023f164c7800, 0x0000023f161cc800, 0x0000023f166db800, 0x0000023f15969000,
0x0000023f1596a000, 0x0000023f1596a800, 0x0000023f1596b800, 0x0000023f15967800,
0x0000023f1aaa9000, 0x0000023f1aaac800, 0x0000023f1aaae000, 0x0000023f1aaaf800,
0x0000023f1aab2000, 0x0000023f19b5a800, 0x0000023f19b55000, 0x0000023f19b56800,
0x0000023f19b5b800, 0x0000023f19b5c800, 0x0000023f19b5d000, 0x0000023f19b56000,
0x0000023f19b59000, 0x0000023f19b57800, 0x0000023f19b5e000, 0x0000023f19b58800,
0x0000023f1e7ec800, 0x0000023f19b5f000, 0x0000023f19b5f800, 0x0000023f19b5a000,
0x0000023f19b63800
}

Java Threads: ( => current thread )
  0x0000023f773be800 JavaThread "main" [_thread_blocked, id=15504, stack(0x000000afc9700000,0x000000afc9800000)]
  0x0000023f14106000 JavaThread "Reference Handler" daemon [_thread_blocked, id=16328, stack(0x000000afc9e00000,0x000000afc9f00000)]
  0x0000023f14109000 JavaThread "Finalizer" daemon [_thread_blocked, id=3904, stack(0x000000afc9f00000,0x000000afca000000)]
  0x0000023f1385d800 JavaThread "Signal Dispatcher" daemon [_thread_blocked, id=13060, stack(0x000000afca000000,0x000000afca100000)]
  0x0000023f14162800 JavaThread "Attach Listener" daemon [_thread_blocked, id=7760, stack(0x000000afca100000,0x000000afca200000)]
  0x0000023f14163000 JavaThread "Service Thread" daemon [_thread_blocked, id=14604, stack(0x000000afca200000,0x000000afca300000)]
  0x0000023f14166000 JavaThread "C2 CompilerThread0" daemon [_thread_in_native, id=7696, stack(0x000000afca300000,0x000000afca400000)]
  0x0000023f14167000 JavaThread "C1 CompilerThread0" daemon [_thread_blocked, id=13540, stack(0x000000afca400000,0x000000afca500000)]
  0x0000023f1417f800 JavaThread "Sweeper thread" daemon [_thread_blocked, id=13724, stack(0x000000afca500000,0x000000afca600000)]
  0x0000023f142d5800 JavaThread "Common-Cleaner" daemon [_thread_blocked, id=8128, stack(0x000000afca600000,0x000000afca700000)]
  0x0000023f16058000 JavaThread "Daemon health stats" [_thread_blocked, id=5052, stack(0x000000afcb100000,0x000000afcb200000)]
  0x0000023f1641b800 JavaThread "Incoming local TCP Connector on port 1205" [_thread_in_native, id=20356, stack(0x000000afcb200000,0x000000afcb300000)]
  0x0000023f164c7800 JavaThread "Daemon periodic checks" [_thread_blocked, id=6456, stack(0x000000afcb300000,0x000000afcb400000)]
  0x0000023f161cc800 JavaThread "Daemon" [_thread_blocked, id=13504, stack(0x000000afcb400000,0x000000afcb500000)]
  0x0000023f166db800 JavaThread "Daemon worker" [_thread_in_Java, id=19076, stack(0x000000afcb700000,0x000000afcb800000)]
  0x0000023f15969000 JavaThread "Cache worker for file hash cache (C:\Users\Mauro\.gradle\caches\7.0.2\fileHashes)" [_thread_blocked, id=6412, stack(0x000000afcbb00000,0x000000afcbc00000)]
  0x0000023f1596a000 JavaThread "File lock request listener" [_thread_in_native, id=4332, stack(0x000000afcbc00000,0x000000afcbd00000)]
  0x0000023f1596a800 JavaThread "Cache worker for journal cache (C:\Users\Mauro\.gradle\caches\journal-1)" [_thread_blocked, id=12392, stack(0x000000afcbe00000,0x000000afcbf00000)]
  0x0000023f1596b800 JavaThread "File watcher server" daemon [_thread_in_native, id=17028, stack(0x000000afcc000000,0x000000afcc100000)]
  0x0000023f15967800 JavaThread "File watcher consumer" daemon [_thread_blocked, id=14744, stack(0x000000afcc100000,0x000000afcc200000)]
  0x0000023f1aaa9000 JavaThread "Cache worker for execution history cache (C:\Users\Mauro\.gradle\caches\7.0.2\executionHistory)" [_thread_blocked, id=9560, stack(0x000000afcc500000,0x000000afcc600000)]
  0x0000023f1aaac800 JavaThread "jar transforms" [_thread_blocked, id=3972, stack(0x000000afcc600000,0x000000afcc700000)]
  0x0000023f1aaae000 JavaThread "jar transforms Thread 2" [_thread_blocked, id=20268, stack(0x000000afcc700000,0x000000afcc800000)]
  0x0000023f1aaaf800 JavaThread "Cache worker for file content cache (C:\Users\Mauro\.gradle\caches\7.0.2\fileContent)" [_thread_blocked, id=17384, stack(0x000000afcc800000,0x000000afcc900000)]
  0x0000023f1aab2000 JavaThread "jar transforms Thread 3" [_thread_blocked, id=4784, stack(0x000000afcca00000,0x000000afccb00000)]
  0x0000023f19b5a800 JavaThread "jar transforms Thread 4" [_thread_blocked, id=6684, stack(0x000000afcd400000,0x000000afcd500000)]
  0x0000023f19b55000 JavaThread "jar transforms Thread 5" [_thread_blocked, id=17944, stack(0x000000afcd500000,0x000000afcd600000)]
  0x0000023f19b56800 JavaThread "jar transforms Thread 6" [_thread_blocked, id=10036, stack(0x000000afcd600000,0x000000afcd700000)]
  0x0000023f19b5b800 JavaThread "jar transforms Thread 7" [_thread_blocked, id=7660, stack(0x000000afcd700000,0x000000afcd800000)]
  0x0000023f19b5c800 JavaThread "jar transforms Thread 8" [_thread_blocked, id=15380, stack(0x000000afcd800000,0x000000afcd900000)]
  0x0000023f19b5d000 JavaThread "Memory manager" [_thread_blocked, id=14620, stack(0x000000afcd900000,0x000000afcda00000)]
  0x0000023f19b56000 JavaThread "Handler for socket connection from /127.0.0.1:1205 to /127.0.0.1:1213" [_thread_in_native, id=12240, stack(0x000000afca800000,0x000000afca900000)]
  0x0000023f19b59000 JavaThread "Cancel handler" [_thread_blocked, id=9252, stack(0x000000afca900000,0x000000afcaa00000)]
  0x0000023f19b57800 JavaThread "Asynchronous log dispatcher for DefaultDaemonConnection: socket connection from /127.0.0.1:1205 to /127.0.0.1:1213" [_thread_blocked, id=18904, stack(0x000000afcb500000,0x000000afcb600000)]
  0x0000023f19b5e000 JavaThread "Stdin handler" [_thread_blocked, id=8, stack(0x000000afcb600000,0x000000afcb700000)]
  0x0000023f19b58800 JavaThread "Daemon client event forwarder" [_thread_blocked, id=19816, stack(0x000000afcb800000,0x000000afcb900000)]
=>0x0000023f1e7ec800 JavaThread "C2 CompilerThread1" daemon [_thread_in_native, id=15376, stack(0x000000afcb900000,0x000000afcba00000)]
  0x0000023f19b5f000 JavaThread "Cache worker for file hash cache (C:\Users\Mauro\Desktop\PalmareBDiBimbi\.gradle\7.0.2\fileHashes)" [_thread_blocked, id=14776, stack(0x000000afcba00000,0x000000afcbb00000)]
  0x0000023f19b5f800 JavaThread "Cache worker for checksums cache (C:\Users\Mauro\Desktop\PalmareBDiBimbi\.gradle\checksums)" [_thread_blocked, id=17588, stack(0x000000afcbf00000,0x000000afcc000000)]
  0x0000023f19b5a000 JavaThread "Cache worker for cache directory md-supplier (C:\Users\Mauro\.gradle\caches\7.0.2\md-supplier)" [_thread_blocked, id=6796, stack(0x000000afcc200000,0x000000afcc300000)]
  0x0000023f19b63800 JavaThread "Cache worker for cache directory md-rule (C:\Users\Mauro\.gradle\caches\7.0.2\md-rule)" [_thread_blocked, id=15784, stack(0x000000afcc300000,0x000000afcc400000)]

Other Threads:
  0x0000023f14104800 VMThread "VM Thread" [stack: 0x000000afc9d00000,0x000000afc9e00000] [id=18596]
  0x0000023f142ec000 WatcherThread [stack: 0x000000afca700000,0x000000afca800000] [id=8504]
  0x0000023f773d6000 GCTaskThread "GC Thread#0" [stack: 0x000000afc9800000,0x000000afc9900000] [id=9564]
  0x0000023f1551f800 GCTaskThread "GC Thread#1" [stack: 0x000000afcaa00000,0x000000afcab00000] [id=8880]
  0x0000023f154e2000 GCTaskThread "GC Thread#2" [stack: 0x000000afcab00000,0x000000afcac00000] [id=12852]
  0x0000023f15078000 GCTaskThread "GC Thread#3" [stack: 0x000000afcac00000,0x000000afcad00000] [id=5040]
  0x0000023f1526f800 GCTaskThread "GC Thread#4" [stack: 0x000000afcad00000,0x000000afcae00000] [id=17960]
  0x0000023f150fa800 GCTaskThread "GC Thread#5" [stack: 0x000000afcae00000,0x000000afcaf00000] [id=3880]
  0x0000023f1574d000 GCTaskThread "GC Thread#6" [stack: 0x000000afcaf00000,0x000000afcb000000] [id=10308]
  0x0000023f153a3800 GCTaskThread "GC Thread#7" [stack: 0x000000afcb000000,0x000000afcb100000] [id=10532]
  0x0000023f7740b000 ConcurrentGCThread "G1 Main Marker" [stack: 0x000000afc9900000,0x000000afc9a00000] [id=8620]
  0x0000023f7740c000 ConcurrentGCThread "G1 Conc#0" [stack: 0x000000afc9a00000,0x000000afc9b00000] [id=12276]
  0x0000023f1532e800 ConcurrentGCThread "G1 Conc#1" [stack: 0x000000afcbd00000,0x000000afcbe00000] [id=11092]
  0x0000023f13748800 ConcurrentGCThread "G1 Refine#0" [stack: 0x000000afc9b00000,0x000000afc9c00000] [id=11144]
  0x0000023f13749800 ConcurrentGCThread "G1 Young RemSet Sampling" [stack: 0x000000afc9c00000,0x000000afc9d00000] [id=5436]

Threads with active compile tasks:
C2 CompilerThread0   6368 7762       4       java.net.URLClassLoader$1::run (5 bytes)
C2 CompilerThread1   6368 7777       4       java.util.regex.Pattern::compile (498 bytes)

VM state:not at safepoint (normal execution)

VM Mutex/Monitor currently owned by a thread: None

Heap address: 0x0000000080000000, size: 2048 MB, Compressed Oops mode: 32-bit
Narrow klass base: 0x0000000000000000, Narrow klass shift: 3
Compressed class space size: 1073741824 Address: 0x0000000100000000

Heap:
 garbage-first heap   total 393216K, used 119577K [0x0000000080000000, 0x0000000100000000)
  region size 1024K, 68 young (69632K), 29 survivors (29696K)
 Metaspace       used 79355K, capacity 81501K, committed 81664K, reserved 1120256K
  class space    used 10433K, capacity 11261K, committed 11340K, reserved 1048576K
Heap Regions: E=young(eden), S=young(survivor), O=old, HS=humongous(starts), HC=humongous(continues), CS=collection set, F=free, A=archive, TAMS=top-at-mark-start (previous, next)
|   0|0x0000000080000000, 0x0000000080100000, 0x0000000080100000|100%| O|  |TAMS 0x0000000080100000, 0x0000000080000000| Untracked 
|   1|0x0000000080100000, 0x0000000080200000, 0x0000000080200000|100%| O|  |TAMS 0x0000000080200000, 0x0000000080100000| Untracked 
|   2|0x0000000080200000, 0x0000000080300000, 0x0000000080300000|100%| O|  |TAMS 0x0000000080300000, 0x0000000080200000| Untracked 
|   3|0x0000000080300000, 0x0000000080400000, 0x0000000080400000|100%|HS|  |TAMS 0x0000000080400000, 0x0000000080300000| Complete 
|   4|0x0000000080400000, 0x0000000080500000, 0x0000000080500000|100%|HC|  |TAMS 0x0000000080500000, 0x0000000080400000| Complete 
|   5|0x0000000080500000, 0x0000000080600000, 0x0000000080600000|100%|HC|  |TAMS 0x0000000080600000, 0x0000000080500000| Complete 
|   6|0x0000000080600000, 0x0000000080700000, 0x0000000080700000|100%| O|  |TAMS 0x0000000080700000, 0x0000000080600000| Untracked 
|   7|0x0000000080700000, 0x0000000080800000, 0x0000000080800000|100%| O|  |TAMS 0x0000000080800000, 0x0000000080700000| Untracked 
|   8|0x0000000080800000, 0x0000000080900000, 0x0000000080900000|100%| O|  |TAMS 0x0000000080900000, 0x0000000080800000| Untracked 
|   9|0x0000000080900000, 0x0000000080a00000, 0x0000000080a00000|100%| O|  |TAMS 0x0000000080a00000, 0x0000000080900000| Untracked 
|  10|0x0000000080a00000, 0x0000000080b00000, 0x0000000080b00000|100%| O|  |TAMS 0x0000000080b00000, 0x0000000080a00000| Untracked 
|  11|0x0000000080b00000, 0x0000000080c00000, 0x0000000080c00000|100%| O|  |TAMS 0x0000000080c00000, 0x0000000080b00000| Untracked 
|  12|0x0000000080c00000, 0x0000000080d00000, 0x0000000080d00000|100%| O|  |TAMS 0x0000000080d00000, 0x0000000080c00000| Untracked 
|  13|0x0000000080d00000, 0x0000000080e00000, 0x0000000080e00000|100%| O|  |TAMS 0x0000000080e00000, 0x0000000080d00000| Untracked 
|  14|0x0000000080e00000, 0x0000000080f00000, 0x0000000080f00000|100%| O|  |TAMS 0x0000000080f00000, 0x0000000080e00000| Untracked 
|  15|0x0000000080f00000, 0x0000000081000000, 0x0000000081000000|100%| O|  |TAMS 0x0000000081000000, 0x0000000080f00000| Untracked 
|  16|0x0000000081000000, 0x0000000081100000, 0x0000000081100000|100%| O|  |TAMS 0x000000008102bc00, 0x0000000081000000| Untracked 
|  17|0x0000000081100000, 0x0000000081200000, 0x0000000081200000|100%|HS|  |TAMS 0x0000000081200000, 0x0000000081100000| Complete 
|  18|0x0000000081200000, 0x0000000081300000, 0x0000000081300000|100%|HS|  |TAMS 0x0000000081300000, 0x0000000081200000| Complete 
|  19|0x0000000081300000, 0x0000000081400000, 0x0000000081400000|100%|HS|  |TAMS 0x0000000081400000, 0x0000000081300000| Complete 
|  20|0x0000000081400000, 0x0000000081500000, 0x0000000081500000|100%|HS|  |TAMS 0x0000000081500000, 0x0000000081400000| Complete 
|  21|0x0000000081500000, 0x0000000081600000, 0x0000000081600000|100%|HC|  |TAMS 0x0000000081600000, 0x0000000081500000| Complete 
|  22|0x0000000081600000, 0x0000000081700000, 0x0000000081700000|100%|HC|  |TAMS 0x0000000081700000, 0x0000000081600000| Complete 
|  23|0x0000000081700000, 0x0000000081800000, 0x0000000081800000|100%|HS|  |TAMS 0x0000000081800000, 0x0000000081700000| Complete 
|  24|0x0000000081800000, 0x0000000081900000, 0x0000000081900000|100%|HC|  |TAMS 0x0000000081900000, 0x0000000081800000| Complete 
|  25|0x0000000081900000, 0x0000000081900000, 0x0000000081a00000|  0%| F|  |TAMS 0x0000000081900000, 0x0000000081900000| Untracked 
|  26|0x0000000081a00000, 0x0000000081b00000, 0x0000000081b00000|100%| O|  |TAMS 0x0000000081a00000, 0x0000000081a00000| Untracked 
|  27|0x0000000081b00000, 0x0000000081c00000, 0x0000000081c00000|100%| O|  |TAMS 0x0000000081b00000, 0x0000000081b00000| Untracked 
|  28|0x0000000081c00000, 0x0000000081d00000, 0x0000000081d00000|100%| O|  |TAMS 0x0000000081c00000, 0x0000000081c00000| Untracked 
|  29|0x0000000081d00000, 0x0000000081e00000, 0x0000000081e00000|100%| O|  |TAMS 0x0000000081d00000, 0x0000000081d00000| Untracked 
|  30|0x0000000081e00000, 0x0000000081f00000, 0x0000000081f00000|100%| O|  |TAMS 0x0000000081e00000, 0x0000000081e00000| Untracked 
|  31|0x0000000081f00000, 0x0000000082000000, 0x0000000082000000|100%| O|  |TAMS 0x0000000081f00000, 0x0000000081f00000| Untracked 
|  32|0x0000000082000000, 0x0000000082100000, 0x0000000082100000|100%| O|  |TAMS 0x0000000082000000, 0x0000000082000000| Untracked 
|  33|0x0000000082100000, 0x0000000082200000, 0x0000000082200000|100%| O|  |TAMS 0x0000000082100000, 0x0000000082100000| Untracked 
|  34|0x0000000082200000, 0x0000000082300000, 0x0000000082300000|100%| O|  |TAMS 0x0000000082200000, 0x0000000082200000| Untracked 
|  35|0x0000000082300000, 0x0000000082400000, 0x0000000082400000|100%| O|  |TAMS 0x0000000082300000, 0x0000000082300000| Untracked 
|  36|0x0000000082400000, 0x00000000824c6600, 0x0000000082500000| 77%| O|  |TAMS 0x0000000082400000, 0x0000000082400000| Untracked 
|  37|0x0000000082500000, 0x0000000082600000, 0x0000000082600000|100%|HS|  |TAMS 0x0000000082500000, 0x0000000082500000| Complete 
|  38|0x0000000082600000, 0x0000000082700000, 0x0000000082700000|100%|HC|  |TAMS 0x0000000082600000, 0x0000000082600000| Complete 
|  39|0x0000000082700000, 0x0000000082800000, 0x0000000082800000|100%|HS|  |TAMS 0x0000000082700000, 0x0000000082700000| Complete 
|  40|0x0000000082800000, 0x0000000082900000, 0x0000000082900000|100%|HC|  |TAMS 0x0000000082800000, 0x0000000082800000| Complete 
|  41|0x0000000082900000, 0x0000000082a00000, 0x0000000082a00000|100%|HC|  |TAMS 0x0000000082900000, 0x0000000082900000| Complete 
|  42|0x0000000082a00000, 0x0000000082b00000, 0x0000000082b00000|100%|HS|  |TAMS 0x0000000082a00000, 0x0000000082a00000| Complete 
|  43|0x0000000082b00000, 0x0000000082c00000, 0x0000000082c00000|100%|HC|  |TAMS 0x0000000082b00000, 0x0000000082b00000| Complete 
|  44|0x0000000082c00000, 0x0000000082d00000, 0x0000000082d00000|100%|HC|  |TAMS 0x0000000082c00000, 0x0000000082c00000| Complete 
|  45|0x0000000082d00000, 0x0000000082e00000, 0x0000000082e00000|100%|HC|  |TAMS 0x0000000082d00000, 0x0000000082d00000| Complete 
|  46|0x0000000082e00000, 0x0000000082f00000, 0x0000000082f00000|100%|HC|  |TAMS 0x0000000082e00000, 0x0000000082e00000| Complete 
|  47|0x0000000082f00000, 0x0000000083000000, 0x0000000083000000|100%|HS|  |TAMS 0x0000000082f00000, 0x0000000082f00000| Complete 
|  48|0x0000000083000000, 0x0000000083100000, 0x0000000083100000|100%|HC|  |TAMS 0x0000000083000000, 0x0000000083000000| Complete 
|  49|0x0000000083100000, 0x0000000083200000, 0x0000000083200000|100%|HC|  |TAMS 0x0000000083100000, 0x0000000083100000| Complete 
|  50|0x0000000083200000, 0x0000000083300000, 0x0000000083300000|100%|HC|  |TAMS 0x0000000083200000, 0x0000000083200000| Complete 
|  51|0x0000000083300000, 0x0000000083400000, 0x0000000083400000|100%|HC|  |TAMS 0x0000000083300000, 0x0000000083300000| Complete 
|  52|0x0000000083400000, 0x0000000083400000, 0x0000000083500000|  0%| F|  |TAMS 0x0000000083400000, 0x0000000083400000| Untracked 
|  53|0x0000000083500000, 0x0000000083500000, 0x0000000083600000|  0%| F|  |TAMS 0x0000000083500000, 0x0000000083500000| Untracked 
|  54|0x0000000083600000, 0x0000000083600000, 0x0000000083700000|  0%| F|  |TAMS 0x0000000083600000, 0x0000000083600000| Untracked 
|  55|0x0000000083700000, 0x0000000083700000, 0x0000000083800000|  0%| F|  |TAMS 0x0000000083700000, 0x0000000083700000| Untracked 
|  56|0x0000000083800000, 0x0000000083800000, 0x0000000083900000|  0%| F|  |TAMS 0x0000000083800000, 0x0000000083800000| Untracked 
|  57|0x0000000083900000, 0x0000000083900000, 0x0000000083a00000|  0%| F|  |TAMS 0x0000000083900000, 0x0000000083900000| Untracked 
|  58|0x0000000083a00000, 0x0000000083a00000, 0x0000000083b00000|  0%| F|  |TAMS 0x0000000083a00000, 0x0000000083a00000| Untracked 
|  59|0x0000000083b00000, 0x0000000083b00000, 0x0000000083c00000|  0%| F|  |TAMS 0x0000000083b00000, 0x0000000083b00000| Untracked 
|  60|0x0000000083c00000, 0x0000000083c00000, 0x0000000083d00000|  0%| F|  |TAMS 0x0000000083c00000, 0x0000000083c00000| Untracked 
|  61|0x0000000083d00000, 0x0000000083d00000, 0x0000000083e00000|  0%| F|  |TAMS 0x0000000083d00000, 0x0000000083d00000| Untracked 
|  62|0x0000000083e00000, 0x0000000083e00000, 0x0000000083f00000|  0%| F|  |TAMS 0x0000000083e00000, 0x0000000083e00000| Untracked 
|  63|0x0000000083f00000, 0x0000000083f00000, 0x0000000084000000|  0%| F|  |TAMS 0x0000000083f00000, 0x0000000083f00000| Untracked 
|  64|0x0000000084000000, 0x0000000084000000, 0x0000000084100000|  0%| F|  |TAMS 0x0000000084000000, 0x0000000084000000| Untracked 
|  65|0x0000000084100000, 0x0000000084100000, 0x0000000084200000|  0%| F|  |TAMS 0x0000000084100000, 0x0000000084100000| Untracked 
|  66|0x0000000084200000, 0x0000000084200000, 0x0000000084300000|  0%| F|  |TAMS 0x0000000084200000, 0x0000000084200000| Untracked 
|  67|0x0000000084300000, 0x0000000084300000, 0x0000000084400000|  0%| F|  |TAMS 0x0000000084300000, 0x0000000084300000| Untracked 
|  68|0x0000000084400000, 0x0000000084400000, 0x0000000084500000|  0%| F|  |TAMS 0x0000000084400000, 0x0000000084400000| Untracked 
|  69|0x0000000084500000, 0x0000000084500000, 0x0000000084600000|  0%| F|  |TAMS 0x0000000084500000, 0x0000000084500000| Untracked 
|  70|0x0000000084600000, 0x0000000084600000, 0x0000000084700000|  0%| F|  |TAMS 0x0000000084600000, 0x0000000084600000| Untracked 
|  71|0x0000000084700000, 0x0000000084700000, 0x0000000084800000|  0%| F|  |TAMS 0x0000000084700000, 0x0000000084700000| Untracked 
|  72|0x0000000084800000, 0x0000000084800000, 0x0000000084900000|  0%| F|  |TAMS 0x0000000084800000, 0x0000000084800000| Untracked 
|  73|0x0000000084900000, 0x0000000084900000, 0x0000000084a00000|  0%| F|  |TAMS 0x0000000084900000, 0x0000000084900000| Untracked 
|  74|0x0000000084a00000, 0x0000000084a00000, 0x0000000084b00000|  0%| F|  |TAMS 0x0000000084a00000, 0x0000000084a00000| Untracked 
|  75|0x0000000084b00000, 0x0000000084b00000, 0x0000000084c00000|  0%| F|  |TAMS 0x0000000084b00000, 0x0000000084b00000| Untracked 
|  76|0x0000000084c00000, 0x0000000084c00000, 0x0000000084d00000|  0%| F|  |TAMS 0x0000000084c00000, 0x0000000084c00000| Untracked 
|  77|0x0000000084d00000, 0x0000000084d00000, 0x0000000084e00000|  0%| F|  |TAMS 0x0000000084d00000, 0x0000000084d00000| Untracked 
|  78|0x0000000084e00000, 0x0000000084e00000, 0x0000000084f00000|  0%| F|  |TAMS 0x0000000084e00000, 0x0000000084e00000| Untracked 
|  79|0x0000000084f00000, 0x0000000084f00000, 0x0000000085000000|  0%| F|  |TAMS 0x0000000084f00000, 0x0000000084f00000| Untracked 
|  80|0x0000000085000000, 0x0000000085000000, 0x0000000085100000|  0%| F|  |TAMS 0x0000000085000000, 0x0000000085000000| Untracked 
|  81|0x0000000085100000, 0x0000000085100000, 0x0000000085200000|  0%| F|  |TAMS 0x0000000085100000, 0x0000000085100000| Untracked 
|  82|0x0000000085200000, 0x0000000085200000, 0x0000000085300000|  0%| F|  |TAMS 0x0000000085200000, 0x0000000085200000| Untracked 
|  83|0x0000000085300000, 0x0000000085300000, 0x0000000085400000|  0%| F|  |TAMS 0x0000000085300000, 0x0000000085300000| Untracked 
|  84|0x0000000085400000, 0x0000000085400000, 0x0000000085500000|  0%| F|  |TAMS 0x0000000085400000, 0x0000000085400000| Untracked 
|  85|0x0000000085500000, 0x0000000085500000, 0x0000000085600000|  0%| F|  |TAMS 0x0000000085500000, 0x0000000085500000| Untracked 
|  86|0x0000000085600000, 0x0000000085600000, 0x0000000085700000|  0%| F|  |TAMS 0x0000000085600000, 0x0000000085600000| Untracked 
|  87|0x0000000085700000, 0x0000000085700000, 0x0000000085800000|  0%| F|  |TAMS 0x0000000085700000, 0x0000000085700000| Untracked 
|  88|0x0000000085800000, 0x0000000085800000, 0x0000000085900000|  0%| F|  |TAMS 0x0000000085800000, 0x0000000085800000| Untracked 
|  89|0x0000000085900000, 0x0000000085900000, 0x0000000085a00000|  0%| F|  |TAMS 0x0000000085900000, 0x0000000085900000| Untracked 
|  90|0x0000000085a00000, 0x0000000085a00000, 0x0000000085b00000|  0%| F|  |TAMS 0x0000000085a00000, 0x0000000085a00000| Untracked 
|  91|0x0000000085b00000, 0x0000000085b00000, 0x0000000085c00000|  0%| F|  |TAMS 0x0000000085b00000, 0x0000000085b00000| Untracked 
|  92|0x0000000085c00000, 0x0000000085c00000, 0x0000000085d00000|  0%| F|  |TAMS 0x0000000085c00000, 0x0000000085c00000| Untracked 
|  93|0x0000000085d00000, 0x0000000085d00000, 0x0000000085e00000|  0%| F|  |TAMS 0x0000000085d00000, 0x0000000085d00000| Untracked 
|  94|0x0000000085e00000, 0x0000000085e00000, 0x0000000085f00000|  0%| F|  |TAMS 0x0000000085e00000, 0x0000000085e00000| Untracked 
|  95|0x0000000085f00000, 0x0000000085f00000, 0x0000000086000000|  0%| F|  |TAMS 0x0000000085f00000, 0x0000000085f00000| Untracked 
|  96|0x0000000086000000, 0x0000000086000000, 0x0000000086100000|  0%| F|  |TAMS 0x0000000086000000, 0x0000000086000000| Untracked 
|  97|0x0000000086100000, 0x0000000086100000, 0x0000000086200000|  0%| F|  |TAMS 0x0000000086100000, 0x0000000086100000| Untracked 
|  98|0x0000000086200000, 0x0000000086200000, 0x0000000086300000|  0%| F|  |TAMS 0x0000000086200000, 0x0000000086200000| Untracked 
|  99|0x0000000086300000, 0x0000000086300000, 0x0000000086400000|  0%| F|  |TAMS 0x0000000086300000, 0x0000000086300000| Untracked 
| 100|0x0000000086400000, 0x0000000086400000, 0x0000000086500000|  0%| F|  |TAMS 0x0000000086400000, 0x0000000086400000| Untracked 
| 101|0x0000000086500000, 0x0000000086500000, 0x0000000086600000|  0%| F|  |TAMS 0x0000000086500000, 0x0000000086500000| Untracked 
| 102|0x0000000086600000, 0x0000000086600000, 0x0000000086700000|  0%| F|  |TAMS 0x0000000086600000, 0x0000000086600000| Untracked 
| 103|0x0000000086700000, 0x0000000086700000, 0x0000000086800000|  0%| F|  |TAMS 0x0000000086700000, 0x0000000086700000| Untracked 
| 104|0x0000000086800000, 0x0000000086800000, 0x0000000086900000|  0%| F|  |TAMS 0x0000000086800000, 0x0000000086800000| Untracked 
| 105|0x0000000086900000, 0x0000000086900000, 0x0000000086a00000|  0%| F|  |TAMS 0x0000000086900000, 0x0000000086900000| Untracked 
| 106|0x0000000086a00000, 0x0000000086a00000, 0x0000000086b00000|  0%| F|  |TAMS 0x0000000086a00000, 0x0000000086a00000| Untracked 
| 107|0x0000000086b00000, 0x0000000086b00000, 0x0000000086c00000|  0%| F|  |TAMS 0x0000000086b00000, 0x0000000086b00000| Untracked 
| 108|0x0000000086c00000, 0x0000000086c00000, 0x0000000086d00000|  0%| F|  |TAMS 0x0000000086c00000, 0x0000000086c00000| Untracked 
| 109|0x0000000086d00000, 0x0000000086d00000, 0x0000000086e00000|  0%| F|  |TAMS 0x0000000086d00000, 0x0000000086d00000| Untracked 
| 110|0x0000000086e00000, 0x0000000086e00000, 0x0000000086f00000|  0%| F|  |TAMS 0x0000000086e00000, 0x0000000086e00000| Untracked 
| 111|0x0000000086f00000, 0x0000000086f00000, 0x0000000087000000|  0%| F|  |TAMS 0x0000000086f00000, 0x0000000086f00000| Untracked 
| 112|0x0000000087000000, 0x0000000087000000, 0x0000000087100000|  0%| F|  |TAMS 0x0000000087000000, 0x0000000087000000| Untracked 
| 113|0x0000000087100000, 0x0000000087100000, 0x0000000087200000|  0%| F|  |TAMS 0x0000000087100000, 0x0000000087100000| Untracked 
| 114|0x0000000087200000, 0x0000000087200000, 0x0000000087300000|  0%| F|  |TAMS 0x0000000087200000, 0x0000000087200000| Untracked 
| 115|0x0000000087300000, 0x0000000087300000, 0x0000000087400000|  0%| F|  |TAMS 0x0000000087300000, 0x0000000087300000| Untracked 
| 116|0x0000000087400000, 0x0000000087400000, 0x0000000087500000|  0%| F|  |TAMS 0x0000000087400000, 0x0000000087400000| Untracked 
| 117|0x0000000087500000, 0x0000000087500000, 0x0000000087600000|  0%| F|  |TAMS 0x0000000087500000, 0x0000000087500000| Untracked 
| 118|0x0000000087600000, 0x0000000087600000, 0x0000000087700000|  0%| F|  |TAMS 0x0000000087600000, 0x0000000087600000| Untracked 
| 119|0x0000000087700000, 0x0000000087700000, 0x0000000087800000|  0%| F|  |TAMS 0x0000000087700000, 0x0000000087700000| Untracked 
| 120|0x0000000087800000, 0x0000000087800000, 0x0000000087900000|  0%| F|  |TAMS 0x0000000087800000, 0x0000000087800000| Untracked 
| 121|0x0000000087900000, 0x0000000087900000, 0x0000000087a00000|  0%| F|  |TAMS 0x0000000087900000, 0x0000000087900000| Untracked 
| 122|0x0000000087a00000, 0x0000000087a00000, 0x0000000087b00000|  0%| F|  |TAMS 0x0000000087a00000, 0x0000000087a00000| Untracked 
| 123|0x0000000087b00000, 0x0000000087b00000, 0x0000000087c00000|  0%| F|  |TAMS 0x0000000087b00000, 0x0000000087b00000| Untracked 
| 124|0x0000000087c00000, 0x0000000087c00000, 0x0000000087d00000|  0%| F|  |TAMS 0x0000000087c00000, 0x0000000087c00000| Untracked 
| 125|0x0000000087d00000, 0x0000000087e00000, 0x0000000087e00000|100%| S|CS|TAMS 0x0000000087d00000, 0x0000000087d00000| Complete 
| 126|0x0000000087e00000, 0x0000000087f00000, 0x0000000087f00000|100%| S|CS|TAMS 0x0000000087e00000, 0x0000000087e00000| Complete 
| 127|0x0000000087f00000, 0x0000000088000000, 0x0000000088000000|100%| S|CS|TAMS 0x0000000087f00000, 0x0000000087f00000| Complete 
| 128|0x0000000088000000, 0x0000000088100000, 0x0000000088100000|100%| S|CS|TAMS 0x0000000088000000, 0x0000000088000000| Complete 
| 129|0x0000000088100000, 0x0000000088200000, 0x0000000088200000|100%| S|CS|TAMS 0x0000000088100000, 0x0000000088100000| Complete 
| 130|0x0000000088200000, 0x0000000088300000, 0x0000000088300000|100%| S|CS|TAMS 0x0000000088200000, 0x0000000088200000| Complete 
| 131|0x0000000088300000, 0x0000000088400000, 0x0000000088400000|100%| S|CS|TAMS 0x0000000088300000, 0x0000000088300000| Complete 
| 132|0x0000000088400000, 0x0000000088500000, 0x0000000088500000|100%| S|CS|TAMS 0x0000000088400000, 0x0000000088400000| Complete 
| 133|0x0000000088500000, 0x0000000088600000, 0x0000000088600000|100%| S|CS|TAMS 0x0000000088500000, 0x0000000088500000| Complete 
| 134|0x0000000088600000, 0x0000000088700000, 0x0000000088700000|100%| S|CS|TAMS 0x0000000088600000, 0x0000000088600000| Complete 
| 135|0x0000000088700000, 0x0000000088800000, 0x0000000088800000|100%| S|CS|TAMS 0x0000000088700000, 0x0000000088700000| Complete 
| 136|0x0000000088800000, 0x0000000088900000, 0x0000000088900000|100%| S|CS|TAMS 0x0000000088800000, 0x0000000088800000| Complete 
| 137|0x0000000088900000, 0x0000000088a00000, 0x0000000088a00000|100%| S|CS|TAMS 0x0000000088900000, 0x0000000088900000| Complete 
| 138|0x0000000088a00000, 0x0000000088b00000, 0x0000000088b00000|100%| S|CS|TAMS 0x0000000088a00000, 0x0000000088a00000| Complete 
| 139|0x0000000088b00000, 0x0000000088c00000, 0x0000000088c00000|100%| S|CS|TAMS 0x0000000088b00000, 0x0000000088b00000| Complete 
| 140|0x0000000088c00000, 0x0000000088d00000, 0x0000000088d00000|100%| S|CS|TAMS 0x0000000088c00000, 0x0000000088c00000| Complete 
| 141|0x0000000088d00000, 0x0000000088e00000, 0x0000000088e00000|100%| S|CS|TAMS 0x0000000088d00000, 0x0000000088d00000| Complete 
| 142|0x0000000088e00000, 0x0000000088f00000, 0x0000000088f00000|100%| S|CS|TAMS 0x0000000088e00000, 0x0000000088e00000| Complete 
| 143|0x0000000088f00000, 0x0000000089000000, 0x0000000089000000|100%| S|CS|TAMS 0x0000000088f00000, 0x0000000088f00000| Complete 
| 144|0x0000000089000000, 0x0000000089100000, 0x0000000089100000|100%| S|CS|TAMS 0x0000000089000000, 0x0000000089000000| Complete 
| 145|0x0000000089100000, 0x0000000089200000, 0x0000000089200000|100%| S|CS|TAMS 0x0000000089100000, 0x0000000089100000| Complete 
| 146|0x0000000089200000, 0x0000000089300000, 0x0000000089300000|100%| S|CS|TAMS 0x0000000089200000, 0x0000000089200000| Complete 
| 147|0x0000000089300000, 0x0000000089400000, 0x0000000089400000|100%| S|CS|TAMS 0x0000000089300000, 0x0000000089300000| Complete 
| 148|0x0000000089400000, 0x0000000089500000, 0x0000000089500000|100%| S|CS|TAMS 0x0000000089400000, 0x0000000089400000| Complete 
| 149|0x0000000089500000, 0x0000000089600000, 0x0000000089600000|100%| S|CS|TAMS 0x0000000089500000, 0x0000000089500000| Complete 
| 150|0x0000000089600000, 0x0000000089700000, 0x0000000089700000|100%| S|CS|TAMS 0x0000000089600000, 0x0000000089600000| Complete 
| 151|0x0000000089700000, 0x0000000089800000, 0x0000000089800000|100%| S|CS|TAMS 0x0000000089700000, 0x0000000089700000| Complete 
| 152|0x0000000089800000, 0x0000000089900000, 0x0000000089900000|100%| S|CS|TAMS 0x0000000089800000, 0x0000000089800000| Complete 
| 153|0x0000000089900000, 0x0000000089a00000, 0x0000000089a00000|100%| S|CS|TAMS 0x0000000089900000, 0x0000000089900000| Complete 
| 154|0x0000000089a00000, 0x0000000089a00000, 0x0000000089b00000|  0%| F|  |TAMS 0x0000000089a00000, 0x0000000089a00000| Untracked 
| 155|0x0000000089b00000, 0x0000000089b00000, 0x0000000089c00000|  0%| F|  |TAMS 0x0000000089b00000, 0x0000000089b00000| Untracked 
| 156|0x0000000089c00000, 0x0000000089c00000, 0x0000000089d00000|  0%| F|  |TAMS 0x0000000089c00000, 0x0000000089c00000| Untracked 
| 157|0x0000000089d00000, 0x0000000089d00000, 0x0000000089e00000|  0%| F|  |TAMS 0x0000000089d00000, 0x0000000089d00000| Untracked 
| 158|0x0000000089e00000, 0x0000000089e00000, 0x0000000089f00000|  0%| F|  |TAMS 0x0000000089e00000, 0x0000000089e00000| Untracked 
| 159|0x0000000089f00000, 0x0000000089f00000, 0x000000008a000000|  0%| F|  |TAMS 0x0000000089f00000, 0x0000000089f00000| Untracked 
| 160|0x000000008a000000, 0x000000008a000000, 0x000000008a100000|  0%| F|  |TAMS 0x000000008a000000, 0x000000008a000000| Untracked 
| 161|0x000000008a100000, 0x000000008a100000, 0x000000008a200000|  0%| F|  |TAMS 0x000000008a100000, 0x000000008a100000| Untracked 
| 162|0x000000008a200000, 0x000000008a200000, 0x000000008a300000|  0%| F|  |TAMS 0x000000008a200000, 0x000000008a200000| Untracked 
| 163|0x000000008a300000, 0x000000008a300000, 0x000000008a400000|  0%| F|  |TAMS 0x000000008a300000, 0x000000008a300000| Untracked 
| 164|0x000000008a400000, 0x000000008a400000, 0x000000008a500000|  0%| F|  |TAMS 0x000000008a400000, 0x000000008a400000| Untracked 
| 165|0x000000008a500000, 0x000000008a500000, 0x000000008a600000|  0%| F|  |TAMS 0x000000008a500000, 0x000000008a500000| Untracked 
| 166|0x000000008a600000, 0x000000008a600000, 0x000000008a700000|  0%| F|  |TAMS 0x000000008a600000, 0x000000008a600000| Untracked 
| 167|0x000000008a700000, 0x000000008a700000, 0x000000008a800000|  0%| F|  |TAMS 0x000000008a700000, 0x000000008a700000| Untracked 
| 168|0x000000008a800000, 0x000000008a800000, 0x000000008a900000|  0%| F|  |TAMS 0x000000008a800000, 0x000000008a800000| Untracked 
| 169|0x000000008a900000, 0x000000008a900000, 0x000000008aa00000|  0%| F|  |TAMS 0x000000008a900000, 0x000000008a900000| Untracked 
| 170|0x000000008aa00000, 0x000000008aa00000, 0x000000008ab00000|  0%| F|  |TAMS 0x000000008aa00000, 0x000000008aa00000| Untracked 
| 171|0x000000008ab00000, 0x000000008ab00000, 0x000000008ac00000|  0%| F|  |TAMS 0x000000008ab00000, 0x000000008ab00000| Untracked 
| 172|0x000000008ac00000, 0x000000008ac00000, 0x000000008ad00000|  0%| F|  |TAMS 0x000000008ac00000, 0x000000008ac00000| Untracked 
| 173|0x000000008ad00000, 0x000000008ad00000, 0x000000008ae00000|  0%| F|  |TAMS 0x000000008ad00000, 0x000000008ad00000| Untracked 
| 174|0x000000008ae00000, 0x000000008ae00000, 0x000000008af00000|  0%| F|  |TAMS 0x000000008ae00000, 0x000000008ae00000| Untracked 
| 175|0x000000008af00000, 0x000000008af00000, 0x000000008b000000|  0%| F|  |TAMS 0x000000008af00000, 0x000000008af00000| Untracked 
| 176|0x000000008b000000, 0x000000008b000000, 0x000000008b100000|  0%| F|  |TAMS 0x000000008b000000, 0x000000008b000000| Untracked 
| 177|0x000000008b100000, 0x000000008b100000, 0x000000008b200000|  0%| F|  |TAMS 0x000000008b100000, 0x000000008b100000| Untracked 
| 178|0x000000008b200000, 0x000000008b200000, 0x000000008b300000|  0%| F|  |TAMS 0x000000008b200000, 0x000000008b200000| Untracked 
| 179|0x000000008b300000, 0x000000008b300000, 0x000000008b400000|  0%| F|  |TAMS 0x000000008b300000, 0x000000008b300000| Untracked 
| 180|0x000000008b400000, 0x000000008b400000, 0x000000008b500000|  0%| F|  |TAMS 0x000000008b400000, 0x000000008b400000| Untracked 
| 181|0x000000008b500000, 0x000000008b500000, 0x000000008b600000|  0%| F|  |TAMS 0x000000008b500000, 0x000000008b500000| Untracked 
| 182|0x000000008b600000, 0x000000008b600000, 0x000000008b700000|  0%| F|  |TAMS 0x000000008b600000, 0x000000008b600000| Untracked 
| 183|0x000000008b700000, 0x000000008b700000, 0x000000008b800000|  0%| F|  |TAMS 0x000000008b700000, 0x000000008b700000| Untracked 
| 184|0x000000008b800000, 0x000000008b800000, 0x000000008b900000|  0%| F|  |TAMS 0x000000008b800000, 0x000000008b800000| Untracked 
| 185|0x000000008b900000, 0x000000008b900000, 0x000000008ba00000|  0%| F|  |TAMS 0x000000008b900000, 0x000000008b900000| Untracked 
| 186|0x000000008ba00000, 0x000000008ba00000, 0x000000008bb00000|  0%| F|  |TAMS 0x000000008ba00000, 0x000000008ba00000| Untracked 
| 187|0x000000008bb00000, 0x000000008bb00000, 0x000000008bc00000|  0%| F|  |TAMS 0x000000008bb00000, 0x000000008bb00000| Untracked 
| 188|0x000000008bc00000, 0x000000008bc00000, 0x000000008bd00000|  0%| F|  |TAMS 0x000000008bc00000, 0x000000008bc00000| Untracked 
| 189|0x000000008bd00000, 0x000000008bd00000, 0x000000008be00000|  0%| F|  |TAMS 0x000000008bd00000, 0x000000008bd00000| Untracked 
| 190|0x000000008be00000, 0x000000008be00000, 0x000000008bf00000|  0%| F|  |TAMS 0x000000008be00000, 0x000000008be00000| Untracked 
| 191|0x000000008bf00000, 0x000000008bf00000, 0x000000008c000000|  0%| F|  |TAMS 0x000000008bf00000, 0x000000008bf00000| Untracked 
| 192|0x000000008c000000, 0x000000008c000000, 0x000000008c100000|  0%| F|  |TAMS 0x000000008c000000, 0x000000008c000000| Untracked 
| 193|0x000000008c100000, 0x000000008c100000, 0x000000008c200000|  0%| F|  |TAMS 0x000000008c100000, 0x000000008c100000| Untracked 
| 194|0x000000008c200000, 0x000000008c200000, 0x000000008c300000|  0%| F|  |TAMS 0x000000008c200000, 0x000000008c200000| Untracked 
| 195|0x000000008c300000, 0x000000008c300000, 0x000000008c400000|  0%| F|  |TAMS 0x000000008c300000, 0x000000008c300000| Untracked 
| 196|0x000000008c400000, 0x000000008c400000, 0x000000008c500000|  0%| F|  |TAMS 0x000000008c400000, 0x000000008c400000| Untracked 
| 197|0x000000008c500000, 0x000000008c500000, 0x000000008c600000|  0%| F|  |TAMS 0x000000008c500000, 0x000000008c500000| Untracked 
| 198|0x000000008c600000, 0x000000008c600000, 0x000000008c700000|  0%| F|  |TAMS 0x000000008c600000, 0x000000008c600000| Untracked 
| 199|0x000000008c700000, 0x000000008c700000, 0x000000008c800000|  0%| F|  |TAMS 0x000000008c700000, 0x000000008c700000| Untracked 
| 200|0x000000008c800000, 0x000000008c800000, 0x000000008c900000|  0%| F|  |TAMS 0x000000008c800000, 0x000000008c800000| Untracked 
| 201|0x000000008c900000, 0x000000008c900000, 0x000000008ca00000|  0%| F|  |TAMS 0x000000008c900000, 0x000000008c900000| Untracked 
| 202|0x000000008ca00000, 0x000000008ca00000, 0x000000008cb00000|  0%| F|  |TAMS 0x000000008ca00000, 0x000000008ca00000| Untracked 
| 203|0x000000008cb00000, 0x000000008cb00000, 0x000000008cc00000|  0%| F|  |TAMS 0x000000008cb00000, 0x000000008cb00000| Untracked 
| 204|0x000000008cc00000, 0x000000008cc00000, 0x000000008cd00000|  0%| F|  |TAMS 0x000000008cc00000, 0x000000008cc00000| Untracked 
| 205|0x000000008cd00000, 0x000000008cd00000, 0x000000008ce00000|  0%| F|  |TAMS 0x000000008cd00000, 0x000000008cd00000| Untracked 
| 206|0x000000008ce00000, 0x000000008ce00000, 0x000000008cf00000|  0%| F|  |TAMS 0x000000008ce00000, 0x000000008ce00000| Untracked 
| 207|0x000000008cf00000, 0x000000008cf00000, 0x000000008d000000|  0%| F|  |TAMS 0x000000008cf00000, 0x000000008cf00000| Untracked 
| 208|0x000000008d000000, 0x000000008d000000, 0x000000008d100000|  0%| F|  |TAMS 0x000000008d000000, 0x000000008d000000| Untracked 
| 209|0x000000008d100000, 0x000000008d100000, 0x000000008d200000|  0%| F|  |TAMS 0x000000008d100000, 0x000000008d100000| Untracked 
| 210|0x000000008d200000, 0x000000008d200000, 0x000000008d300000|  0%| F|  |TAMS 0x000000008d200000, 0x000000008d200000| Untracked 
| 211|0x000000008d300000, 0x000000008d300000, 0x000000008d400000|  0%| F|  |TAMS 0x000000008d300000, 0x000000008d300000| Untracked 
| 212|0x000000008d400000, 0x000000008d400000, 0x000000008d500000|  0%| F|  |TAMS 0x000000008d400000, 0x000000008d400000| Untracked 
| 213|0x000000008d500000, 0x000000008d500000, 0x000000008d600000|  0%| F|  |TAMS 0x000000008d500000, 0x000000008d500000| Untracked 
| 214|0x000000008d600000, 0x000000008d600000, 0x000000008d700000|  0%| F|  |TAMS 0x000000008d600000, 0x000000008d600000| Untracked 
| 215|0x000000008d700000, 0x000000008d700000, 0x000000008d800000|  0%| F|  |TAMS 0x000000008d700000, 0x000000008d700000| Untracked 
| 216|0x000000008d800000, 0x000000008d800000, 0x000000008d900000|  0%| F|  |TAMS 0x000000008d800000, 0x000000008d800000| Untracked 
| 217|0x000000008d900000, 0x000000008d900000, 0x000000008da00000|  0%| F|  |TAMS 0x000000008d900000, 0x000000008d900000| Untracked 
| 218|0x000000008da00000, 0x000000008da00000, 0x000000008db00000|  0%| F|  |TAMS 0x000000008da00000, 0x000000008da00000| Untracked 
| 219|0x000000008db00000, 0x000000008db00000, 0x000000008dc00000|  0%| F|  |TAMS 0x000000008db00000, 0x000000008db00000| Untracked 
| 220|0x000000008dc00000, 0x000000008dc00000, 0x000000008dd00000|  0%| F|  |TAMS 0x000000008dc00000, 0x000000008dc00000| Untracked 
| 221|0x000000008dd00000, 0x000000008dd00000, 0x000000008de00000|  0%| F|  |TAMS 0x000000008dd00000, 0x000000008dd00000| Untracked 
| 222|0x000000008de00000, 0x000000008de00000, 0x000000008df00000|  0%| F|  |TAMS 0x000000008de00000, 0x000000008de00000| Untracked 
| 223|0x000000008df00000, 0x000000008df00000, 0x000000008e000000|  0%| F|  |TAMS 0x000000008df00000, 0x000000008df00000| Untracked 
| 224|0x000000008e000000, 0x000000008e000000, 0x000000008e100000|  0%| F|  |TAMS 0x000000008e000000, 0x000000008e000000| Untracked 
| 225|0x000000008e100000, 0x000000008e100000, 0x000000008e200000|  0%| F|  |TAMS 0x000000008e100000, 0x000000008e100000| Untracked 
| 226|0x000000008e200000, 0x000000008e200000, 0x000000008e300000|  0%| F|  |TAMS 0x000000008e200000, 0x000000008e200000| Untracked 
| 227|0x000000008e300000, 0x000000008e300000, 0x000000008e400000|  0%| F|  |TAMS 0x000000008e300000, 0x000000008e300000| Untracked 
| 228|0x000000008e400000, 0x000000008e400000, 0x000000008e500000|  0%| F|  |TAMS 0x000000008e400000, 0x000000008e400000| Untracked 
| 229|0x000000008e500000, 0x000000008e500000, 0x000000008e600000|  0%| F|  |TAMS 0x000000008e500000, 0x000000008e500000| Untracked 
| 230|0x000000008e600000, 0x000000008e600000, 0x000000008e700000|  0%| F|  |TAMS 0x000000008e600000, 0x000000008e600000| Untracked 
| 231|0x000000008e700000, 0x000000008e700000, 0x000000008e800000|  0%| F|  |TAMS 0x000000008e700000, 0x000000008e700000| Untracked 
| 232|0x000000008e800000, 0x000000008e800000, 0x000000008e900000|  0%| F|  |TAMS 0x000000008e800000, 0x000000008e800000| Untracked 
| 233|0x000000008e900000, 0x000000008e900000, 0x000000008ea00000|  0%| F|  |TAMS 0x000000008e900000, 0x000000008e900000| Untracked 
| 234|0x000000008ea00000, 0x000000008ea00000, 0x000000008eb00000|  0%| F|  |TAMS 0x000000008ea00000, 0x000000008ea00000| Untracked 
| 235|0x000000008eb00000, 0x000000008eb00000, 0x000000008ec00000|  0%| F|  |TAMS 0x000000008eb00000, 0x000000008eb00000| Untracked 
| 236|0x000000008ec00000, 0x000000008ec00000, 0x000000008ed00000|  0%| F|  |TAMS 0x000000008ec00000, 0x000000008ec00000| Untracked 
| 237|0x000000008ed00000, 0x000000008ed00000, 0x000000008ee00000|  0%| F|  |TAMS 0x000000008ed00000, 0x000000008ed00000| Untracked 
| 238|0x000000008ee00000, 0x000000008ee00000, 0x000000008ef00000|  0%| F|  |TAMS 0x000000008ee00000, 0x000000008ee00000| Untracked 
| 239|0x000000008ef00000, 0x000000008ef00000, 0x000000008f000000|  0%| F|  |TAMS 0x000000008ef00000, 0x000000008ef00000| Untracked 
| 240|0x000000008f000000, 0x000000008f000000, 0x000000008f100000|  0%| F|  |TAMS 0x000000008f000000, 0x000000008f000000| Untracked 
| 241|0x000000008f100000, 0x000000008f100000, 0x000000008f200000|  0%| F|  |TAMS 0x000000008f100000, 0x000000008f100000| Untracked 
| 242|0x000000008f200000, 0x000000008f200000, 0x000000008f300000|  0%| F|  |TAMS 0x000000008f200000, 0x000000008f200000| Untracked 
| 243|0x000000008f300000, 0x000000008f300000, 0x000000008f400000|  0%| F|  |TAMS 0x000000008f300000, 0x000000008f300000| Untracked 
| 244|0x000000008f400000, 0x000000008f400000, 0x000000008f500000|  0%| F|  |TAMS 0x000000008f400000, 0x000000008f400000| Untracked 
| 245|0x000000008f500000, 0x000000008f500000, 0x000000008f600000|  0%| F|  |TAMS 0x000000008f500000, 0x000000008f500000| Untracked 
| 246|0x000000008f600000, 0x000000008f600000, 0x000000008f700000|  0%| F|  |TAMS 0x000000008f600000, 0x000000008f600000| Untracked 
| 247|0x000000008f700000, 0x000000008f700000, 0x000000008f800000|  0%| F|  |TAMS 0x000000008f700000, 0x000000008f700000| Untracked 
| 248|0x000000008f800000, 0x000000008f800000, 0x000000008f900000|  0%| F|  |TAMS 0x000000008f800000, 0x000000008f800000| Untracked 
| 249|0x000000008f900000, 0x000000008f900000, 0x000000008fa00000|  0%| F|  |TAMS 0x000000008f900000, 0x000000008f900000| Untracked 
| 250|0x000000008fa00000, 0x000000008fa00000, 0x000000008fb00000|  0%| F|  |TAMS 0x000000008fa00000, 0x000000008fa00000| Untracked 
| 251|0x000000008fb00000, 0x000000008fb00000, 0x000000008fc00000|  0%| F|  |TAMS 0x000000008fb00000, 0x000000008fb00000| Untracked 
| 252|0x000000008fc00000, 0x000000008fc00000, 0x000000008fd00000|  0%| F|  |TAMS 0x000000008fc00000, 0x000000008fc00000| Untracked 
| 253|0x000000008fd00000, 0x000000008fd00000, 0x000000008fe00000|  0%| F|  |TAMS 0x000000008fd00000, 0x000000008fd00000| Untracked 
| 254|0x000000008fe00000, 0x000000008fe00000, 0x000000008ff00000|  0%| F|  |TAMS 0x000000008fe00000, 0x000000008fe00000| Untracked 
| 255|0x000000008ff00000, 0x000000008ff00000, 0x0000000090000000|  0%| F|  |TAMS 0x000000008ff00000, 0x000000008ff00000| Untracked 
| 256|0x0000000090000000, 0x0000000090000000, 0x0000000090100000|  0%| F|  |TAMS 0x0000000090000000, 0x0000000090000000| Untracked 
| 257|0x0000000090100000, 0x0000000090100000, 0x0000000090200000|  0%| F|  |TAMS 0x0000000090100000, 0x0000000090100000| Untracked 
| 258|0x0000000090200000, 0x0000000090200000, 0x0000000090300000|  0%| F|  |TAMS 0x0000000090200000, 0x0000000090200000| Untracked 
| 259|0x0000000090300000, 0x0000000090300000, 0x0000000090400000|  0%| F|  |TAMS 0x0000000090300000, 0x0000000090300000| Untracked 
| 260|0x0000000090400000, 0x0000000090400000, 0x0000000090500000|  0%| F|  |TAMS 0x0000000090400000, 0x0000000090400000| Untracked 
| 261|0x0000000090500000, 0x0000000090500000, 0x0000000090600000|  0%| F|  |TAMS 0x0000000090500000, 0x0000000090500000| Untracked 
| 262|0x0000000090600000, 0x0000000090600000, 0x0000000090700000|  0%| F|  |TAMS 0x0000000090600000, 0x0000000090600000| Untracked 
| 263|0x0000000090700000, 0x0000000090700000, 0x0000000090800000|  0%| F|  |TAMS 0x0000000090700000, 0x0000000090700000| Untracked 
| 264|0x0000000090800000, 0x0000000090800000, 0x0000000090900000|  0%| F|  |TAMS 0x0000000090800000, 0x0000000090800000| Untracked 
| 265|0x0000000090900000, 0x0000000090900000, 0x0000000090a00000|  0%| F|  |TAMS 0x0000000090900000, 0x0000000090900000| Untracked 
| 266|0x0000000090a00000, 0x0000000090a00000, 0x0000000090b00000|  0%| F|  |TAMS 0x0000000090a00000, 0x0000000090a00000| Untracked 
| 267|0x0000000090b00000, 0x0000000090b00000, 0x0000000090c00000|  0%| F|  |TAMS 0x0000000090b00000, 0x0000000090b00000| Untracked 
| 268|0x0000000090c00000, 0x0000000090c00000, 0x0000000090d00000|  0%| F|  |TAMS 0x0000000090c00000, 0x0000000090c00000| Untracked 
| 269|0x0000000090d00000, 0x0000000090d00000, 0x0000000090e00000|  0%| F|  |TAMS 0x0000000090d00000, 0x0000000090d00000| Untracked 
| 270|0x0000000090e00000, 0x0000000090e00000, 0x0000000090f00000|  0%| F|  |TAMS 0x0000000090e00000, 0x0000000090e00000| Untracked 
| 271|0x0000000090f00000, 0x0000000090f00000, 0x0000000091000000|  0%| F|  |TAMS 0x0000000090f00000, 0x0000000090f00000| Untracked 
| 272|0x0000000091000000, 0x0000000091000000, 0x0000000091100000|  0%| F|  |TAMS 0x0000000091000000, 0x0000000091000000| Untracked 
| 273|0x0000000091100000, 0x0000000091100000, 0x0000000091200000|  0%| F|  |TAMS 0x0000000091100000, 0x0000000091100000| Untracked 
| 274|0x0000000091200000, 0x0000000091200000, 0x0000000091300000|  0%| F|  |TAMS 0x0000000091200000, 0x0000000091200000| Untracked 
| 275|0x0000000091300000, 0x0000000091300000, 0x0000000091400000|  0%| F|  |TAMS 0x0000000091300000, 0x0000000091300000| Untracked 
| 276|0x0000000091400000, 0x0000000091400000, 0x0000000091500000|  0%| F|  |TAMS 0x0000000091400000, 0x0000000091400000| Untracked 
| 277|0x0000000091500000, 0x0000000091500000, 0x0000000091600000|  0%| F|  |TAMS 0x0000000091500000, 0x0000000091500000| Untracked 
| 278|0x0000000091600000, 0x0000000091600000, 0x0000000091700000|  0%| F|  |TAMS 0x0000000091600000, 0x0000000091600000| Untracked 
| 279|0x0000000091700000, 0x0000000091700000, 0x0000000091800000|  0%| F|  |TAMS 0x0000000091700000, 0x0000000091700000| Untracked 
| 280|0x0000000091800000, 0x0000000091800000, 0x0000000091900000|  0%| F|  |TAMS 0x0000000091800000, 0x0000000091800000| Untracked 
| 281|0x0000000091900000, 0x0000000091900000, 0x0000000091a00000|  0%| F|  |TAMS 0x0000000091900000, 0x0000000091900000| Untracked 
| 282|0x0000000091a00000, 0x0000000091a00000, 0x0000000091b00000|  0%| F|  |TAMS 0x0000000091a00000, 0x0000000091a00000| Untracked 
| 283|0x0000000091b00000, 0x0000000091b00000, 0x0000000091c00000|  0%| F|  |TAMS 0x0000000091b00000, 0x0000000091b00000| Untracked 
| 284|0x0000000091c00000, 0x0000000091c00000, 0x0000000091d00000|  0%| F|  |TAMS 0x0000000091c00000, 0x0000000091c00000| Untracked 
| 285|0x0000000091d00000, 0x0000000091d00000, 0x0000000091e00000|  0%| F|  |TAMS 0x0000000091d00000, 0x0000000091d00000| Untracked 
| 286|0x0000000091e00000, 0x0000000091e00000, 0x0000000091f00000|  0%| F|  |TAMS 0x0000000091e00000, 0x0000000091e00000| Untracked 
| 287|0x0000000091f00000, 0x0000000091f00000, 0x0000000092000000|  0%| F|  |TAMS 0x0000000091f00000, 0x0000000091f00000| Untracked 
| 288|0x0000000092000000, 0x0000000092000000, 0x0000000092100000|  0%| F|  |TAMS 0x0000000092000000, 0x0000000092000000| Untracked 
| 289|0x0000000092100000, 0x0000000092100000, 0x0000000092200000|  0%| F|  |TAMS 0x0000000092100000, 0x0000000092100000| Untracked 
| 290|0x0000000092200000, 0x0000000092200000, 0x0000000092300000|  0%| F|  |TAMS 0x0000000092200000, 0x0000000092200000| Untracked 
| 291|0x0000000092300000, 0x0000000092300000, 0x0000000092400000|  0%| F|  |TAMS 0x0000000092300000, 0x0000000092300000| Untracked 
| 292|0x0000000092400000, 0x0000000092400000, 0x0000000092500000|  0%| F|  |TAMS 0x0000000092400000, 0x0000000092400000| Untracked 
| 293|0x0000000092500000, 0x0000000092500000, 0x0000000092600000|  0%| F|  |TAMS 0x0000000092500000, 0x0000000092500000| Untracked 
| 294|0x0000000092600000, 0x0000000092600000, 0x0000000092700000|  0%| F|  |TAMS 0x0000000092600000, 0x0000000092600000| Untracked 
| 295|0x0000000092700000, 0x0000000092700000, 0x0000000092800000|  0%| F|  |TAMS 0x0000000092700000, 0x0000000092700000| Untracked 
| 296|0x0000000092800000, 0x0000000092800000, 0x0000000092900000|  0%| F|  |TAMS 0x0000000092800000, 0x0000000092800000| Untracked 
| 297|0x0000000092900000, 0x0000000092900000, 0x0000000092a00000|  0%| F|  |TAMS 0x0000000092900000, 0x0000000092900000| Untracked 
| 298|0x0000000092a00000, 0x0000000092a00000, 0x0000000092b00000|  0%| F|  |TAMS 0x0000000092a00000, 0x0000000092a00000| Untracked 
| 299|0x0000000092b00000, 0x0000000092b00000, 0x0000000092c00000|  0%| F|  |TAMS 0x0000000092b00000, 0x0000000092b00000| Untracked 
| 300|0x0000000092c00000, 0x0000000092c00000, 0x0000000092d00000|  0%| F|  |TAMS 0x0000000092c00000, 0x0000000092c00000| Untracked 
| 301|0x0000000092d00000, 0x0000000092d00000, 0x0000000092e00000|  0%| F|  |TAMS 0x0000000092d00000, 0x0000000092d00000| Untracked 
| 302|0x0000000092e00000, 0x0000000092e00000, 0x0000000092f00000|  0%| F|  |TAMS 0x0000000092e00000, 0x0000000092e00000| Untracked 
| 303|0x0000000092f00000, 0x0000000092f00000, 0x0000000093000000|  0%| F|  |TAMS 0x0000000092f00000, 0x0000000092f00000| Untracked 
| 304|0x0000000093000000, 0x0000000093000000, 0x0000000093100000|  0%| F|  |TAMS 0x0000000093000000, 0x0000000093000000| Untracked 
| 305|0x0000000093100000, 0x0000000093100000, 0x0000000093200000|  0%| F|  |TAMS 0x0000000093100000, 0x0000000093100000| Untracked 
| 306|0x0000000093200000, 0x0000000093200000, 0x0000000093300000|  0%| F|  |TAMS 0x0000000093200000, 0x0000000093200000| Untracked 
| 307|0x0000000093300000, 0x0000000093300000, 0x0000000093400000|  0%| F|  |TAMS 0x0000000093300000, 0x0000000093300000| Untracked 
| 308|0x0000000093400000, 0x0000000093400000, 0x0000000093500000|  0%| F|  |TAMS 0x0000000093400000, 0x0000000093400000| Untracked 
| 309|0x0000000093500000, 0x0000000093500000, 0x0000000093600000|  0%| F|  |TAMS 0x0000000093500000, 0x0000000093500000| Untracked 
| 310|0x0000000093600000, 0x0000000093600000, 0x0000000093700000|  0%| F|  |TAMS 0x0000000093600000, 0x0000000093600000| Untracked 
| 311|0x0000000093700000, 0x0000000093700000, 0x0000000093800000|  0%| F|  |TAMS 0x0000000093700000, 0x0000000093700000| Untracked 
| 312|0x0000000093800000, 0x0000000093800000, 0x0000000093900000|  0%| F|  |TAMS 0x0000000093800000, 0x0000000093800000| Untracked 
| 313|0x0000000093900000, 0x0000000093900000, 0x0000000093a00000|  0%| F|  |TAMS 0x0000000093900000, 0x0000000093900000| Untracked 
| 314|0x0000000093a00000, 0x0000000093a00000, 0x0000000093b00000|  0%| F|  |TAMS 0x0000000093a00000, 0x0000000093a00000| Untracked 
| 315|0x0000000093b00000, 0x0000000093b00000, 0x0000000093c00000|  0%| F|  |TAMS 0x0000000093b00000, 0x0000000093b00000| Untracked 
| 316|0x0000000093c00000, 0x0000000093c00000, 0x0000000093d00000|  0%| F|  |TAMS 0x0000000093c00000, 0x0000000093c00000| Untracked 
| 317|0x0000000093d00000, 0x0000000093d00000, 0x0000000093e00000|  0%| F|  |TAMS 0x0000000093d00000, 0x0000000093d00000| Untracked 
| 318|0x0000000093e00000, 0x0000000093e00000, 0x0000000093f00000|  0%| F|  |TAMS 0x0000000093e00000, 0x0000000093e00000| Untracked 
| 319|0x0000000093f00000, 0x0000000093f00000, 0x0000000094000000|  0%| F|  |TAMS 0x0000000093f00000, 0x0000000093f00000| Untracked 
| 320|0x0000000094000000, 0x0000000094000000, 0x0000000094100000|  0%| F|  |TAMS 0x0000000094000000, 0x0000000094000000| Untracked 
| 321|0x0000000094100000, 0x0000000094100000, 0x0000000094200000|  0%| F|  |TAMS 0x0000000094100000, 0x0000000094100000| Untracked 
| 322|0x0000000094200000, 0x0000000094200000, 0x0000000094300000|  0%| F|  |TAMS 0x0000000094200000, 0x0000000094200000| Untracked 
| 323|0x0000000094300000, 0x0000000094300000, 0x0000000094400000|  0%| F|  |TAMS 0x0000000094300000, 0x0000000094300000| Untracked 
| 324|0x0000000094400000, 0x0000000094400000, 0x0000000094500000|  0%| F|  |TAMS 0x0000000094400000, 0x0000000094400000| Untracked 
| 325|0x0000000094500000, 0x0000000094500000, 0x0000000094600000|  0%| F|  |TAMS 0x0000000094500000, 0x0000000094500000| Untracked 
| 326|0x0000000094600000, 0x0000000094600000, 0x0000000094700000|  0%| F|  |TAMS 0x0000000094600000, 0x0000000094600000| Untracked 
| 327|0x0000000094700000, 0x0000000094700000, 0x0000000094800000|  0%| F|  |TAMS 0x0000000094700000, 0x0000000094700000| Untracked 
| 328|0x0000000094800000, 0x0000000094800000, 0x0000000094900000|  0%| F|  |TAMS 0x0000000094800000, 0x0000000094800000| Untracked 
| 329|0x0000000094900000, 0x0000000094900000, 0x0000000094a00000|  0%| F|  |TAMS 0x0000000094900000, 0x0000000094900000| Untracked 
| 330|0x0000000094a00000, 0x0000000094a00000, 0x0000000094b00000|  0%| F|  |TAMS 0x0000000094a00000, 0x0000000094a00000| Untracked 
| 331|0x0000000094b00000, 0x0000000094b00000, 0x0000000094c00000|  0%| F|  |TAMS 0x0000000094b00000, 0x0000000094b00000| Untracked 
| 332|0x0000000094c00000, 0x0000000094c00000, 0x0000000094d00000|  0%| F|  |TAMS 0x0000000094c00000, 0x0000000094c00000| Untracked 
| 333|0x0000000094d00000, 0x0000000094d00000, 0x0000000094e00000|  0%| F|  |TAMS 0x0000000094d00000, 0x0000000094d00000| Untracked 
| 334|0x0000000094e00000, 0x0000000094e00000, 0x0000000094f00000|  0%| F|  |TAMS 0x0000000094e00000, 0x0000000094e00000| Untracked 
| 335|0x0000000094f00000, 0x0000000094f00000, 0x0000000095000000|  0%| F|  |TAMS 0x0000000094f00000, 0x0000000094f00000| Untracked 
| 336|0x0000000095000000, 0x0000000095000000, 0x0000000095100000|  0%| F|  |TAMS 0x0000000095000000, 0x0000000095000000| Untracked 
| 337|0x0000000095100000, 0x0000000095100000, 0x0000000095200000|  0%| F|  |TAMS 0x0000000095100000, 0x0000000095100000| Untracked 
| 338|0x0000000095200000, 0x0000000095200000, 0x0000000095300000|  0%| F|  |TAMS 0x0000000095200000, 0x0000000095200000| Untracked 
| 339|0x0000000095300000, 0x0000000095300000, 0x0000000095400000|  0%| F|  |TAMS 0x0000000095300000, 0x0000000095300000| Untracked 
| 340|0x0000000095400000, 0x0000000095400000, 0x0000000095500000|  0%| F|  |TAMS 0x0000000095400000, 0x0000000095400000| Untracked 
| 341|0x0000000095500000, 0x0000000095500000, 0x0000000095600000|  0%| F|  |TAMS 0x0000000095500000, 0x0000000095500000| Untracked 
| 342|0x0000000095600000, 0x0000000095600000, 0x0000000095700000|  0%| F|  |TAMS 0x0000000095600000, 0x0000000095600000| Untracked 
| 343|0x0000000095700000, 0x0000000095700000, 0x0000000095800000|  0%| F|  |TAMS 0x0000000095700000, 0x0000000095700000| Untracked 
| 344|0x0000000095800000, 0x0000000095880800, 0x0000000095900000| 50%| E|  |TAMS 0x0000000095800000, 0x0000000095800000| Complete 
| 345|0x0000000095900000, 0x0000000095a00000, 0x0000000095a00000|100%| E|CS|TAMS 0x0000000095900000, 0x0000000095900000| Complete 
| 346|0x0000000095a00000, 0x0000000095b00000, 0x0000000095b00000|100%| E|CS|TAMS 0x0000000095a00000, 0x0000000095a00000| Complete 
| 347|0x0000000095b00000, 0x0000000095c00000, 0x0000000095c00000|100%| E|CS|TAMS 0x0000000095b00000, 0x0000000095b00000| Complete 
| 348|0x0000000095c00000, 0x0000000095d00000, 0x0000000095d00000|100%| E|CS|TAMS 0x0000000095c00000, 0x0000000095c00000| Complete 
| 349|0x0000000095d00000, 0x0000000095e00000, 0x0000000095e00000|100%| E|CS|TAMS 0x0000000095d00000, 0x0000000095d00000| Complete 
| 350|0x0000000095e00000, 0x0000000095f00000, 0x0000000095f00000|100%| E|CS|TAMS 0x0000000095e00000, 0x0000000095e00000| Complete 
| 351|0x0000000095f00000, 0x0000000096000000, 0x0000000096000000|100%| E|CS|TAMS 0x0000000095f00000, 0x0000000095f00000| Complete 
| 352|0x0000000096000000, 0x0000000096100000, 0x0000000096100000|100%| E|CS|TAMS 0x0000000096000000, 0x0000000096000000| Complete 
| 353|0x0000000096100000, 0x0000000096200000, 0x0000000096200000|100%| E|CS|TAMS 0x0000000096100000, 0x0000000096100000| Complete 
| 354|0x0000000096200000, 0x0000000096300000, 0x0000000096300000|100%| E|CS|TAMS 0x0000000096200000, 0x0000000096200000| Complete 
| 355|0x0000000096300000, 0x0000000096400000, 0x0000000096400000|100%| E|CS|TAMS 0x0000000096300000, 0x0000000096300000| Complete 
| 356|0x0000000096400000, 0x0000000096500000, 0x0000000096500000|100%| E|CS|TAMS 0x0000000096400000, 0x0000000096400000| Complete 
| 357|0x0000000096500000, 0x0000000096600000, 0x0000000096600000|100%| E|  |TAMS 0x0000000096500000, 0x0000000096500000| Complete 
| 358|0x0000000096600000, 0x0000000096700000, 0x0000000096700000|100%| E|CS|TAMS 0x0000000096600000, 0x0000000096600000| Complete 
| 359|0x0000000096700000, 0x0000000096800000, 0x0000000096800000|100%| E|CS|TAMS 0x0000000096700000, 0x0000000096700000| Complete 
| 360|0x0000000096800000, 0x0000000096900000, 0x0000000096900000|100%| E|CS|TAMS 0x0000000096800000, 0x0000000096800000| Complete 
| 361|0x0000000096900000, 0x0000000096a00000, 0x0000000096a00000|100%| E|CS|TAMS 0x0000000096900000, 0x0000000096900000| Complete 
| 362|0x0000000096a00000, 0x0000000096b00000, 0x0000000096b00000|100%| E|CS|TAMS 0x0000000096a00000, 0x0000000096a00000| Complete 
| 363|0x0000000096b00000, 0x0000000096c00000, 0x0000000096c00000|100%| E|CS|TAMS 0x0000000096b00000, 0x0000000096b00000| Complete 
| 364|0x0000000096c00000, 0x0000000096d00000, 0x0000000096d00000|100%| E|CS|TAMS 0x0000000096c00000, 0x0000000096c00000| Complete 
| 365|0x0000000096d00000, 0x0000000096e00000, 0x0000000096e00000|100%| E|CS|TAMS 0x0000000096d00000, 0x0000000096d00000| Complete 
| 366|0x0000000096e00000, 0x0000000096f00000, 0x0000000096f00000|100%| E|CS|TAMS 0x0000000096e00000, 0x0000000096e00000| Complete 
| 367|0x0000000096f00000, 0x0000000097000000, 0x0000000097000000|100%| E|CS|TAMS 0x0000000096f00000, 0x0000000096f00000| Complete 
| 368|0x0000000097000000, 0x0000000097100000, 0x0000000097100000|100%| E|CS|TAMS 0x0000000097000000, 0x0000000097000000| Complete 
| 369|0x0000000097100000, 0x0000000097200000, 0x0000000097200000|100%| E|CS|TAMS 0x0000000097100000, 0x0000000097100000| Complete 
| 370|0x0000000097200000, 0x0000000097300000, 0x0000000097300000|100%| E|CS|TAMS 0x0000000097200000, 0x0000000097200000| Complete 
| 371|0x0000000097300000, 0x0000000097400000, 0x0000000097400000|100%| E|CS|TAMS 0x0000000097300000, 0x0000000097300000| Complete 
| 372|0x0000000097400000, 0x0000000097500000, 0x0000000097500000|100%| E|CS|TAMS 0x0000000097400000, 0x0000000097400000| Complete 
| 373|0x0000000097500000, 0x0000000097600000, 0x0000000097600000|100%| E|CS|TAMS 0x0000000097500000, 0x0000000097500000| Complete 
| 374|0x0000000097600000, 0x0000000097700000, 0x0000000097700000|100%| E|CS|TAMS 0x0000000097600000, 0x0000000097600000| Complete 
| 375|0x0000000097700000, 0x0000000097800000, 0x0000000097800000|100%| E|CS|TAMS 0x0000000097700000, 0x0000000097700000| Complete 
| 376|0x0000000097800000, 0x0000000097900000, 0x0000000097900000|100%| E|CS|TAMS 0x0000000097800000, 0x0000000097800000| Complete 
| 377|0x0000000097900000, 0x0000000097a00000, 0x0000000097a00000|100%| E|CS|TAMS 0x0000000097900000, 0x0000000097900000| Complete 
| 378|0x0000000097a00000, 0x0000000097b00000, 0x0000000097b00000|100%| E|CS|TAMS 0x0000000097a00000, 0x0000000097a00000| Complete 
| 379|0x0000000097b00000, 0x0000000097c00000, 0x0000000097c00000|100%| E|CS|TAMS 0x0000000097b00000, 0x0000000097b00000| Complete 
| 380|0x0000000097c00000, 0x0000000097d00000, 0x0000000097d00000|100%| E|CS|TAMS 0x0000000097c00000, 0x0000000097c00000| Complete 
| 381|0x0000000097d00000, 0x0000000097e00000, 0x0000000097e00000|100%| E|CS|TAMS 0x0000000097d00000, 0x0000000097d00000| Complete 
| 382|0x0000000097e00000, 0x0000000097f00000, 0x0000000097f00000|100%| E|CS|TAMS 0x0000000097e00000, 0x0000000097e00000| Complete 
| 383|0x0000000097f00000, 0x0000000098000000, 0x0000000098000000|100%| E|CS|TAMS 0x0000000097f00000, 0x0000000097f00000| Complete 

Card table byte_map: [0x0000023f7d520000,0x0000023f7d920000] _byte_map_base: 0x0000023f7d120000

Marking Bits (Prev, Next): (CMBitMap*) 0x0000023f77401f80, (CMBitMap*) 0x0000023f77401f48
 Prev Bits: [0x0000023f0f000000, 0x0000023f11000000)
 Next Bits: [0x0000023f7dd20000, 0x0000023f7fd20000)

Polling page: 0x0000023f774a0000

Metaspace:

Usage:
  Non-class:     68.59 MB capacity,    67.31 MB ( 98%) used,     1.08 MB (  2%) free+waste,   216.06 KB ( <1%) overhead. 
      Class:     11.00 MB capacity,    10.19 MB ( 93%) used,   724.73 KB (  6%) free+waste,   102.50 KB ( <1%) overhead. 
       Both:     79.59 MB capacity,    77.50 MB ( 97%) used,     1.78 MB (  2%) free+waste,   318.56 KB ( <1%) overhead. 

Virtual space:
  Non-class space:       70.00 MB reserved,      68.68 MB ( 98%) committed 
      Class space:        1.00 GB reserved,      11.07 MB (  1%) committed 
             Both:        1.07 GB reserved,      79.75 MB (  7%) committed 

Chunk freelists:
   Non-Class:  20.00 KB
       Class:  3.00 KB
        Both:  23.00 KB

MaxMetaspaceSize: 17179869184.00 GB
CompressedClassSpaceSize: 1.00 GB

CodeHeap 'non-profiled nmethods': size=120000Kb used=5001Kb max_used=5001Kb free=114998Kb
 bounds [0x0000023f07ad0000, 0x0000023f07fc0000, 0x0000023f0f000000]
CodeHeap 'profiled nmethods': size=120000Kb used=16365Kb max_used=16365Kb free=103634Kb
 bounds [0x0000023f005a0000, 0x0000023f015a0000, 0x0000023f07ad0000]
CodeHeap 'non-nmethods': size=5760Kb used=2281Kb max_used=2340Kb free=3478Kb
 bounds [0x0000023f00000000, 0x0000023f00270000, 0x0000023f005a0000]
 total_blobs=8670 nmethods=7785 adapters=796
 compilation: enabled
              stopped_count=0, restarted_count=0
 full_count=0

Compilation events (20 events):
Event: 6.345 Thread 0x0000023f14167000 7799       3       org.gradle.internal.snapshot.AbstractListChildMap$2::withReplacedChild (28 bytes)
Event: 6.345 Thread 0x0000023f14167000 nmethod 7799 0x0000023f01595910 code [0x0000023f01595b00, 0x0000023f01595f38]
Event: 6.347 Thread 0x0000023f14167000 7800       3       java.io.ExpiringCache::entryFor (57 bytes)
Event: 6.347 Thread 0x0000023f14167000 nmethod 7800 0x0000023f01596110 code [0x0000023f01596300, 0x0000023f015967b8]
Event: 6.349 Thread 0x0000023f14167000 7801       3       org.objectweb.asm.MethodWriter::visitInsn (115 bytes)
Event: 6.349 Thread 0x0000023f14167000 nmethod 7801 0x0000023f01596910 code [0x0000023f01596b00, 0x0000023f01596f68]
Event: 6.349 Thread 0x0000023f14167000 7802       3       org.objectweb.asm.MethodVisitor::visitVarInsn (17 bytes)
Event: 6.349 Thread 0x0000023f14167000 nmethod 7802 0x0000023f01597110 code [0x0000023f015972c0, 0x0000023f015974a8]
Event: 6.349 Thread 0x0000023f14167000 7803       3       org.objectweb.asm.MethodVisitor::visitInsn (16 bytes)
Event: 6.349 Thread 0x0000023f14167000 nmethod 7803 0x0000023f01597590 code [0x0000023f01597740, 0x0000023f01597928]
Event: 6.350 Thread 0x0000023f14167000 7804       3       org.gradle.groovy.scripts.internal.FileCacheBackedScriptClassCompiler$BuildScriptRemapper::access$400 (6 bytes)
Event: 6.350 Thread 0x0000023f14167000 nmethod 7804 0x0000023f01597a10 code [0x0000023f01597bc0, 0x0000023f01597cc8]
Event: 6.350 Thread 0x0000023f14167000 7805       3       org.objectweb.asm.Symbol::getArgumentsAndReturnSizes (23 bytes)
Event: 6.350 Thread 0x0000023f14167000 nmethod 7805 0x0000023f01597d90 code [0x0000023f01597f40, 0x0000023f015980c8]
Event: 6.351 Thread 0x0000023f14167000 7806       3       java.nio.charset.Charset::forName (20 bytes)
Event: 6.351 Thread 0x0000023f14167000 nmethod 7806 0x0000023f01598190 code [0x0000023f01598360, 0x0000023f01598578]
Event: 6.353 Thread 0x0000023f14167000 7807       3       org.gradle.cache.internal.btree.FileBackedBlockStore::attach (21 bytes)
Event: 6.354 Thread 0x0000023f14167000 nmethod 7807 0x0000023f01598690 code [0x0000023f01598880, 0x0000023f01598e98]
Event: 6.355 Thread 0x0000023f14167000 7808       3       org.gradle.internal.instantiation.generator.AbstractClassGenerator::visitFields (50 bytes)
Event: 6.355 Thread 0x0000023f14167000 nmethod 7808 0x0000023f01599010 code [0x0000023f01599240, 0x0000023f01599928]

GC Heap History (14 events):
Event: 0.391 GC heap before
{Heap before GC invocations=0 (full 0):
 garbage-first heap   total 393216K, used 29696K [0x0000000080000000, 0x0000000100000000)
  region size 1024K, 24 young (24576K), 0 survivors (0K)
 Metaspace       used 10177K, capacity 10425K, committed 10624K, reserved 1058816K
  class space    used 1064K, capacity 1139K, committed 1152K, reserved 1048576K
}
Event: 0.408 GC heap after
{Heap after GC invocations=1 (full 0):
 garbage-first heap   total 393216K, used 9258K [0x0000000080000000, 0x0000000100000000)
  region size 1024K, 3 young (3072K), 3 survivors (3072K)
 Metaspace       used 10177K, capacity 10425K, committed 10624K, reserved 1058816K
  class space    used 1064K, capacity 1139K, committed 1152K, reserved 1048576K
}
Event: 1.147 GC heap before
{Heap before GC invocations=1 (full 0):
 garbage-first heap   total 393216K, used 105514K [0x0000000080000000, 0x0000000100000000)
  region size 1024K, 98 young (100352K), 3 survivors (3072K)
 Metaspace       used 20590K, capacity 21124K, committed 21248K, reserved 1067008K
  class space    used 2518K, capacity 2722K, committed 2816K, reserved 1048576K
}
Event: 1.152 GC heap after
{Heap after GC invocations=2 (full 0):
 garbage-first heap   total 393216K, used 16730K [0x0000000080000000, 0x0000000100000000)
  region size 1024K, 11 young (11264K), 11 survivors (11264K)
 Metaspace       used 20590K, capacity 21124K, committed 21248K, reserved 1067008K
  class space    used 2518K, capacity 2722K, committed 2816K, reserved 1048576K
}
Event: 1.317 GC heap before
{Heap before GC invocations=3 (full 0):
 garbage-first heap   total 393216K, used 50522K [0x0000000080000000, 0x0000000100000000)
  region size 1024K, 44 young (45056K), 11 survivors (11264K)
 Metaspace       used 23775K, capacity 24442K, committed 24576K, reserved 1071104K
  class space    used 3043K, capacity 3257K, committed 3328K, reserved 1048576K
}
Event: 1.321 GC heap after
{Heap after GC invocations=4 (full 0):
 garbage-first heap   total 393216K, used 17798K [0x0000000080000000, 0x0000000100000000)
  region size 1024K, 2 young (2048K), 2 survivors (2048K)
 Metaspace       used 23775K, capacity 24442K, committed 24576K, reserved 1071104K
  class space    used 3043K, capacity 3257K, committed 3328K, reserved 1048576K
}
Event: 1.851 GC heap before
{Heap before GC invocations=4 (full 0):
 garbage-first heap   total 393216K, used 95622K [0x0000000080000000, 0x0000000100000000)
  region size 1024K, 80 young (81920K), 2 survivors (2048K)
 Metaspace       used 35003K, capacity 35826K, committed 35840K, reserved 1081344K
  class space    used 4540K, capacity 4864K, committed 4864K, reserved 1048576K
}
Event: 1.855 GC heap after
{Heap after GC invocations=5 (full 0):
 garbage-first heap   total 393216K, used 21974K [0x0000000080000000, 0x0000000100000000)
  region size 1024K, 6 young (6144K), 6 survivors (6144K)
 Metaspace       used 35003K, capacity 35826K, committed 35840K, reserved 1081344K
  class space    used 4540K, capacity 4864K, committed 4864K, reserved 1048576K
}
Event: 2.483 GC heap before
{Heap before GC invocations=6 (full 0):
 garbage-first heap   total 393216K, used 144854K [0x0000000080000000, 0x0000000100000000)
  region size 1024K, 123 young (125952K), 6 survivors (6144K)
 Metaspace       used 44518K, capacity 45575K, committed 45900K, reserved 1089536K
  class space    used 5707K, capacity 6141K, committed 6220K, reserved 1048576K
}
Event: 2.489 GC heap after
{Heap after GC invocations=7 (full 0):
 garbage-first heap   total 393216K, used 29210K [0x0000000080000000, 0x0000000100000000)
  region size 1024K, 13 young (13312K), 13 survivors (13312K)
 Metaspace       used 44518K, capacity 45575K, committed 45900K, reserved 1089536K
  class space    used 5707K, capacity 6141K, committed 6220K, reserved 1048576K
}
Event: 3.426 GC heap before
{Heap before GC invocations=7 (full 0):
 garbage-first heap   total 393216K, used 181786K [0x0000000080000000, 0x0000000100000000)
  region size 1024K, 155 young (158720K), 13 survivors (13312K)
 Metaspace       used 58585K, capacity 60084K, committed 60288K, reserved 1101824K
  class space    used 7438K, capacity 8018K, committed 8140K, reserved 1048576K
}
Event: 3.443 GC heap after
{Heap after GC invocations=8 (full 0):
 garbage-first heap   total 393216K, used 51375K [0x0000000080000000, 0x0000000100000000)
  region size 1024K, 26 young (26624K), 26 survivors (26624K)
 Metaspace       used 58585K, capacity 60084K, committed 60288K, reserved 1101824K
  class space    used 7438K, capacity 8018K, committed 8140K, reserved 1048576K
}
Event: 4.718 GC heap before
{Heap before GC invocations=9 (full 0):
 garbage-first heap   total 393216K, used 260271K [0x0000000080000000, 0x0000000100000000)
  region size 1024K, 230 young (235520K), 26 survivors (26624K)
 Metaspace       used 76724K, capacity 78553K, committed 78720K, reserved 1118208K
  class space    used 10006K, capacity 10692K, committed 10700K, reserved 1048576K
}
Event: 4.734 GC heap after
{Heap after GC invocations=10 (full 0):
 garbage-first heap   total 393216K, used 66329K [0x0000000080000000, 0x0000000100000000)
  region size 1024K, 29 young (29696K), 29 survivors (29696K)
 Metaspace       used 76724K, capacity 78553K, committed 78720K, reserved 1118208K
  class space    used 10006K, capacity 10692K, committed 10700K, reserved 1048576K
}

Deoptimization events (20 events):
Event: 6.301 Thread 0x0000023f1aaae000 Uncommon trap: trap_request=0xffffffde fr.pc=0x0000023f07e349d8 relative=0x0000000000000538
Event: 6.301 Thread 0x0000023f1aaae000 Uncommon trap: reason=class_check action=maybe_recompile pc=0x0000023f07e349d8 method=java.util.regex.Matcher.search(I)Z @ 121 c2
Event: 6.301 Thread 0x0000023f1aaae000 DEOPT PACKING pc=0x0000023f07e349d8 sp=0x000000afcc7fdfb0
Event: 6.301 Thread 0x0000023f1aaae000 DEOPT UNPACKING pc=0x0000023f000278af sp=0x000000afcc7fdf70 mode 2
Event: 6.301 Thread 0x0000023f1aaae000 Uncommon trap: trap_request=0xffffff4d fr.pc=0x0000023f07e50ec8 relative=0x00000000000006c8
Event: 6.301 Thread 0x0000023f1aaae000 Uncommon trap: reason=unstable_if action=reinterpret pc=0x0000023f07e50ec8 method=org.objectweb.asm.MethodWriter.visitMethodInsn(ILjava/lang/String;Ljava/lang/String;Ljava/lang/String;Z)V @ 89 c2
Event: 6.301 Thread 0x0000023f1aaae000 DEOPT PACKING pc=0x0000023f07e50ec8 sp=0x000000afcc7fdcf0
Event: 6.301 Thread 0x0000023f1aaae000 DEOPT UNPACKING pc=0x0000023f000278af sp=0x000000afcc7fdca8 mode 2
Event: 6.301 Thread 0x0000023f1aaae000 Uncommon trap: trap_request=0xffffff4d fr.pc=0x0000023f07dbc4f0 relative=0x0000000000000390
Event: 6.301 Thread 0x0000023f1aaae000 Uncommon trap: reason=unstable_if action=reinterpret pc=0x0000023f07dbc4f0 method=org.objectweb.asm.MethodWriter.visitVarInsn(II)V @ 116 c2
Event: 6.301 Thread 0x0000023f1aaae000 DEOPT PACKING pc=0x0000023f07dbc4f0 sp=0x000000afcc7fde80
Event: 6.301 Thread 0x0000023f1aaae000 DEOPT UNPACKING pc=0x0000023f000278af sp=0x000000afcc7fde40 mode 2
Event: 6.306 Thread 0x0000023f1aaae000 Uncommon trap: trap_request=0xffffff4d fr.pc=0x0000023f07d82948 relative=0x0000000000000488
Event: 6.306 Thread 0x0000023f1aaae000 Uncommon trap: reason=unstable_if action=reinterpret pc=0x0000023f07d82948 method=java.lang.StringLatin1.regionMatchesCI([BI[BII)Z @ 66 c2
Event: 6.306 Thread 0x0000023f1aaae000 DEOPT PACKING pc=0x0000023f07d82948 sp=0x000000afcc7fe2c0
Event: 6.306 Thread 0x0000023f1aaae000 DEOPT UNPACKING pc=0x0000023f000278af sp=0x000000afcc7fe138 mode 2
Event: 6.340 Thread 0x0000023f166db800 Uncommon trap: trap_request=0xffffff4d fr.pc=0x0000023f07d86388 relative=0x00000000000006e8
Event: 6.340 Thread 0x0000023f166db800 Uncommon trap: reason=unstable_if action=reinterpret pc=0x0000023f07d86388 method=org.gradle.internal.snapshot.VfsRelativePath.hasPrefix(Ljava/lang/String;Lorg/gradle/internal/snapshot/CaseSensitivity;)Z @ 90 c2
Event: 6.340 Thread 0x0000023f166db800 DEOPT PACKING pc=0x0000023f07d86388 sp=0x000000afcb7f9d50
Event: 6.340 Thread 0x0000023f166db800 DEOPT UNPACKING pc=0x0000023f000278af sp=0x000000afcb7f9cd8 mode 2

Classes redefined (0 events):
No events

Internal exceptions (20 events):
Event: 6.261 Thread 0x0000023f166db800 Exception <a 'java/lang/NoSuchMethodError'{0x0000000095f64948}: <clinit>> (0x0000000095f64948) thrown at [./src/hotspot/share/prims/jni.cpp, line 1362]
Event: 6.262 Thread 0x0000023f166db800 Exception <a 'java/lang/NoSuchMethodError'{0x0000000095f67380}: <clinit>> (0x0000000095f67380) thrown at [./src/hotspot/share/prims/jni.cpp, line 1362]
Event: 6.262 Thread 0x0000023f166db800 Exception <a 'java/lang/NoSuchMethodError'{0x0000000095f68988}: <clinit>> (0x0000000095f68988) thrown at [./src/hotspot/share/prims/jni.cpp, line 1362]
Event: 6.262 Thread 0x0000023f166db800 Exception <a 'java/lang/NoSuchMethodError'{0x0000000095f69f20}: <clinit>> (0x0000000095f69f20) thrown at [./src/hotspot/share/prims/jni.cpp, line 1362]
Event: 6.262 Thread 0x0000023f166db800 Exception <a 'java/lang/NoSuchMethodError'{0x0000000095f6b680}: <clinit>> (0x0000000095f6b680) thrown at [./src/hotspot/share/prims/jni.cpp, line 1362]
Event: 6.262 Thread 0x0000023f166db800 Exception <a 'java/lang/NoSuchMethodError'{0x0000000095f6cd18}: <clinit>> (0x0000000095f6cd18) thrown at [./src/hotspot/share/prims/jni.cpp, line 1362]
Event: 6.262 Thread 0x0000023f166db800 Exception <a 'java/lang/NoSuchMethodError'{0x0000000095f6e250}: <clinit>> (0x0000000095f6e250) thrown at [./src/hotspot/share/prims/jni.cpp, line 1362]
Event: 6.280 Thread 0x0000023f1aaae000 Exception <a 'sun/nio/fs/WindowsException'{0x00000000967a7840}> (0x00000000967a7840) thrown at [./src/hotspot/share/prims/jni.cpp, line 615]
Event: 6.313 Thread 0x0000023f1aaae000 Exception <a 'sun/nio/fs/WindowsException'{0x0000000095da60d8}> (0x0000000095da60d8) thrown at [./src/hotspot/share/prims/jni.cpp, line 615]
Event: 6.314 Thread 0x0000023f1aaae000 Exception <a 'sun/nio/fs/WindowsException'{0x0000000095da62e8}> (0x0000000095da62e8) thrown at [./src/hotspot/share/prims/jni.cpp, line 615]
Event: 6.323 Thread 0x0000023f166db800 Exception <a 'java/lang/ClassNotFoundException'{0x0000000095c463a8}: sync_studio_tooling11_1yo5w6a5r2c9wbk426fgq1ufdBeanInfo> (0x0000000095c463a8) thrown at [./src/hotspot/share/classfile/systemDictionary.cpp, line 231]
Event: 6.324 Thread 0x0000023f166db800 Exception <a 'java/lang/ClassNotFoundException'{0x0000000095c5aed0}: org/gradle/initialization/InitScriptBeanInfo> (0x0000000095c5aed0) thrown at [./src/hotspot/share/classfile/systemDictionary.cpp, line 231]
Event: 6.324 Thread 0x0000023f166db800 Exception <a 'java/lang/ClassNotFoundException'{0x0000000095c6fbc8}: org/gradle/initialization/InitScriptCustomizer> (0x0000000095c6fbc8) thrown at [./src/hotspot/share/classfile/systemDictionary.cpp, line 231]
Event: 6.324 Thread 0x0000023f166db800 Exception <a 'java/lang/ClassNotFoundException'{0x0000000095c84310}: sync_studio_tooling11_1yo5w6a5r2c9wbk426fgq1ufdCustomizer> (0x0000000095c84310) thrown at [./src/hotspot/share/classfile/systemDictionary.cpp, line 231]
Event: 6.335 Thread 0x0000023f166db800 Exception <a 'java/lang/NoSuchMethodError'{0x0000000095b23ff8}: 'java.lang.Object java.lang.invoke.Invokers$Holder.linkToTargetMethod(java.lang.Object, int, java.lang.Object)'> (0x0000000095b23ff8) thrown at [./src/hotspot/share/interpreter/linkResolver.cpp, line 773]
Event: 6.347 Thread 0x0000023f19b55000 Exception <a 'sun/nio/fs/WindowsException'{0x000000009666a0e8}> (0x000000009666a0e8) thrown at [./src/hotspot/share/prims/jni.cpp, line 615]
Event: 6.351 Thread 0x0000023f19b55000 Exception <a 'sun/nio/fs/WindowsException'{0x0000000095a6bb88}> (0x0000000095a6bb88) thrown at [./src/hotspot/share/prims/jni.cpp, line 615]
Event: 6.351 Thread 0x0000023f19b55000 Exception <a 'sun/nio/fs/WindowsException'{0x0000000095a6bcf0}> (0x0000000095a6bcf0) thrown at [./src/hotspot/share/prims/jni.cpp, line 615]
Event: 6.356 Thread 0x0000023f166db800 Exception <a 'java/lang/ClassNotFoundException'{0x0000000095bedf28}: sync_studio_tooling11_1yo5w6a5r2c9wbk426fgq1ufdBeanInfo> (0x0000000095bedf28) thrown at [./src/hotspot/share/classfile/systemDictionary.cpp, line 231]
Event: 6.357 Thread 0x0000023f166db800 Exception <a 'java/lang/ClassNotFoundException'{0x0000000095bfa080}: sync_studio_tooling11_1yo5w6a5r2c9wbk426fgq1ufdCustomizer> (0x0000000095bfa080) thrown at [./src/hotspot/share/classfile/systemDictionary.cpp, line 231]

Events (20 events):
Event: 6.336 loading class org/gradle/api/internal/artifacts/ivyservice/resolveengine/artifact/LocalFileDependencyBackedArtifactSet
Event: 6.336 loading class org/gradle/api/internal/artifacts/ivyservice/resolveengine/artifact/LocalFileDependencyBackedArtifactSet done
Event: 6.337 loading class org/gradle/api/internal/artifacts/ivyservice/resolveengine/artifact/LocalDependencyFiles
Event: 6.337 loading class org/gradle/api/internal/artifacts/ivyservice/resolveengine/artifact/LocalDependencyFiles done
Event: 6.338 loading class org/gradle/internal/component/local/model/OpaqueComponentArtifactIdentifier
Event: 6.338 loading class org/gradle/internal/component/local/model/OpaqueComponentArtifactIdentifier done
Event: 6.338 loading class org/gradle/api/internal/artifacts/ivyservice/resolveengine/artifact/LocalFileDependencyBackedArtifactSet$SingletonFileResolvedVariant
Event: 6.338 loading class org/gradle/api/internal/artifacts/ivyservice/resolveengine/artifact/LocalFileDependencyBackedArtifactSet$SingletonFileResolvedVariant done
Event: 6.355 loading class groovy/runtime/metaclass/sync_studio_tooling11_1yo5w6a5r2c9wbk426fgq1ufdMetaClass
Event: 6.355 loading class groovy/runtime/metaclass/sync_studio_tooling11_1yo5w6a5r2c9wbk426fgq1ufdMetaClass done
Event: 6.356 loading class sync_studio_tooling11_1yo5w6a5r2c9wbk426fgq1ufdBeanInfo
Event: 6.356 loading class sync_studio_tooling11_1yo5w6a5r2c9wbk426fgq1ufdBeanInfo done
Event: 6.356 loading class sync_studio_tooling11_1yo5w6a5r2c9wbk426fgq1ufdBeanInfo
Event: 6.356 loading class sync_studio_tooling11_1yo5w6a5r2c9wbk426fgq1ufdBeanInfo done
Event: 6.357 loading class sync_studio_tooling11_1yo5w6a5r2c9wbk426fgq1ufdCustomizer
Event: 6.357 loading class sync_studio_tooling11_1yo5w6a5r2c9wbk426fgq1ufdCustomizer done
Event: 6.357 loading class sync_studio_tooling11_1yo5w6a5r2c9wbk426fgq1ufdCustomizer
Event: 6.357 loading class sync_studio_tooling11_1yo5w6a5r2c9wbk426fgq1ufdCustomizer done
Event: 6.359 loading class groovy/runtime/metaclass/sync_studio_tooling11_1yo5w6a5r2c9wbk426fgq1ufd$_run_closure1MetaClass
Event: 6.359 loading class groovy/runtime/metaclass/sync_studio_tooling11_1yo5w6a5r2c9wbk426fgq1ufd$_run_closure1MetaClass done


Dynamic libraries:
0x00007ff647770000 - 0x00007ff64777a000 	C:\Program Files\Android\Android Studio\jre\bin\java.exe
0x00007ffbf13c0000 - 0x00007ffbf15c7000 	C:\WINDOWS\SYSTEM32\ntdll.dll
0x00007ffbef5d0000 - 0x00007ffbef68d000 	C:\WINDOWS\System32\KERNEL32.DLL
0x00007ffbeead0000 - 0x00007ffbeee44000 	C:\WINDOWS\System32\KERNELBASE.dll
0x00007ffbee9b0000 - 0x00007ffbeeac1000 	C:\WINDOWS\System32\ucrtbase.dll
0x00007ffbeb190000 - 0x00007ffbeb1a7000 	C:\Program Files\Android\Android Studio\jre\bin\VCRUNTIME140.dll
0x00007ffbeb170000 - 0x00007ffbeb189000 	C:\Program Files\Android\Android Studio\jre\bin\jli.dll
0x00007ffbf0810000 - 0x00007ffbf09bc000 	C:\WINDOWS\System32\USER32.dll
0x00007ffbef220000 - 0x00007ffbef246000 	C:\WINDOWS\System32\win32u.dll
0x00007ffbda190000 - 0x00007ffbda435000 	C:\WINDOWS\WinSxS\amd64_microsoft.windows.common-controls_6595b64144ccf1df_6.0.22000.120_none_9d947278b86cc467\COMCTL32.dll
0x00007ffbf12a0000 - 0x00007ffbf12c9000 	C:\WINDOWS\System32\GDI32.dll
0x00007ffbeefc0000 - 0x00007ffbef0d2000 	C:\WINDOWS\System32\gdi32full.dll
0x00007ffbf12d0000 - 0x00007ffbf1373000 	C:\WINDOWS\System32\msvcrt.dll
0x00007ffbee8a0000 - 0x00007ffbee93d000 	C:\WINDOWS\System32\msvcp_win.dll
0x00007ffbefc20000 - 0x00007ffbefc51000 	C:\WINDOWS\System32\IMM32.DLL
0x00007ffbd4860000 - 0x00007ffbd48fd000 	C:\Program Files\Android\Android Studio\jre\bin\msvcp140.dll
0x00007ffb67160000 - 0x00007ffb67c2f000 	C:\Program Files\Android\Android Studio\jre\bin\server\jvm.dll
0x00007ffbf1120000 - 0x00007ffbf11cc000 	C:\WINDOWS\System32\ADVAPI32.dll
0x00007ffbef690000 - 0x00007ffbef72d000 	C:\WINDOWS\System32\sechost.dll
0x00007ffbf0e90000 - 0x00007ffbf0fb1000 	C:\WINDOWS\System32\RPCRT4.dll
0x00007ffbefdb0000 - 0x00007ffbefdb8000 	C:\WINDOWS\System32\PSAPI.DLL
0x00007ffbdc910000 - 0x00007ffbdc919000 	C:\WINDOWS\SYSTEM32\WSOCK32.dll
0x00007ffbe1a50000 - 0x00007ffbe1a83000 	C:\WINDOWS\SYSTEM32\WINMM.dll
0x00007ffbe9a20000 - 0x00007ffbe9a2a000 	C:\WINDOWS\SYSTEM32\VERSION.dll
0x00007ffbefd40000 - 0x00007ffbefdaf000 	C:\WINDOWS\System32\WS2_32.dll
0x00007ffbedab0000 - 0x00007ffbedac8000 	C:\WINDOWS\SYSTEM32\kernel.appcore.dll
0x00007ffbc34a0000 - 0x00007ffbc34b1000 	C:\Program Files\Android\Android Studio\jre\bin\verify.dll
0x00007ffbde790000 - 0x00007ffbde9b1000 	C:\WINDOWS\SYSTEM32\DBGHELP.DLL
0x00007ffbda440000 - 0x00007ffbda471000 	C:\WINDOWS\SYSTEM32\dbgcore.DLL
0x00007ffbef0e0000 - 0x00007ffbef15f000 	C:\WINDOWS\System32\bcryptPrimitives.dll
0x00007ffbc33b0000 - 0x00007ffbc33d9000 	C:\Program Files\Android\Android Studio\jre\bin\java.dll
0x00007ffbdb520000 - 0x00007ffbdb52b000 	C:\Program Files\Android\Android Studio\jre\bin\jimage.dll
0x00007ffbc0030000 - 0x00007ffbc0048000 	C:\Program Files\Android\Android Studio\jre\bin\zip.dll
0x00007ffbeff60000 - 0x00007ffbf070e000 	C:\WINDOWS\System32\SHELL32.dll
0x00007ffbeca00000 - 0x00007ffbed267000 	C:\WINDOWS\SYSTEM32\windows.storage.dll
0x00007ffbef250000 - 0x00007ffbef5c8000 	C:\WINDOWS\System32\combase.dll
0x00007ffbec890000 - 0x00007ffbec9f6000 	C:\WINDOWS\SYSTEM32\wintypes.dll
0x00007ffbf0b20000 - 0x00007ffbf0c0a000 	C:\WINDOWS\System32\SHCORE.dll
0x00007ffbf1240000 - 0x00007ffbf129d000 	C:\WINDOWS\System32\shlwapi.dll
0x00007ffbee7d0000 - 0x00007ffbee7f1000 	C:\WINDOWS\SYSTEM32\profapi.dll
0x00007ffbc0010000 - 0x00007ffbc002a000 	C:\Program Files\Android\Android Studio\jre\bin\net.dll
0x00007ffbe9c30000 - 0x00007ffbe9d3c000 	C:\WINDOWS\SYSTEM32\WINHTTP.dll
0x00007ffbedec0000 - 0x00007ffbedf27000 	C:\WINDOWS\system32\mswsock.dll
0x00007ffbbad20000 - 0x00007ffbbad34000 	C:\Program Files\Android\Android Studio\jre\bin\nio.dll
0x00007ffbead90000 - 0x00007ffbeadb7000 	C:\Users\Mauro\.gradle\native\8bec1ad78214c89d9ad589b4d07fe93259594b29d510b10fafb7a158f7737e5d\windows-amd64\native-platform.dll
0x00007ffbd4900000 - 0x00007ffbd4a3d000 	C:\Users\Mauro\.gradle\native\53dbd7edfb1c66fb8903c78663c9afc45aea4f116125fa6feffd364cf09443e8\windows-amd64\native-platform-file-events.dll
0x00007ffbd9010000 - 0x00007ffbd901a000 	C:\Program Files\Android\Android Studio\jre\bin\management.dll
0x00007ffbd8e10000 - 0x00007ffbd8e1c000 	C:\Program Files\Android\Android Studio\jre\bin\management_ext.dll
0x00007ffbee100000 - 0x00007ffbee118000 	C:\WINDOWS\SYSTEM32\CRYPTSP.dll
0x00007ffbeda10000 - 0x00007ffbeda45000 	C:\WINDOWS\system32\rsaenh.dll
0x00007ffbedfb0000 - 0x00007ffbedfd9000 	C:\WINDOWS\SYSTEM32\USERENV.dll
0x00007ffbee280000 - 0x00007ffbee2a7000 	C:\WINDOWS\SYSTEM32\bcrypt.dll
0x00007ffbee120000 - 0x00007ffbee12c000 	C:\WINDOWS\SYSTEM32\CRYPTBASE.dll
0x00007ffbed5f0000 - 0x00007ffbed61d000 	C:\WINDOWS\SYSTEM32\IPHLPAPI.DLL
0x00007ffbf09d0000 - 0x00007ffbf09d9000 	C:\WINDOWS\System32\NSI.dll
0x00007ffbe9c10000 - 0x00007ffbe9c29000 	C:\WINDOWS\SYSTEM32\dhcpcsvc6.DLL
0x00007ffbea070000 - 0x00007ffbea08e000 	C:\WINDOWS\SYSTEM32\dhcpcsvc.DLL
0x00007ffbed620000 - 0x00007ffbed707000 	C:\WINDOWS\SYSTEM32\DNSAPI.dll

dbghelp: loaded successfully - version: 4.0.5 - missing functions: none
symbol engine: initialized successfully - sym options: 0x614 - pdb path: .;C:\Program Files\Android\Android Studio\jre\bin;C:\WINDOWS\SYSTEM32;C:\WINDOWS\WinSxS\amd64_microsoft.windows.common-controls_6595b64144ccf1df_6.0.22000.120_none_9d947278b86cc467;C:\Program Files\Android\Android Studio\jre\bin\server;C:\Users\Mauro\.gradle\native\8bec1ad78214c89d9ad589b4d07fe93259594b29d510b10fafb7a158f7737e5d\windows-amd64;C:\Users\Mauro\.gradle\native\53dbd7edfb1c66fb8903c78663c9afc45aea4f116125fa6feffd364cf09443e8\windows-amd64

VM Arguments:
jvm_args: --add-opens=java.base/java.util=ALL-UNNAMED --add-opens=java.base/java.lang=ALL-UNNAMED --add-opens=java.base/java.lang.invoke=ALL-UNNAMED --add-opens=java.base/java.util=ALL-UNNAMED --add-opens=java.prefs/java.util.prefs=ALL-UNNAMED --add-opens=java.prefs/java.util.prefs=ALL-UNNAMED --add-opens=java.base/java.nio.charset=ALL-UNNAMED --add-opens=java.base/java.net=ALL-UNNAMED --add-opens=java.base/java.util.concurrent.atomic=ALL-UNNAMED -Xmx2048m -Dfile.encoding=UTF-8 -Duser.country=IT -Duser.language=it -Duser.variant 
java_command: org.gradle.launcher.daemon.bootstrap.GradleDaemon 7.0.2
java_class_path (initial): C:\Users\Mauro\.gradle\wrapper\dists\gradle-7.0.2-all\7era6s5ay7zsbhuvl0oc9g94s\gradle-7.0.2\lib\gradle-launcher-7.0.2.jar
Launcher Type: SUN_STANDARD

[Global flags]
     intx CICompilerCount                          = 4                                         {product} {ergonomic}
     uint ConcGCThreads                            = 2                                         {product} {ergonomic}
     uint G1ConcRefinementThreads                  = 8                                         {product} {ergonomic}
   size_t G1HeapRegionSize                         = 1048576                                   {product} {ergonomic}
    uintx GCDrainStackTargetSize                   = 64                                        {product} {ergonomic}
   size_t InitialHeapSize                          = 402653184                                 {product} {ergonomic}
   size_t MarkStackSize                            = 4194304                                   {product} {ergonomic}
   size_t MaxHeapSize                              = 2147483648                                {product} {command line}
   size_t MaxNewSize                               = 1287651328                                {product} {ergonomic}
   size_t MinHeapDeltaBytes                        = 1048576                                   {product} {ergonomic}
    uintx NonNMethodCodeHeapSize                   = 5836300                                {pd product} {ergonomic}
    uintx NonProfiledCodeHeapSize                  = 122910970                              {pd product} {ergonomic}
    uintx ProfiledCodeHeapSize                     = 122910970                              {pd product} {ergonomic}
    uintx ReservedCodeCacheSize                    = 251658240                              {pd product} {ergonomic}
     bool SegmentedCodeCache                       = true                                      {product} {ergonomic}
     bool UseCompressedClassPointers               = true                                 {lp64_product} {ergonomic}
     bool UseCompressedOops                        = true                                 {lp64_product} {ergonomic}
     bool UseG1GC                                  = true                                      {product} {ergonomic}
     bool UseLargePagesIndividualAllocation        = false                                  {pd product} {ergonomic}

Logging:
Log output configuration:
 #0: stdout all=warning uptime,level,tags
 #1: stderr all=off uptime,level,tags

Environment Variables:
PATH=C:\Program Files (x86)\Common Files\Oracle\Java\javapath;C:\Python39\Scripts\;C:\Python39\;C:\Windows\system32;C:\Windows;C:\Windows\System32\Wbem;C:\Windows\System32\WindowsPowerShell\v1.0\;C:\Windows\System32\OpenSSH\;C:\Program Files (x86)\EPSON\UPOSDriverForFiscal\JavaPOS;C:\Program Files (x86)\NVIDIA Corporation\PhysX\Common;C:\Program Files\nodejs\;C:\ProgramData\chocolatey\bin;C:\WINDOWS\system32;C:\WINDOWS;C:\WINDOWS\System32\Wbem;C:\WINDOWS\System32\WindowsPowerShell\v1.0\;C:\WINDOWS\System32\OpenSSH\;C:\Program Files (x86)\Microsoft SQL Server\150\DTS\Binn\;C:\Program Files\Azure Data Studio\bin;C:\Users\Mauro\AppData\Local\Microsoft\WindowsApps;C:\Program Files (x86)\Nmap;C:\Users\Mauro\AppData\Roaming\npm
USERNAME=Mauro
OS=Windows_NT
PROCESSOR_IDENTIFIER=Intel64 Family 6 Model 158 Stepping 13, GenuineIntel



---------------  S Y S T E M  ---------------

OS: Windows 10 , 64 bit Build 22000 (10.0.22000.318)
OS uptime: 11 days 20:27 hours

CPU:total 8 (initial active 8) (8 cores per cpu, 1 threads per core) family 6 model 158 stepping 13 microcode 0xde, cmov, cx8, fxsr, mmx, sse, sse2, sse3, ssse3, sse4.1, sse4.2, popcnt, avx, avx2, aes, clmul, erms, 3dnowpref, lzcnt, tsc, tscinvbit, bmi1, bmi2, adx, fma

Memory: 4k page, system-wide physical 24510M (10169M free)
TotalPageFile size 32569M (AvailPageFile size 5M)
current process WorkingSet (physical memory assigned to process): 540M, peak: 559M
current process commit charge ("private bytes"): 662M, peak: 688M

vm_info: OpenJDK 64-Bit Server VM (11.0.10+0-b96-7249189) for windows-amd64 JRE (11.0.10+0-b96-7249189), built on Mar 31 2021 21:44:00 by "builder" with MS VC++ 14.0 (VS2015)

END.
