#
# There is insufficient memory for the Java Runtime Environment to continue.
# Native memory allocation (mmap) failed to map 402653184 bytes for Failed to commit area from 0x0000000681000000 to 0x0000000699000000 of length 402653184.
# Possible reasons:
#   The system is out of physical RAM or swap space
#   The process is running with CompressedOops enabled, and the Java Heap may be blocking the growth of the native heap
# Possible solutions:
#   Reduce memory load on the system
#   Increase physical memory or swap space
#   Check if swap backing store is full
#   Decrease Java heap size (-Xmx/-Xms)
#   Decrease number of Java threads
#   Decrease Java thread stack sizes (-Xss)
#   Set larger code cache with -XX:ReservedCodeCacheSize=
# This output file may be truncated or incomplete.
#
#  Out of Memory Error (./src/hotspot/os/windows/os_windows.cpp:3301), pid=16968, tid=7732
#
# JRE version:  (11.0.10) (build )
# Java VM: OpenJDK 64-Bit Server VM (11.0.10+0-b96-7249189, mixed mode, sharing, tiered, compressed oops, g1 gc, windows-amd64)
# No core dump will be written. Minidumps are not enabled by default on client versions of Windows
#

---------------  S U M M A R Y ------------

Command Line: org.jetbrains.kotlin.cli.jvm.K2JVMCompiler @C:\Users\Mauro\Desktop\PalmareBDiBimbi\app\build\20220103_8603008920235511512.compiler.options

Host: Intel(R) Core(TM) i7-9700F CPU @ 3.00GHz, 8 cores, 23G,  Windows 10 , 64 bit Build 22000 (10.0.22000.318)
Time: Mon Jan  3 09:53:57 2022 ora solare Europa occidentale elapsed time: 0.005233 seconds (0d 0h 0m 0s)

---------------  T H R E A D  ---------------

Current thread (0x0000022b63ddd000):  JavaThread "Unknown thread" [_thread_in_vm, id=7732, stack(0x00000056d5d00000,0x00000056d5e00000)]

Stack: [0x00000056d5d00000,0x00000056d5e00000]
Native frames: (J=compiled Java code, j=interpreted, Vv=VM code, C=native code)
V  [jvm.dll+0x5ecfaa]
V  [jvm.dll+0x722bd5]
V  [jvm.dll+0x72412d]
V  [jvm.dll+0x7247e3]
V  [jvm.dll+0x242928]
V  [jvm.dll+0x5ea374]
V  [jvm.dll+0x5df425]
V  [jvm.dll+0x2fdebb]
V  [jvm.dll+0x2fde2a]
V  [jvm.dll+0x2fdd02]
V  [jvm.dll+0x302bf6]
V  [jvm.dll+0x34b2a3]
V  [jvm.dll+0x34b9a6]
V  [jvm.dll+0x34b3a3]
V  [jvm.dll+0x2d8888]
V  [jvm.dll+0x2d9a37]
V  [jvm.dll+0x701737]
V  [jvm.dll+0x702f2c]
V  [jvm.dll+0x3587d9]
V  [jvm.dll+0x6e4fae]
V  [jvm.dll+0x3c0be3]
V  [jvm.dll+0x3c2e91]
C  [jli.dll+0x5373]
C  [ucrtbase.dll+0x26c0c]
C  [KERNEL32.DLL+0x154e0]
C  [ntdll.dll+0x485b]


---------------  P R O C E S S  ---------------

Threads class SMR info:
_java_thread_list=0x0000022b61c82cd0, length=0, elements={
}

Java Threads: ( => current thread )

Other Threads:
  0x0000022b63df5000 GCTaskThread "GC Thread#0" [stack: 0x00000056d5e00000,0x00000056d5f00000] [id=13432]
  0x0000022b63e7b800 ConcurrentGCThread "G1 Main Marker" [stack: 0x00000056d5f00000,0x00000056d6000000] [id=17444]
  0x0000022b63e7d800 ConcurrentGCThread "G1 Conc#0" [stack: 0x00000056d6000000,0x00000056d6100000] [id=14800]

[error occurred during error reporting (printing all threads), id 0xc0000005, EXCEPTION_ACCESS_VIOLATION (0xc0000005) at pc=0x00007ffb67449107]

VM state:not at safepoint (not fully initialized)

VM Mutex/Monitor currently owned by a thread:  ([mutex/lock_event])
[0x0000022b63dda060] Heap_lock - owner thread: 0x0000022b63ddd000

Heap address: 0x0000000681000000, size: 6128 MB, Compressed Oops mode: Non-zero based: 0x0000000681000000
Narrow klass base: 0x0000000000000000, Narrow klass shift: 0

GC Heap History (0 events):
No events

Deoptimization events (0 events):
No events

Classes redefined (0 events):
No events

Internal exceptions (0 events):
No events

Events (1 events):
Event: 0.003 Loaded shared library C:\Program Files\Android\Android Studio\jre\bin\zip.dll


Dynamic libraries:
0x00007ff647770000 - 0x00007ff64777a000 	C:\Program Files\Android\Android Studio\jre\bin\java.exe
0x00007ffbf13c0000 - 0x00007ffbf15c7000 	C:\WINDOWS\SYSTEM32\ntdll.dll
0x00007ffbef5d0000 - 0x00007ffbef68d000 	C:\WINDOWS\System32\KERNEL32.DLL
0x00007ffbeead0000 - 0x00007ffbeee44000 	C:\WINDOWS\System32\KERNELBASE.dll
0x00007ffbee9b0000 - 0x00007ffbeeac1000 	C:\WINDOWS\System32\ucrtbase.dll
0x00007ffbdc000000 - 0x00007ffbdc019000 	C:\Program Files\Android\Android Studio\jre\bin\jli.dll
0x00007ffbeb150000 - 0x00007ffbeb167000 	C:\Program Files\Android\Android Studio\jre\bin\VCRUNTIME140.dll
0x00007ffbf0810000 - 0x00007ffbf09bc000 	C:\WINDOWS\System32\USER32.dll
0x00007ffbda190000 - 0x00007ffbda435000 	C:\WINDOWS\WinSxS\amd64_microsoft.windows.common-controls_6595b64144ccf1df_6.0.22000.120_none_9d947278b86cc467\COMCTL32.dll
0x00007ffbef220000 - 0x00007ffbef246000 	C:\WINDOWS\System32\win32u.dll
0x00007ffbf12d0000 - 0x00007ffbf1373000 	C:\WINDOWS\System32\msvcrt.dll
0x00007ffbf12a0000 - 0x00007ffbf12c9000 	C:\WINDOWS\System32\GDI32.dll
0x00007ffbeefc0000 - 0x00007ffbef0d2000 	C:\WINDOWS\System32\gdi32full.dll
0x00007ffbee8a0000 - 0x00007ffbee93d000 	C:\WINDOWS\System32\msvcp_win.dll
0x00007ffbefc20000 - 0x00007ffbefc51000 	C:\WINDOWS\System32\IMM32.DLL
0x00007ffbd4860000 - 0x00007ffbd48fd000 	C:\Program Files\Android\Android Studio\jre\bin\msvcp140.dll
0x00007ffb67160000 - 0x00007ffb67c2f000 	C:\Program Files\Android\Android Studio\jre\bin\server\jvm.dll
0x00007ffbf1120000 - 0x00007ffbf11cc000 	C:\WINDOWS\System32\ADVAPI32.dll
0x00007ffbef690000 - 0x00007ffbef72d000 	C:\WINDOWS\System32\sechost.dll
0x00007ffbf0e90000 - 0x00007ffbf0fb1000 	C:\WINDOWS\System32\RPCRT4.dll
0x00007ffbefdb0000 - 0x00007ffbefdb8000 	C:\WINDOWS\System32\PSAPI.DLL
0x00007ffbdc910000 - 0x00007ffbdc919000 	C:\WINDOWS\SYSTEM32\WSOCK32.dll
0x00007ffbe1a50000 - 0x00007ffbe1a83000 	C:\WINDOWS\SYSTEM32\WINMM.dll
0x00007ffbefd40000 - 0x00007ffbefdaf000 	C:\WINDOWS\System32\WS2_32.dll
0x00007ffbe9a20000 - 0x00007ffbe9a2a000 	C:\WINDOWS\SYSTEM32\VERSION.dll
0x00007ffbedab0000 - 0x00007ffbedac8000 	C:\WINDOWS\SYSTEM32\kernel.appcore.dll
0x00007ffbc34a0000 - 0x00007ffbc34b1000 	C:\Program Files\Android\Android Studio\jre\bin\verify.dll
0x00007ffbde790000 - 0x00007ffbde9b1000 	C:\WINDOWS\SYSTEM32\DBGHELP.DLL
0x00007ffbda440000 - 0x00007ffbda471000 	C:\WINDOWS\SYSTEM32\dbgcore.DLL
0x00007ffbef0e0000 - 0x00007ffbef15f000 	C:\WINDOWS\System32\bcryptPrimitives.dll
0x00007ffbc33b0000 - 0x00007ffbc33d9000 	C:\Program Files\Android\Android Studio\jre\bin\java.dll
0x00007ffbdb520000 - 0x00007ffbdb52b000 	C:\Program Files\Android\Android Studio\jre\bin\jimage.dll
0x00007ffbc0030000 - 0x00007ffbc0048000 	C:\Program Files\Android\Android Studio\jre\bin\zip.dll

dbghelp: loaded successfully - version: 4.0.5 - missing functions: none
symbol engine: initialized successfully - sym options: 0x614 - pdb path: .;C:\Program Files\Android\Android Studio\jre\bin;C:\WINDOWS\SYSTEM32;C:\WINDOWS\WinSxS\amd64_microsoft.windows.common-controls_6595b64144ccf1df_6.0.22000.120_none_9d947278b86cc467;C:\Program Files\Android\Android Studio\jre\bin\server

VM Arguments:
java_command: org.jetbrains.kotlin.cli.jvm.K2JVMCompiler @C:\Users\Mauro\Desktop\PalmareBDiBimbi\app\build\20220103_8603008920235511512.compiler.options
java_class_path (initial): C:\Users\Mauro\.gradle\caches\modules-2\files-2.1\org.jetbrains.kotlin\kotlin-compiler-embeddable\1.6.0\aa8da3bedc53c89219b84a0b40c7419431a13e76\kotlin-compiler-embeddable-1.6.0.jar;C:\Users\Mauro\.gradle\caches\modules-2\files-2.1\org.jetbrains.kotlin\kotlin-reflect\1.6.0\a215a7f914d5916dc5fd2d45cea16524e0220203\kotlin-reflect-1.6.0.jar;C:\Users\Mauro\.gradle\caches\modules-2\files-2.1\org.jetbrains.kotlin\kotlin-stdlib\1.6.0\a40b8b22529b733892edf4b73468ce598bb17f04\kotlin-stdlib-1.6.0.jar;C:\Users\Mauro\.gradle\caches\modules-2\files-2.1\org.jetbrains.kotlin\kotlin-script-runtime\1.6.0\55f72526ddcff6fc77d72cdf949c7e3d9bd95620\kotlin-script-runtime-1.6.0.jar;C:\Users\Mauro\.gradle\caches\modules-2\files-2.1\org.jetbrains.kotlin\kotlin-daemon-embeddable\1.6.0\d6242b37f4ce6b637d10847c7558446272ec8432\kotlin-daemon-embeddable-1.6.0.jar;C:\Users\Mauro\.gradle\caches\modules-2\files-2.1\org.jetbrains.intellij.deps\trove4j\1.0.20181211\216c2e14b070f334479d800987affe4054cd563f\trove4j-1.0.20181211.jar;C:\Users\Mauro\.gradle\caches\modules-2\files-2.1\net.java.dev.jna\jna\5.6.0\330f2244e9030119ab3030fc3fededc86713d9cc\jna-5.6.0.jar;C:\Users\Mauro\.gradle\caches\modules-2\files-2.1\org.jetbrains\annotations\13.0\919f0dfe192fb4e063e7dacadee7f8bb9a2672a9\annotations-13.0.jar;C:\Users\Mauro\.gradle\caches\modules-2\files-2.1\org.jetbrains.kotlin\kotlin-stdlib-common\1.6.0\7857e365f925cfa060f941c1357cda1f8790502c\kotlin-stdlib-common-1.6.0.jar
Launcher Type: SUN_STANDARD

[Global flags]
     intx CICompilerCount                          = 4                                         {product} {ergonomic}
     uint ConcGCThreads                            = 2                                         {product} {ergonomic}
     uint G1ConcRefinementThreads                  = 8                                         {product} {ergonomic}
   size_t G1HeapRegionSize                         = 1048576                                   {product} {ergonomic}
    uintx GCDrainStackTargetSize                   = 64                                        {product} {ergonomic}
   size_t InitialHeapSize                          = 402653184                                 {product} {ergonomic}
   size_t MarkStackSize                            = 4194304                                   {product} {ergonomic}
   size_t MaxHeapSize                              = 6425673728                                {product} {ergonomic}
   size_t MinHeapDeltaBytes                        = 1048576                                   {product} {ergonomic}
    uintx NonNMethodCodeHeapSize                   = 5836300                                {pd product} {ergonomic}
    uintx NonProfiledCodeHeapSize                  = 122910970                              {pd product} {ergonomic}
    uintx ProfiledCodeHeapSize                     = 122910970                              {pd product} {ergonomic}
    uintx ReservedCodeCacheSize                    = 251658240                              {pd product} {ergonomic}
     bool SegmentedCodeCache                       = true                                      {product} {ergonomic}
     bool UseCompressedClassPointers               = true                                 {lp64_product} {ergonomic}
     bool UseCompressedOops                        = true                                 {lp64_product} {ergonomic}
     bool UseG1GC                                  = true                                      {product} {ergonomic}
     bool UseLargePagesIndividualAllocation        = false                                  {pd product} {ergonomic}

Logging:
Log output configuration:
 #0: stdout all=warning uptime,level,tags
 #1: stderr all=off uptime,level,tags

Environment Variables:
PATH=C:\Program Files (x86)\Common Files\Oracle\Java\javapath;C:\Python39\Scripts\;C:\Python39\;C:\Windows\system32;C:\Windows;C:\Windows\System32\Wbem;C:\Windows\System32\WindowsPowerShell\v1.0\;C:\Windows\System32\OpenSSH\;C:\Program Files (x86)\EPSON\UPOSDriverForFiscal\JavaPOS;C:\Program Files (x86)\NVIDIA Corporation\PhysX\Common;C:\Program Files\nodejs\;C:\ProgramData\chocolatey\bin;C:\WINDOWS\system32;C:\WINDOWS;C:\WINDOWS\System32\Wbem;C:\WINDOWS\System32\WindowsPowerShell\v1.0\;C:\WINDOWS\System32\OpenSSH\;C:\Program Files (x86)\Microsoft SQL Server\150\DTS\Binn\;C:\Program Files\Azure Data Studio\bin;C:\Users\Mauro\AppData\Local\Microsoft\WindowsApps;C:\Program Files (x86)\Nmap;C:\Users\Mauro\AppData\Roaming\npm
USERNAME=Mauro
OS=Windows_NT
PROCESSOR_IDENTIFIER=Intel64 Family 6 Model 158 Stepping 13, GenuineIntel



---------------  S Y S T E M  ---------------

OS: Windows 10 , 64 bit Build 22000 (10.0.22000.318)
OS uptime: 11 days 20:24 hours

CPU:total 8 (initial active 8) (8 cores per cpu, 1 threads per core) family 6 model 158 stepping 13 microcode 0xde, cmov, cx8, fxsr, mmx, sse, sse2, sse3, ssse3, sse4.1, sse4.2, popcnt, avx, avx2, aes, clmul, erms, 3dnowpref, lzcnt, tsc, tscinvbit, bmi1, bmi2, adx, fma

Memory: 4k page, system-wide physical 24510M (10827M free)
TotalPageFile size 32569M (AvailPageFile size 60M)
current process WorkingSet (physical memory assigned to process): 10M, peak: 10M
current process commit charge ("private bytes"): 61M, peak: 445M

vm_info: OpenJDK 64-Bit Server VM (11.0.10+0-b96-7249189) for windows-amd64 JRE (11.0.10+0-b96-7249189), built on Mar 31 2021 21:44:00 by "builder" with MS VC++ 14.0 (VS2015)

END.
