#
# There is insufficient memory for the Java Runtime Environment to continue.
# Native memory allocation (mmap) failed to map 402653184 bytes for Failed to commit area from 0x0000000681000000 to 0x0000000699000000 of length 402653184.
# Possible reasons:
#   The system is out of physical RAM or swap space
#   The process is running with CompressedOops enabled, and the Java Heap may be blocking the growth of the native heap
# Possible solutions:
#   Reduce memory load on the system
#   Increase physical memory or swap space
#   Check if swap backing store is full
#   Decrease Java heap size (-Xmx/-Xms)
#   Decrease number of Java threads
#   Decrease Java thread stack sizes (-Xss)
#   Set larger code cache with -XX:ReservedCodeCacheSize=
# This output file may be truncated or incomplete.
#
#  Out of Memory Error (./src/hotspot/os/windows/os_windows.cpp:3301), pid=19540, tid=10732
#
# JRE version:  (11.0.11+9) (build )
# Java VM: OpenJDK 64-Bit Server VM (11.0.11+9-b60-7590822, mixed mode, sharing, tiered, compressed oops, g1 gc, windows-amd64)
# No core dump will be written. Minidumps are not enabled by default on client versions of Windows
#

---------------  S U M M A R Y ------------

Command Line: org.jetbrains.kotlin.cli.jvm.K2JVMCompiler @C:\Users\Mauro\Desktop\PalmareBDiBimbi\app\build\20220223_6670382116138867911.compiler.options

Host: Intel(R) Core(TM) i7-9700F CPU @ 3.00GHz, 8 cores, 23G,  Windows 10 , 64 bit Build 22000 (10.0.22000.434)
Time: Wed Feb 23 16:30:43 2022 ora solare Europa occidentale elapsed time: 0.005564 seconds (0d 0h 0m 0s)

---------------  T H R E A D  ---------------

Current thread (0x0000018a56e0e000):  JavaThread "Unknown thread" [_thread_in_vm, id=10732, stack(0x00000076afa00000,0x00000076afb00000)]

Stack: [0x00000076afa00000,0x00000076afb00000]
Native frames: (J=compiled Java code, j=interpreted, Vv=VM code, C=native code)
V  [jvm.dll+0x5f214a]
V  [jvm.dll+0x726fb5]
V  [jvm.dll+0x7285cd]
V  [jvm.dll+0x728c83]
V  [jvm.dll+0x243278]
V  [jvm.dll+0x5ef544]
V  [jvm.dll+0x5e4495]
V  [jvm.dll+0x2fec5b]
V  [jvm.dll+0x2febca]
V  [jvm.dll+0x2feaa2]
V  [jvm.dll+0x303986]
V  [jvm.dll+0x34c3a3]
V  [jvm.dll+0x34caa6]
V  [jvm.dll+0x34c4a3]
V  [jvm.dll+0x2d9688]
V  [jvm.dll+0x2da837]
V  [jvm.dll+0x705ba7]
V  [jvm.dll+0x70739c]
V  [jvm.dll+0x3598f9]
V  [jvm.dll+0x6e931e]
V  [jvm.dll+0x3c1c43]
V  [jvm.dll+0x3c3e81]
C  [jli.dll+0x5373]
C  [ucrtbase.dll+0x26c0c]
C  [KERNEL32.DLL+0x154e0]
C  [ntdll.dll+0x485b]


---------------  P R O C E S S  ---------------

Threads class SMR info:
_java_thread_list=0x0000018a54c25170, length=0, elements={
}

Java Threads: ( => current thread )

Other Threads:
  0x0000018a56e25800 GCTaskThread "GC Thread#0" [stack: 0x00000076afb00000,0x00000076afc00000] [id=5432]
  0x0000018a56ead000 ConcurrentGCThread "G1 Main Marker" [stack: 0x00000076afc00000,0x00000076afd00000] [id=15960]
  0x0000018a56eae800 ConcurrentGCThread "G1 Conc#0" [stack: 0x00000076afd00000,0x00000076afe00000] [id=24436]

[error occurred during error reporting (printing all threads), id 0xc0000005, EXCEPTION_ACCESS_VIOLATION (0xc0000005) at pc=0x00007ffc1f199c47]

VM state:not at safepoint (not fully initialized)

VM Mutex/Monitor currently owned by a thread:  ([mutex/lock_event])
[0x0000018a56e0a730] Heap_lock - owner thread: 0x0000018a56e0e000

Heap address: 0x0000000681000000, size: 6128 MB, Compressed Oops mode: Non-zero based: 0x0000000681000000
Narrow klass base: 0x0000000000000000, Narrow klass shift: 0

GC Heap History (0 events):
No events

Deoptimization events (0 events):
No events

Classes redefined (0 events):
No events

Internal exceptions (0 events):
No events

Events (1 events):
Event: 0.003 Loaded shared library C:\Program Files\Android\Android Studio\jre\bin\zip.dll


Dynamic libraries:
0x00007ff65f9a0000 - 0x00007ff65f9aa000 	C:\Program Files\Android\Android Studio\jre\bin\java.exe
0x00007ffc7edc0000 - 0x00007ffc7efc9000 	C:\WINDOWS\SYSTEM32\ntdll.dll
0x00007ffc7e5d0000 - 0x00007ffc7e68d000 	C:\WINDOWS\System32\KERNEL32.DLL
0x00007ffc7c490000 - 0x00007ffc7c804000 	C:\WINDOWS\System32\KERNELBASE.dll
0x00007ffc7c370000 - 0x00007ffc7c481000 	C:\WINDOWS\System32\ucrtbase.dll
0x00007ffc77390000 - 0x00007ffc773a7000 	C:\Program Files\Android\Android Studio\jre\bin\VCRUNTIME140.dll
0x00007ffc77f70000 - 0x00007ffc77f89000 	C:\Program Files\Android\Android Studio\jre\bin\jli.dll
0x00007ffc7e170000 - 0x00007ffc7e31c000 	C:\WINDOWS\System32\USER32.dll
0x00007ffc6e260000 - 0x00007ffc6e505000 	C:\WINDOWS\WinSxS\amd64_microsoft.windows.common-controls_6595b64144ccf1df_6.0.22000.120_none_9d947278b86cc467\COMCTL32.dll
0x00007ffc7cb10000 - 0x00007ffc7cb36000 	C:\WINDOWS\System32\win32u.dll
0x00007ffc7e690000 - 0x00007ffc7e733000 	C:\WINDOWS\System32\msvcrt.dll
0x00007ffc7cc60000 - 0x00007ffc7cc89000 	C:\WINDOWS\System32\GDI32.dll
0x00007ffc7c810000 - 0x00007ffc7c922000 	C:\WINDOWS\System32\gdi32full.dll
0x00007ffc7cb40000 - 0x00007ffc7cbdd000 	C:\WINDOWS\System32\msvcp_win.dll
0x00007ffc7ed40000 - 0x00007ffc7ed71000 	C:\WINDOWS\System32\IMM32.DLL
0x00007ffc4f050000 - 0x00007ffc4f0ed000 	C:\Program Files\Android\Android Studio\jre\bin\msvcp140.dll
0x00007ffc1eeb0000 - 0x00007ffc1f985000 	C:\Program Files\Android\Android Studio\jre\bin\server\jvm.dll
0x00007ffc7cc90000 - 0x00007ffc7cd3e000 	C:\WINDOWS\System32\ADVAPI32.dll
0x00007ffc7d360000 - 0x00007ffc7d3fe000 	C:\WINDOWS\System32\sechost.dll
0x00007ffc7ec20000 - 0x00007ffc7ed40000 	C:\WINDOWS\System32\RPCRT4.dll
0x00007ffc7de20000 - 0x00007ffc7de28000 	C:\WINDOWS\System32\PSAPI.DLL
0x00007ffc6e7f0000 - 0x00007ffc6e823000 	C:\WINDOWS\SYSTEM32\WINMM.dll
0x00007ffc720a0000 - 0x00007ffc720a9000 	C:\WINDOWS\SYSTEM32\WSOCK32.dll
0x00007ffc78590000 - 0x00007ffc7859a000 	C:\WINDOWS\SYSTEM32\VERSION.dll
0x00007ffc7d560000 - 0x00007ffc7d5cf000 	C:\WINDOWS\System32\WS2_32.dll
0x00007ffc7b4a0000 - 0x00007ffc7b4b8000 	C:\WINDOWS\SYSTEM32\kernel.appcore.dll
0x00007ffc6b9f0000 - 0x00007ffc6ba01000 	C:\Program Files\Android\Android Studio\jre\bin\verify.dll
0x00007ffc775b0000 - 0x00007ffc777d1000 	C:\WINDOWS\SYSTEM32\DBGHELP.DLL
0x00007ffc773e0000 - 0x00007ffc77411000 	C:\WINDOWS\SYSTEM32\dbgcore.DLL
0x00007ffc7cbe0000 - 0x00007ffc7cc5f000 	C:\WINDOWS\System32\bcryptPrimitives.dll
0x00007ffc6a710000 - 0x00007ffc6a739000 	C:\Program Files\Android\Android Studio\jre\bin\java.dll
0x00007ffc6a610000 - 0x00007ffc6a61b000 	C:\Program Files\Android\Android Studio\jre\bin\jimage.dll
0x00007ffc6a5f0000 - 0x00007ffc6a608000 	C:\Program Files\Android\Android Studio\jre\bin\zip.dll

dbghelp: loaded successfully - version: 4.0.5 - missing functions: none
symbol engine: initialized successfully - sym options: 0x614 - pdb path: .;C:\Program Files\Android\Android Studio\jre\bin;C:\WINDOWS\SYSTEM32;C:\WINDOWS\WinSxS\amd64_microsoft.windows.common-controls_6595b64144ccf1df_6.0.22000.120_none_9d947278b86cc467;C:\Program Files\Android\Android Studio\jre\bin\server

VM Arguments:
java_command: org.jetbrains.kotlin.cli.jvm.K2JVMCompiler @C:\Users\Mauro\Desktop\PalmareBDiBimbi\app\build\20220223_6670382116138867911.compiler.options
java_class_path (initial): C:\Users\Mauro\.gradle\caches\modules-2\files-2.1\org.jetbrains.kotlin\kotlin-compiler-embeddable\1.6.10\88f2073f4020cdb83132cfe940ceb9a60aba54ea\kotlin-compiler-embeddable-1.6.10.jar;C:\Users\Mauro\.gradle\caches\modules-2\files-2.1\org.jetbrains.kotlin\kotlin-reflect\1.6.10\1cbe9c92c12a94eea200d23c2bbaedaf3daf5132\kotlin-reflect-1.6.10.jar;C:\Users\Mauro\.gradle\caches\modules-2\files-2.1\org.jetbrains.kotlin\kotlin-stdlib\1.6.10\b8af3fe6f1ca88526914929add63cf5e7c5049af\kotlin-stdlib-1.6.10.jar;C:\Users\Mauro\.gradle\caches\modules-2\files-2.1\org.jetbrains.kotlin\kotlin-script-runtime\1.6.10\d0a7ff2e2500ef497ed0214ae40ad3c8387a6164\kotlin-script-runtime-1.6.10.jar;C:\Users\Mauro\.gradle\caches\modules-2\files-2.1\org.jetbrains.kotlin\kotlin-daemon-embeddable\1.6.10\a56d79bcbea411fa6058e4ecffc2de73e742bd2a\kotlin-daemon-embeddable-1.6.10.jar;C:\Users\Mauro\.gradle\caches\modules-2\files-2.1\org.jetbrains.intellij.deps\trove4j\1.0.20181211\216c2e14b070f334479d800987affe4054cd563f\trove4j-1.0.20181211.jar;C:\Users\Mauro\.gradle\caches\modules-2\files-2.1\net.java.dev.jna\jna\5.6.0\330f2244e9030119ab3030fc3fededc86713d9cc\jna-5.6.0.jar;C:\Users\Mauro\.gradle\caches\modules-2\files-2.1\org.jetbrains\annotations\13.0\919f0dfe192fb4e063e7dacadee7f8bb9a2672a9\annotations-13.0.jar;C:\Users\Mauro\.gradle\caches\modules-2\files-2.1\org.jetbrains.kotlin\kotlin-stdlib-common\1.6.10\c118700e3a33c8a0d9adc920e9dec0831171925\kotlin-stdlib-common-1.6.10.jar
Launcher Type: SUN_STANDARD

[Global flags]
     intx CICompilerCount                          = 4                                         {product} {ergonomic}
     uint ConcGCThreads                            = 2                                         {product} {ergonomic}
     uint G1ConcRefinementThreads                  = 8                                         {product} {ergonomic}
   size_t G1HeapRegionSize                         = 1048576                                   {product} {ergonomic}
    uintx GCDrainStackTargetSize                   = 64                                        {product} {ergonomic}
   size_t InitialHeapSize                          = 402653184                                 {product} {ergonomic}
   size_t MarkStackSize                            = 4194304                                   {product} {ergonomic}
   size_t MaxHeapSize                              = 6425673728                                {product} {ergonomic}
   size_t MinHeapDeltaBytes                        = 1048576                                   {product} {ergonomic}
    uintx NonNMethodCodeHeapSize                   = 5836300                                {pd product} {ergonomic}
    uintx NonProfiledCodeHeapSize                  = 122910970                              {pd product} {ergonomic}
    uintx ProfiledCodeHeapSize                     = 122910970                              {pd product} {ergonomic}
    uintx ReservedCodeCacheSize                    = 251658240                              {pd product} {ergonomic}
     bool SegmentedCodeCache                       = true                                      {product} {ergonomic}
     bool UseCompressedClassPointers               = true                                 {lp64_product} {ergonomic}
     bool UseCompressedOops                        = true                                 {lp64_product} {ergonomic}
     bool UseG1GC                                  = true                                      {product} {ergonomic}
     bool UseLargePagesIndividualAllocation        = false                                  {pd product} {ergonomic}

Logging:
Log output configuration:
 #0: stdout all=warning uptime,level,tags
 #1: stderr all=off uptime,level,tags

Environment Variables:
PATH=C:\Program Files (x86)\Common Files\Oracle\Java\javapath;C:\Python39\Scripts\;C:\Python39\;C:\Windows\system32;C:\Windows;C:\Windows\System32\Wbem;C:\Windows\System32\WindowsPowerShell\v1.0\;C:\Windows\System32\OpenSSH\;C:\Program Files (x86)\EPSON\UPOSDriverForFiscal\JavaPOS;C:\Program Files (x86)\NVIDIA Corporation\PhysX\Common;C:\Program Files\nodejs\;C:\ProgramData\chocolatey\bin;C:\WINDOWS\system32;C:\WINDOWS;C:\WINDOWS\System32\Wbem;C:\WINDOWS\System32\WindowsPowerShell\v1.0\;C:\WINDOWS\System32\OpenSSH\;C:\Program Files (x86)\Microsoft SQL Server\150\DTS\Binn\;C:\Program Files\Azure Data Studio\bin;C:\Users\Mauro\AppData\Local\Microsoft\WindowsApps;;C:\Program Files\Azure Data Studio\bin;C:\Program Files (x86)\Nmap;C:\Users\Mauro\AppData\Roaming\npm;C:\Program Files\Azure Data Studio\bin
USERNAME=Mauro
OS=Windows_NT
PROCESSOR_IDENTIFIER=Intel64 Family 6 Model 158 Stepping 13, GenuineIntel



---------------  S Y S T E M  ---------------

OS: Windows 10 , 64 bit Build 22000 (10.0.22000.434)
OS uptime: 5 days 3:46 hours

CPU:total 8 (initial active 8) (8 cores per cpu, 1 threads per core) family 6 model 158 stepping 13 microcode 0xde, cmov, cx8, fxsr, mmx, sse, sse2, sse3, ssse3, sse4.1, sse4.2, popcnt, avx, avx2, aes, clmul, erms, 3dnowpref, lzcnt, tsc, tscinvbit, bmi1, bmi2, adx, fma

Memory: 4k page, system-wide physical 24510M (10530M free)
TotalPageFile size 32569M (AvailPageFile size 340M)
current process WorkingSet (physical memory assigned to process): 10M, peak: 10M
current process commit charge ("private bytes"): 61M, peak: 445M

vm_info: OpenJDK 64-Bit Server VM (11.0.11+9-b60-7590822) for windows-amd64 JRE (11.0.11+9-b60-7590822), built on Jul 29 2021 21:43:44 by "builder" with MS VC++ 14.0 (VS2015)

END.
