#
# There is insufficient memory for the Java Runtime Environment to continue.
# Native memory allocation (malloc) failed to allocate 1055776 bytes for Chunk::new
# Possible reasons:
#   The system is out of physical RAM or swap space
#   The process is running with CompressedOops enabled, and the Java Heap may be blocking the growth of the native heap
# Possible solutions:
#   Reduce memory load on the system
#   Increase physical memory or swap space
#   Check if swap backing store is full
#   Decrease Java heap size (-Xmx/-Xms)
#   Decrease number of Java threads
#   Decrease Java thread stack sizes (-Xss)
#   Set larger code cache with -XX:ReservedCodeCacheSize=
#   JVM is running with Unscaled Compressed Oops mode in which the Java heap is
#     placed in the first 4GB address space. The Java Heap base address is the
#     maximum limit for the native heap growth. Please use -XX:HeapBaseMinAddress
#     to set the Java Heap base and to place the Java Heap above 4GB virtual address.
# This output file may be truncated or incomplete.
#
#  Out of Memory Error (./src/hotspot/share/memory/arena.cpp:197), pid=12616, tid=19396
#
# JRE version: OpenJDK Runtime Environment (11.0.10) (build 11.0.10+0-b96-7249189)
# Java VM: OpenJDK 64-Bit Server VM (11.0.10+0-b96-7249189, mixed mode, tiered, compressed oops, g1 gc, windows-amd64)
# No core dump will be written. Minidumps are not enabled by default on client versions of Windows
#

---------------  S U M M A R Y ------------

Command Line: --add-opens=java.base/java.util=ALL-UNNAMED --add-opens=java.base/java.lang=ALL-UNNAMED --add-opens=java.base/java.lang.invoke=ALL-UNNAMED --add-opens=java.base/java.util=ALL-UNNAMED --add-opens=java.prefs/java.util.prefs=ALL-UNNAMED --add-opens=java.prefs/java.util.prefs=ALL-UNNAMED --add-opens=java.base/java.nio.charset=ALL-UNNAMED --add-opens=java.base/java.net=ALL-UNNAMED --add-opens=java.base/java.util.concurrent.atomic=ALL-UNNAMED -Xmx2048m -Dfile.encoding=UTF-8 -Duser.country=IT -Duser.language=it -Duser.variant org.gradle.launcher.daemon.bootstrap.GradleDaemon 7.0.2

Host: Intel(R) Core(TM) i7-9700F CPU @ 3.00GHz, 8 cores, 23G,  Windows 10 , 64 bit Build 22000 (10.0.22000.318)
Time: Mon Jan  3 10:03:21 2022 ora solare Europa occidentale elapsed time: 5.140639 seconds (0d 0h 0m 5s)

---------------  T H R E A D  ---------------

Current thread (0x000001d284d64800):  JavaThread "C2 CompilerThread2" daemon [_thread_in_native, id=19396, stack(0x00000070e1e00000,0x00000070e1f00000)]


Current CompileTask:
C2:   5140 7983       4       java.beans.Introspector::addMethod (196 bytes)

Stack: [0x00000070e1e00000,0x00000070e1f00000]
Native frames: (J=compiled Java code, j=interpreted, Vv=VM code, C=native code)
V  [jvm.dll+0x5ecfaa]
V  [jvm.dll+0x722bd5]
V  [jvm.dll+0x72412d]
V  [jvm.dll+0x7247e3]
V  [jvm.dll+0x242928]
V  [jvm.dll+0xbc4fc]
V  [jvm.dll+0xbca0c]
V  [jvm.dll+0x2b4fd4]
V  [jvm.dll+0x506028]
V  [jvm.dll+0x203253]
V  [jvm.dll+0x1fd07c]
V  [jvm.dll+0x1fa77f]
V  [jvm.dll+0x18354c]
V  [jvm.dll+0x208ee7]
V  [jvm.dll+0x207731]
V  [jvm.dll+0x6eb1cf]
V  [jvm.dll+0x6e3d45]
V  [jvm.dll+0x5ebe96]
C  [ucrtbase.dll+0x26c0c]
C  [KERNEL32.DLL+0x154e0]
C  [ntdll.dll+0x485b]


---------------  P R O C E S S  ---------------

Threads class SMR info:
_java_thread_list=0x000001d28c9fd9e0, length=53, elements={
0x000001d2e9cce800, 0x000001d284aa2000, 0x000001d284aad000, 0x000001d284b00800,
0x000001d284b01800, 0x000001d284b02800, 0x000001d284b08800, 0x000001d284b0f000,
0x000001d284b10000, 0x000001d284c88800, 0x000001d284d44000, 0x000001d284d64800,
0x000001d286551800, 0x000001d286b5d800, 0x000001d287834000, 0x000001d2861cf000,
0x000001d28663c000, 0x000001d285eb5000, 0x000001d2866e8800, 0x000001d286c3d800,
0x000001d287b6c800, 0x000001d2883f9800, 0x000001d2883f7000, 0x000001d2883fa000,
0x000001d2883f8800, 0x000001d2883f7800, 0x000001d2883fb000, 0x000001d2883fb800,
0x000001d2883f6000, 0x000001d2883fc800, 0x000001d28751d800, 0x000001d28751e800,
0x000001d28751f000, 0x000001d287521000, 0x000001d28751b000, 0x000001d287520000,
0x000001d287521800, 0x000001d28751c000, 0x000001d287522800, 0x000001d28751c800,
0x000001d287528000, 0x000001d287529000, 0x000001d287524000, 0x000001d287527800,
0x000001d287525000, 0x000001d287523000, 0x000001d28752a000, 0x000001d28a065000,
0x000001d28a062800, 0x000001d28a065800, 0x000001d28a067800, 0x000001d28a061800,
0x000001d28a066800
}

Java Threads: ( => current thread )
  0x000001d2e9cce800 JavaThread "main" [_thread_blocked, id=19952, stack(0x00000070e0c00000,0x00000070e0d00000)]
  0x000001d284aa2000 JavaThread "Reference Handler" daemon [_thread_blocked, id=12696, stack(0x00000070e1300000,0x00000070e1400000)]
  0x000001d284aad000 JavaThread "Finalizer" daemon [_thread_blocked, id=8900, stack(0x00000070e1400000,0x00000070e1500000)]
  0x000001d284b00800 JavaThread "Signal Dispatcher" daemon [_thread_blocked, id=18916, stack(0x00000070e1500000,0x00000070e1600000)]
  0x000001d284b01800 JavaThread "Attach Listener" daemon [_thread_blocked, id=8848, stack(0x00000070e1600000,0x00000070e1700000)]
  0x000001d284b02800 JavaThread "Service Thread" daemon [_thread_blocked, id=820, stack(0x00000070e1700000,0x00000070e1800000)]
  0x000001d284b08800 JavaThread "C2 CompilerThread0" daemon [_thread_in_native, id=16728, stack(0x00000070e1800000,0x00000070e1900000)]
  0x000001d284b0f000 JavaThread "C1 CompilerThread0" daemon [_thread_blocked, id=18976, stack(0x00000070e1900000,0x00000070e1a00000)]
  0x000001d284b10000 JavaThread "Sweeper thread" daemon [_thread_blocked, id=6808, stack(0x00000070e1a00000,0x00000070e1b00000)]
  0x000001d284c88800 JavaThread "Common-Cleaner" daemon [_thread_blocked, id=12500, stack(0x00000070e1b00000,0x00000070e1c00000)]
  0x000001d284d44000 JavaThread "C2 CompilerThread1" daemon [_thread_in_native, id=5212, stack(0x00000070e1d00000,0x00000070e1e00000)]
=>0x000001d284d64800 JavaThread "C2 CompilerThread2" daemon [_thread_in_native, id=19396, stack(0x00000070e1e00000,0x00000070e1f00000)]
  0x000001d286551800 JavaThread "Daemon health stats" [_thread_blocked, id=20352, stack(0x00000070e2600000,0x00000070e2700000)]
  0x000001d286b5d800 JavaThread "Incoming local TCP Connector on port 1467" [_thread_in_native, id=9468, stack(0x00000070e2700000,0x00000070e2800000)]
  0x000001d287834000 JavaThread "Daemon periodic checks" [_thread_blocked, id=4236, stack(0x00000070e2800000,0x00000070e2900000)]
  0x000001d2861cf000 JavaThread "Daemon" [_thread_blocked, id=7076, stack(0x00000070e2900000,0x00000070e2a00000)]
  0x000001d28663c000 JavaThread "Handler for socket connection from /127.0.0.1:1467 to /127.0.0.1:1468" [_thread_in_native, id=12200, stack(0x00000070e2a00000,0x00000070e2b00000)]
  0x000001d285eb5000 JavaThread "Cancel handler" [_thread_blocked, id=13616, stack(0x00000070e2b00000,0x00000070e2c00000)]
  0x000001d2866e8800 JavaThread "Daemon worker" [_thread_in_Java, id=13812, stack(0x00000070e2c00000,0x00000070e2d00000)]
  0x000001d286c3d800 JavaThread "Asynchronous log dispatcher for DefaultDaemonConnection: socket connection from /127.0.0.1:1467 to /127.0.0.1:1468" [_thread_blocked, id=18364, stack(0x00000070e2d00000,0x00000070e2e00000)]
  0x000001d287b6c800 JavaThread "Stdin handler" [_thread_blocked, id=14392, stack(0x00000070e2e00000,0x00000070e2f00000)]
  0x000001d2883f9800 JavaThread "Daemon client event forwarder" [_thread_blocked, id=12104, stack(0x00000070e2f00000,0x00000070e3000000)]
  0x000001d2883f7000 JavaThread "Cache worker for file hash cache (C:\Users\Mauro\.gradle\caches\7.0.2\fileHashes)" [_thread_blocked, id=19684, stack(0x00000070e3000000,0x00000070e3100000)]
  0x000001d2883fa000 JavaThread "File lock request listener" [_thread_in_native, id=11804, stack(0x00000070e3100000,0x00000070e3200000)]
  0x000001d2883f8800 JavaThread "Cache worker for journal cache (C:\Users\Mauro\.gradle\caches\journal-1)" [_thread_blocked, id=18748, stack(0x00000070e3300000,0x00000070e3400000)]
  0x000001d2883f7800 JavaThread "Cache worker for file hash cache (C:\Users\Mauro\Desktop\PalmareBDiBimbi\.gradle\7.0.2\fileHashes)" [_thread_blocked, id=508, stack(0x00000070e3400000,0x00000070e3500000)]
  0x000001d2883fb000 JavaThread "File watcher server" daemon [_thread_in_native, id=17764, stack(0x00000070e3500000,0x00000070e3600000)]
  0x000001d2883fb800 JavaThread "File watcher consumer" daemon [_thread_blocked, id=6568, stack(0x00000070e3600000,0x00000070e3700000)]
  0x000001d2883f6000 JavaThread "jar transforms" [_thread_blocked, id=20096, stack(0x00000070e3700000,0x00000070e3800000)]
  0x000001d2883fc800 JavaThread "jar transforms Thread 2" [_thread_blocked, id=8340, stack(0x00000070e3800000,0x00000070e3900000)]
  0x000001d28751d800 JavaThread "jar transforms Thread 3" [_thread_blocked, id=13740, stack(0x00000070e3900000,0x00000070e3a00000)]
  0x000001d28751e800 JavaThread "jar transforms Thread 4" [_thread_blocked, id=1668, stack(0x00000070e3a00000,0x00000070e3b00000)]
  0x000001d28751f000 JavaThread "jar transforms Thread 5" [_thread_blocked, id=17884, stack(0x00000070e3b00000,0x00000070e3c00000)]
  0x000001d287521000 JavaThread "jar transforms Thread 6" [_thread_blocked, id=17444, stack(0x00000070e3c00000,0x00000070e3d00000)]
  0x000001d28751b000 JavaThread "jar transforms Thread 7" [_thread_blocked, id=13432, stack(0x00000070e3d00000,0x00000070e3e00000)]
  0x000001d287520000 JavaThread "jar transforms Thread 8" [_thread_blocked, id=16336, stack(0x00000070e3e00000,0x00000070e3f00000)]
  0x000001d287521800 JavaThread "Cache worker for checksums cache (C:\Users\Mauro\Desktop\PalmareBDiBimbi\.gradle\checksums)" [_thread_blocked, id=19760, stack(0x00000070e3f00000,0x00000070e4000000)]
  0x000001d28751c000 JavaThread "Cache worker for cache directory md-supplier (C:\Users\Mauro\.gradle\caches\7.0.2\md-supplier)" [_thread_blocked, id=5552, stack(0x00000070e4000000,0x00000070e4100000)]
  0x000001d287522800 JavaThread "Cache worker for cache directory md-rule (C:\Users\Mauro\.gradle\caches\7.0.2\md-rule)" [_thread_blocked, id=13112, stack(0x00000070e4100000,0x00000070e4200000)]
  0x000001d28751c800 JavaThread "Cache worker for execution history cache (C:\Users\Mauro\.gradle\caches\7.0.2\executionHistory)" [_thread_blocked, id=20412, stack(0x00000070e4200000,0x00000070e4300000)]
  0x000001d287528000 JavaThread "Cache worker for file content cache (C:\Users\Mauro\.gradle\caches\7.0.2\fileContent)" [_thread_blocked, id=4112, stack(0x00000070e4300000,0x00000070e4400000)]
  0x000001d287529000 JavaThread "Cache worker for dependencies-accessors (C:\Users\Mauro\Desktop\PalmareBDiBimbi\.gradle\7.0.2\dependencies-accessors)" [_thread_blocked, id=19256, stack(0x00000070e4400000,0x00000070e4500000)]
  0x000001d287524000 JavaThread "Cache worker for Build Output Cleanup Cache (C:\Users\Mauro\Desktop\PalmareBDiBimbi\.gradle\buildOutputCleanup)" [_thread_blocked, id=6832, stack(0x00000070e4500000,0x00000070e4600000)]
  0x000001d287527800 JavaThread "Build operations" [_thread_blocked, id=10208, stack(0x00000070e4600000,0x00000070e4700000)]
  0x000001d287525000 JavaThread "Build operations Thread 2" [_thread_blocked, id=7244, stack(0x00000070e4700000,0x00000070e4800000)]
  0x000001d287523000 JavaThread "Build operations Thread 3" [_thread_blocked, id=12832, stack(0x00000070e4800000,0x00000070e4900000)]
  0x000001d28752a000 JavaThread "Build operations Thread 4" [_thread_blocked, id=12228, stack(0x00000070e4900000,0x00000070e4a00000)]
  0x000001d28a065000 JavaThread "Build operations Thread 5" [_thread_blocked, id=3148, stack(0x00000070e4a00000,0x00000070e4b00000)]
  0x000001d28a062800 JavaThread "Build operations Thread 6" [_thread_blocked, id=5516, stack(0x00000070e4b00000,0x00000070e4c00000)]
  0x000001d28a065800 JavaThread "Build operations Thread 7" [_thread_blocked, id=11712, stack(0x00000070e4c00000,0x00000070e4d00000)]
  0x000001d28a067800 JavaThread "Build operations Thread 8" [_thread_blocked, id=19044, stack(0x00000070e4d00000,0x00000070e4e00000)]
  0x000001d28a061800 JavaThread "Memory manager" [_thread_blocked, id=19340, stack(0x00000070e4e00000,0x00000070e4f00000)]
  0x000001d28a066800 JavaThread "build event listener" [_thread_blocked, id=19104, stack(0x00000070e4f00000,0x00000070e5000000)]

Other Threads:
  0x000001d2841fd000 VMThread "VM Thread" [stack: 0x00000070e1200000,0x00000070e1300000] [id=5528]
  0x000001d284c9b800 WatcherThread [stack: 0x00000070e1c00000,0x00000070e1d00000] [id=8464]
  0x000001d2e9ce6800 GCTaskThread "GC Thread#0" [stack: 0x00000070e0d00000,0x00000070e0e00000] [id=3912]
  0x000001d285e8e000 GCTaskThread "GC Thread#1" [stack: 0x00000070e1f00000,0x00000070e2000000] [id=9740]
  0x000001d285e8f000 GCTaskThread "GC Thread#2" [stack: 0x00000070e2000000,0x00000070e2100000] [id=13916]
  0x000001d285bec000 GCTaskThread "GC Thread#3" [stack: 0x00000070e2100000,0x00000070e2200000] [id=18800]
  0x000001d285bec800 GCTaskThread "GC Thread#4" [stack: 0x00000070e2200000,0x00000070e2300000] [id=19772]
  0x000001d2854d5000 GCTaskThread "GC Thread#5" [stack: 0x00000070e2300000,0x00000070e2400000] [id=1360]
  0x000001d2854d6000 GCTaskThread "GC Thread#6" [stack: 0x00000070e2400000,0x00000070e2500000] [id=13436]
  0x000001d2852d4800 GCTaskThread "GC Thread#7" [stack: 0x00000070e2500000,0x00000070e2600000] [id=352]
  0x000001d2e9d18000 ConcurrentGCThread "G1 Main Marker" [stack: 0x00000070e0e00000,0x00000070e0f00000] [id=14084]
  0x000001d2e9d19800 ConcurrentGCThread "G1 Conc#0" [stack: 0x00000070e0f00000,0x00000070e1000000] [id=17004]
  0x000001d287bbb000 ConcurrentGCThread "G1 Conc#1" [stack: 0x00000070e3200000,0x00000070e3300000] [id=7624]
  0x000001d2840e6800 ConcurrentGCThread "G1 Refine#0" [stack: 0x00000070e1000000,0x00000070e1100000] [id=14716]
  0x000001d2840e7800 ConcurrentGCThread "G1 Young RemSet Sampling" [stack: 0x00000070e1100000,0x00000070e1200000] [id=2000]

Threads with active compile tasks:
C2 CompilerThread0   5148 8008       4       java.lang.Class::privateGetPublicMethods (224 bytes)
C1 CompilerThread0   5148 8092       3       groovy.lang.MetaClassImpl$1::skipClass (17 bytes)
C2 CompilerThread1   5148 7980 %     4       org.gradle.internal.instantiation.generator.AbstractClassGenerator::inspectType @ 77 (560 bytes)
C2 CompilerThread2   5148 7983       4       java.beans.Introspector::addMethod (196 bytes)

VM state:not at safepoint (normal execution)

VM Mutex/Monitor currently owned by a thread: None

Heap address: 0x0000000080000000, size: 2048 MB, Compressed Oops mode: 32-bit
Narrow klass base: 0x0000000000000000, Narrow klass shift: 3
Compressed class space size: 1073741824 Address: 0x0000000100000000

Heap:
 garbage-first heap   total 393216K, used 136529K [0x0000000080000000, 0x0000000100000000)
  region size 1024K, 63 young (64512K), 17 survivors (17408K)
 Metaspace       used 78609K, capacity 80813K, committed 80856K, reserved 1120256K
  class space    used 10229K, capacity 10992K, committed 11008K, reserved 1048576K
Heap Regions: E=young(eden), S=young(survivor), O=old, HS=humongous(starts), HC=humongous(continues), CS=collection set, F=free, A=archive, TAMS=top-at-mark-start (previous, next)
|   0|0x0000000080000000, 0x0000000080100000, 0x0000000080100000|100%|HS|  |TAMS 0x0000000080100000, 0x0000000080000000| Complete 
|   1|0x0000000080100000, 0x0000000080200000, 0x0000000080200000|100%|HC|  |TAMS 0x0000000080200000, 0x0000000080100000| Complete 
|   2|0x0000000080200000, 0x0000000080300000, 0x0000000080300000|100%| O|  |TAMS 0x0000000080300000, 0x0000000080200000| Untracked 
|   3|0x0000000080300000, 0x0000000080400000, 0x0000000080400000|100%|HS|  |TAMS 0x0000000080400000, 0x0000000080300000| Complete 
|   4|0x0000000080400000, 0x0000000080500000, 0x0000000080500000|100%|HC|  |TAMS 0x0000000080500000, 0x0000000080400000| Complete 
|   5|0x0000000080500000, 0x0000000080600000, 0x0000000080600000|100%|HC|  |TAMS 0x0000000080600000, 0x0000000080500000| Complete 
|   6|0x0000000080600000, 0x0000000080700000, 0x0000000080700000|100%| O|  |TAMS 0x0000000080700000, 0x0000000080600000| Untracked 
|   7|0x0000000080700000, 0x0000000080800000, 0x0000000080800000|100%| O|  |TAMS 0x0000000080800000, 0x0000000080700000| Untracked 
|   8|0x0000000080800000, 0x0000000080900000, 0x0000000080900000|100%| O|  |TAMS 0x0000000080900000, 0x0000000080800000| Untracked 
|   9|0x0000000080900000, 0x0000000080a00000, 0x0000000080a00000|100%| O|  |TAMS 0x0000000080a00000, 0x0000000080900000| Untracked 
|  10|0x0000000080a00000, 0x0000000080b00000, 0x0000000080b00000|100%|HS|  |TAMS 0x0000000080b00000, 0x0000000080a00000| Complete 
|  11|0x0000000080b00000, 0x0000000080c00000, 0x0000000080c00000|100%|HC|  |TAMS 0x0000000080c00000, 0x0000000080b00000| Complete 
|  12|0x0000000080c00000, 0x0000000080d00000, 0x0000000080d00000|100%|HC|  |TAMS 0x0000000080d00000, 0x0000000080c00000| Complete 
|  13|0x0000000080d00000, 0x0000000080e00000, 0x0000000080e00000|100%|HS|  |TAMS 0x0000000080e00000, 0x0000000080d00000| Complete 
|  14|0x0000000080e00000, 0x0000000080f00000, 0x0000000080f00000|100%|HC|  |TAMS 0x0000000080f00000, 0x0000000080e00000| Complete 
|  15|0x0000000080f00000, 0x0000000081000000, 0x0000000081000000|100%|HC|  |TAMS 0x0000000081000000, 0x0000000080f00000| Complete 
|  16|0x0000000081000000, 0x0000000081100000, 0x0000000081100000|100%|HC|  |TAMS 0x0000000081100000, 0x0000000081000000| Complete 
|  17|0x0000000081100000, 0x0000000081200000, 0x0000000081200000|100%|HC|  |TAMS 0x0000000081200000, 0x0000000081100000| Complete 
|  18|0x0000000081200000, 0x0000000081300000, 0x0000000081300000|100%| O|  |TAMS 0x0000000081300000, 0x0000000081200000| Untracked 
|  19|0x0000000081300000, 0x0000000081400000, 0x0000000081400000|100%| O|  |TAMS 0x0000000081400000, 0x0000000081300000| Untracked 
|  20|0x0000000081400000, 0x0000000081500000, 0x0000000081500000|100%| O|  |TAMS 0x0000000081500000, 0x0000000081400000| Untracked 
|  21|0x0000000081500000, 0x0000000081600000, 0x0000000081600000|100%| O|  |TAMS 0x0000000081600000, 0x0000000081500000| Untracked 
|  22|0x0000000081600000, 0x0000000081700000, 0x0000000081700000|100%| O|  |TAMS 0x0000000081700000, 0x0000000081600000| Untracked 
|  23|0x0000000081700000, 0x0000000081800000, 0x0000000081800000|100%| O|  |TAMS 0x0000000081800000, 0x0000000081700000| Untracked 
|  24|0x0000000081800000, 0x0000000081900000, 0x0000000081900000|100%| O|  |TAMS 0x0000000081900000, 0x0000000081800000| Untracked 
|  25|0x0000000081900000, 0x0000000081a00000, 0x0000000081a00000|100%| O|  |TAMS 0x0000000081a00000, 0x0000000081900000| Untracked 
|  26|0x0000000081a00000, 0x0000000081b00000, 0x0000000081b00000|100%| O|  |TAMS 0x0000000081b00000, 0x0000000081a00000| Untracked 
|  27|0x0000000081b00000, 0x0000000081c00000, 0x0000000081c00000|100%| O|  |TAMS 0x0000000081c00000, 0x0000000081b00000| Untracked 
|  28|0x0000000081c00000, 0x0000000081d00000, 0x0000000081d00000|100%|HS|  |TAMS 0x0000000081d00000, 0x0000000081c00000| Complete 
|  29|0x0000000081d00000, 0x0000000081e00000, 0x0000000081e00000|100%|HS|  |TAMS 0x0000000081e00000, 0x0000000081d00000| Complete 
|  30|0x0000000081e00000, 0x0000000081f00000, 0x0000000081f00000|100%|HS|  |TAMS 0x0000000081f00000, 0x0000000081e00000| Complete 
|  31|0x0000000081f00000, 0x0000000082000000, 0x0000000082000000|100%|HC|  |TAMS 0x0000000082000000, 0x0000000081f00000| Complete 
|  32|0x0000000082000000, 0x0000000082100000, 0x0000000082100000|100%|HC|  |TAMS 0x0000000082100000, 0x0000000082000000| Complete 
|  33|0x0000000082100000, 0x0000000082200000, 0x0000000082200000|100%|HC|  |TAMS 0x0000000082200000, 0x0000000082100000| Complete 
|  34|0x0000000082200000, 0x0000000082300000, 0x0000000082300000|100%|HC|  |TAMS 0x0000000082300000, 0x0000000082200000| Complete 
|  35|0x0000000082300000, 0x0000000082400000, 0x0000000082400000|100%|HS|  |TAMS 0x0000000082400000, 0x0000000082300000| Complete 
|  36|0x0000000082400000, 0x0000000082500000, 0x0000000082500000|100%|HC|  |TAMS 0x0000000082500000, 0x0000000082400000| Complete 
|  37|0x0000000082500000, 0x0000000082600000, 0x0000000082600000|100%|HC|  |TAMS 0x0000000082600000, 0x0000000082500000| Complete 
|  38|0x0000000082600000, 0x0000000082700000, 0x0000000082700000|100%| O|  |TAMS 0x0000000082700000, 0x0000000082600000| Untracked 
|  39|0x0000000082700000, 0x0000000082800000, 0x0000000082800000|100%| O|  |TAMS 0x0000000082800000, 0x0000000082700000| Untracked 
|  40|0x0000000082800000, 0x0000000082900000, 0x0000000082900000|100%| O|  |TAMS 0x0000000082900000, 0x0000000082800000| Untracked 
|  41|0x0000000082900000, 0x0000000082a00000, 0x0000000082a00000|100%| O|  |TAMS 0x0000000082a00000, 0x0000000082900000| Untracked 
|  42|0x0000000082a00000, 0x0000000082b00000, 0x0000000082b00000|100%| O|  |TAMS 0x0000000082b00000, 0x0000000082a00000| Untracked 
|  43|0x0000000082b00000, 0x0000000082c00000, 0x0000000082c00000|100%|HS|  |TAMS 0x0000000082c00000, 0x0000000082b00000| Complete 
|  44|0x0000000082c00000, 0x0000000082d00000, 0x0000000082d00000|100%|HS|  |TAMS 0x0000000082d00000, 0x0000000082c00000| Complete 
|  45|0x0000000082d00000, 0x0000000082e00000, 0x0000000082e00000|100%|HC|  |TAMS 0x0000000082e00000, 0x0000000082d00000| Complete 
|  46|0x0000000082e00000, 0x0000000082f00000, 0x0000000082f00000|100%|HC|  |TAMS 0x0000000082f00000, 0x0000000082e00000| Complete 
|  47|0x0000000082f00000, 0x0000000083000000, 0x0000000083000000|100%|HS|  |TAMS 0x0000000083000000, 0x0000000082f00000| Complete 
|  48|0x0000000083000000, 0x0000000083100000, 0x0000000083100000|100%|HC|  |TAMS 0x0000000083100000, 0x0000000083000000| Complete 
|  49|0x0000000083100000, 0x0000000083200000, 0x0000000083200000|100%| O|  |TAMS 0x0000000083200000, 0x0000000083100000| Untracked 
|  50|0x0000000083200000, 0x0000000083300000, 0x0000000083300000|100%| O|  |TAMS 0x0000000083300000, 0x0000000083200000| Untracked 
|  51|0x0000000083300000, 0x0000000083400000, 0x0000000083400000|100%| O|  |TAMS 0x0000000083400000, 0x0000000083300000| Untracked 
|  52|0x0000000083400000, 0x0000000083500000, 0x0000000083500000|100%| O|  |TAMS 0x0000000083500000, 0x0000000083400000| Untracked 
|  53|0x0000000083500000, 0x0000000083600000, 0x0000000083600000|100%| O|  |TAMS 0x0000000083600000, 0x0000000083500000| Untracked 
|  54|0x0000000083600000, 0x0000000083700000, 0x0000000083700000|100%| O|  |TAMS 0x0000000083700000, 0x0000000083600000| Untracked 
|  55|0x0000000083700000, 0x0000000083800000, 0x0000000083800000|100%| O|  |TAMS 0x0000000083800000, 0x0000000083700000| Untracked 
|  56|0x0000000083800000, 0x0000000083900000, 0x0000000083900000|100%| O|  |TAMS 0x0000000083900000, 0x0000000083800000| Untracked 
|  57|0x0000000083900000, 0x0000000083a00000, 0x0000000083a00000|100%| O|  |TAMS 0x0000000083a00000, 0x0000000083900000| Untracked 
|  58|0x0000000083a00000, 0x0000000083b00000, 0x0000000083b00000|100%| O|  |TAMS 0x0000000083b00000, 0x0000000083a00000| Untracked 
|  59|0x0000000083b00000, 0x0000000083c00000, 0x0000000083c00000|100%| O|  |TAMS 0x0000000083c00000, 0x0000000083b00000| Untracked 
|  60|0x0000000083c00000, 0x0000000083d00000, 0x0000000083d00000|100%| O|  |TAMS 0x0000000083d00000, 0x0000000083c00000| Untracked 
|  61|0x0000000083d00000, 0x0000000083e00000, 0x0000000083e00000|100%| O|  |TAMS 0x0000000083e00000, 0x0000000083d00000| Untracked 
|  62|0x0000000083e00000, 0x0000000083f00000, 0x0000000083f00000|100%| O|  |TAMS 0x0000000083f00000, 0x0000000083e00000| Untracked 
|  63|0x0000000083f00000, 0x0000000084000000, 0x0000000084000000|100%| O|  |TAMS 0x0000000084000000, 0x0000000083f00000| Untracked 
|  64|0x0000000084000000, 0x0000000084100000, 0x0000000084100000|100%| O|  |TAMS 0x0000000084100000, 0x0000000084000000| Untracked 
|  65|0x0000000084100000, 0x0000000084200000, 0x0000000084200000|100%| O|  |TAMS 0x0000000084200000, 0x0000000084100000| Untracked 
|  66|0x0000000084200000, 0x0000000084300000, 0x0000000084300000|100%| O|  |TAMS 0x0000000084300000, 0x0000000084200000| Untracked 
|  67|0x0000000084300000, 0x0000000084400000, 0x0000000084400000|100%| O|  |TAMS 0x0000000084400000, 0x0000000084300000| Untracked 
|  68|0x0000000084400000, 0x0000000084500000, 0x0000000084500000|100%| O|  |TAMS 0x0000000084500000, 0x0000000084400000| Untracked 
|  69|0x0000000084500000, 0x0000000084600000, 0x0000000084600000|100%| O|  |TAMS 0x0000000084600000, 0x0000000084500000| Untracked 
|  70|0x0000000084600000, 0x0000000084700000, 0x0000000084700000|100%| O|  |TAMS 0x0000000084700000, 0x0000000084600000| Untracked 
|  71|0x0000000084700000, 0x00000000847e4000, 0x0000000084800000| 89%| O|  |TAMS 0x00000000847e4000, 0x0000000084700000| Untracked 
|  72|0x0000000084800000, 0x0000000084800000, 0x0000000084900000|  0%| F|  |TAMS 0x0000000084800000, 0x0000000084800000| Untracked 
|  73|0x0000000084900000, 0x0000000084900000, 0x0000000084a00000|  0%| F|  |TAMS 0x0000000084900000, 0x0000000084900000| Untracked 
|  74|0x0000000084a00000, 0x0000000084a00000, 0x0000000084b00000|  0%| F|  |TAMS 0x0000000084a00000, 0x0000000084a00000| Untracked 
|  75|0x0000000084b00000, 0x0000000084b00000, 0x0000000084c00000|  0%| F|  |TAMS 0x0000000084b00000, 0x0000000084b00000| Untracked 
|  76|0x0000000084c00000, 0x0000000084c00000, 0x0000000084d00000|  0%| F|  |TAMS 0x0000000084c00000, 0x0000000084c00000| Untracked 
|  77|0x0000000084d00000, 0x0000000084d00000, 0x0000000084e00000|  0%| F|  |TAMS 0x0000000084d00000, 0x0000000084d00000| Untracked 
|  78|0x0000000084e00000, 0x0000000084e00000, 0x0000000084f00000|  0%| F|  |TAMS 0x0000000084e00000, 0x0000000084e00000| Untracked 
|  79|0x0000000084f00000, 0x0000000084f00000, 0x0000000085000000|  0%| F|  |TAMS 0x0000000084f00000, 0x0000000084f00000| Untracked 
|  80|0x0000000085000000, 0x0000000085000000, 0x0000000085100000|  0%| F|  |TAMS 0x0000000085000000, 0x0000000085000000| Untracked 
|  81|0x0000000085100000, 0x0000000085100000, 0x0000000085200000|  0%| F|  |TAMS 0x0000000085100000, 0x0000000085100000| Untracked 
|  82|0x0000000085200000, 0x0000000085200000, 0x0000000085300000|  0%| F|  |TAMS 0x0000000085200000, 0x0000000085200000| Untracked 
|  83|0x0000000085300000, 0x0000000085300000, 0x0000000085400000|  0%| F|  |TAMS 0x0000000085300000, 0x0000000085300000| Untracked 
|  84|0x0000000085400000, 0x0000000085400000, 0x0000000085500000|  0%| F|  |TAMS 0x0000000085400000, 0x0000000085400000| Untracked 
|  85|0x0000000085500000, 0x0000000085500000, 0x0000000085600000|  0%| F|  |TAMS 0x0000000085500000, 0x0000000085500000| Untracked 
|  86|0x0000000085600000, 0x0000000085600000, 0x0000000085700000|  0%| F|  |TAMS 0x0000000085600000, 0x0000000085600000| Untracked 
|  87|0x0000000085700000, 0x0000000085700000, 0x0000000085800000|  0%| F|  |TAMS 0x0000000085700000, 0x0000000085700000| Untracked 
|  88|0x0000000085800000, 0x0000000085800000, 0x0000000085900000|  0%| F|  |TAMS 0x0000000085800000, 0x0000000085800000| Untracked 
|  89|0x0000000085900000, 0x0000000085900000, 0x0000000085a00000|  0%| F|  |TAMS 0x0000000085900000, 0x0000000085900000| Untracked 
|  90|0x0000000085a00000, 0x0000000085a00000, 0x0000000085b00000|  0%| F|  |TAMS 0x0000000085a00000, 0x0000000085a00000| Untracked 
|  91|0x0000000085b00000, 0x0000000085b00000, 0x0000000085c00000|  0%| F|  |TAMS 0x0000000085b00000, 0x0000000085b00000| Untracked 
|  92|0x0000000085c00000, 0x0000000085c00000, 0x0000000085d00000|  0%| F|  |TAMS 0x0000000085c00000, 0x0000000085c00000| Untracked 
|  93|0x0000000085d00000, 0x0000000085d00000, 0x0000000085e00000|  0%| F|  |TAMS 0x0000000085d00000, 0x0000000085d00000| Untracked 
|  94|0x0000000085e00000, 0x0000000085e00000, 0x0000000085f00000|  0%| F|  |TAMS 0x0000000085e00000, 0x0000000085e00000| Untracked 
|  95|0x0000000085f00000, 0x0000000085f00000, 0x0000000086000000|  0%| F|  |TAMS 0x0000000085f00000, 0x0000000085f00000| Untracked 
|  96|0x0000000086000000, 0x0000000086000000, 0x0000000086100000|  0%| F|  |TAMS 0x0000000086000000, 0x0000000086000000| Untracked 
|  97|0x0000000086100000, 0x0000000086100000, 0x0000000086200000|  0%| F|  |TAMS 0x0000000086100000, 0x0000000086100000| Untracked 
|  98|0x0000000086200000, 0x0000000086200000, 0x0000000086300000|  0%| F|  |TAMS 0x0000000086200000, 0x0000000086200000| Untracked 
|  99|0x0000000086300000, 0x0000000086300000, 0x0000000086400000|  0%| F|  |TAMS 0x0000000086300000, 0x0000000086300000| Untracked 
| 100|0x0000000086400000, 0x0000000086400000, 0x0000000086500000|  0%| F|  |TAMS 0x0000000086400000, 0x0000000086400000| Untracked 
| 101|0x0000000086500000, 0x0000000086500000, 0x0000000086600000|  0%| F|  |TAMS 0x0000000086500000, 0x0000000086500000| Untracked 
| 102|0x0000000086600000, 0x0000000086600000, 0x0000000086700000|  0%| F|  |TAMS 0x0000000086600000, 0x0000000086600000| Untracked 
| 103|0x0000000086700000, 0x0000000086700000, 0x0000000086800000|  0%| F|  |TAMS 0x0000000086700000, 0x0000000086700000| Untracked 
| 104|0x0000000086800000, 0x0000000086800000, 0x0000000086900000|  0%| F|  |TAMS 0x0000000086800000, 0x0000000086800000| Untracked 
| 105|0x0000000086900000, 0x0000000086900000, 0x0000000086a00000|  0%| F|  |TAMS 0x0000000086900000, 0x0000000086900000| Untracked 
| 106|0x0000000086a00000, 0x0000000086a00000, 0x0000000086b00000|  0%| F|  |TAMS 0x0000000086a00000, 0x0000000086a00000| Untracked 
| 107|0x0000000086b00000, 0x0000000086b00000, 0x0000000086c00000|  0%| F|  |TAMS 0x0000000086b00000, 0x0000000086b00000| Untracked 
| 108|0x0000000086c00000, 0x0000000086c00000, 0x0000000086d00000|  0%| F|  |TAMS 0x0000000086c00000, 0x0000000086c00000| Untracked 
| 109|0x0000000086d00000, 0x0000000086d00000, 0x0000000086e00000|  0%| F|  |TAMS 0x0000000086d00000, 0x0000000086d00000| Untracked 
| 110|0x0000000086e00000, 0x0000000086e00000, 0x0000000086f00000|  0%| F|  |TAMS 0x0000000086e00000, 0x0000000086e00000| Untracked 
| 111|0x0000000086f00000, 0x0000000086f00000, 0x0000000087000000|  0%| F|  |TAMS 0x0000000086f00000, 0x0000000086f00000| Untracked 
| 112|0x0000000087000000, 0x0000000087000000, 0x0000000087100000|  0%| F|  |TAMS 0x0000000087000000, 0x0000000087000000| Untracked 
| 113|0x0000000087100000, 0x0000000087100000, 0x0000000087200000|  0%| F|  |TAMS 0x0000000087100000, 0x0000000087100000| Untracked 
| 114|0x0000000087200000, 0x0000000087200000, 0x0000000087300000|  0%| F|  |TAMS 0x0000000087200000, 0x0000000087200000| Untracked 
| 115|0x0000000087300000, 0x0000000087300000, 0x0000000087400000|  0%| F|  |TAMS 0x0000000087300000, 0x0000000087300000| Untracked 
| 116|0x0000000087400000, 0x0000000087400000, 0x0000000087500000|  0%| F|  |TAMS 0x0000000087400000, 0x0000000087400000| Untracked 
| 117|0x0000000087500000, 0x0000000087500000, 0x0000000087600000|  0%| F|  |TAMS 0x0000000087500000, 0x0000000087500000| Untracked 
| 118|0x0000000087600000, 0x0000000087600000, 0x0000000087700000|  0%| F|  |TAMS 0x0000000087600000, 0x0000000087600000| Untracked 
| 119|0x0000000087700000, 0x0000000087700000, 0x0000000087800000|  0%| F|  |TAMS 0x0000000087700000, 0x0000000087700000| Untracked 
| 120|0x0000000087800000, 0x0000000087800000, 0x0000000087900000|  0%| F|  |TAMS 0x0000000087800000, 0x0000000087800000| Untracked 
| 121|0x0000000087900000, 0x0000000087900000, 0x0000000087a00000|  0%| F|  |TAMS 0x0000000087900000, 0x0000000087900000| Untracked 
| 122|0x0000000087a00000, 0x0000000087a00000, 0x0000000087b00000|  0%| F|  |TAMS 0x0000000087a00000, 0x0000000087a00000| Untracked 
| 123|0x0000000087b00000, 0x0000000087b00000, 0x0000000087c00000|  0%| F|  |TAMS 0x0000000087b00000, 0x0000000087b00000| Untracked 
| 124|0x0000000087c00000, 0x0000000087c00000, 0x0000000087d00000|  0%| F|  |TAMS 0x0000000087c00000, 0x0000000087c00000| Untracked 
| 125|0x0000000087d00000, 0x0000000087d00000, 0x0000000087e00000|  0%| F|  |TAMS 0x0000000087d00000, 0x0000000087d00000| Untracked 
| 126|0x0000000087e00000, 0x0000000087e00000, 0x0000000087f00000|  0%| F|  |TAMS 0x0000000087e00000, 0x0000000087e00000| Untracked 
| 127|0x0000000087f00000, 0x0000000087f00000, 0x0000000088000000|  0%| F|  |TAMS 0x0000000087f00000, 0x0000000087f00000| Untracked 
| 128|0x0000000088000000, 0x0000000088000000, 0x0000000088100000|  0%| F|  |TAMS 0x0000000088000000, 0x0000000088000000| Untracked 
| 129|0x0000000088100000, 0x0000000088100000, 0x0000000088200000|  0%| F|  |TAMS 0x0000000088100000, 0x0000000088100000| Untracked 
| 130|0x0000000088200000, 0x0000000088200000, 0x0000000088300000|  0%| F|  |TAMS 0x0000000088200000, 0x0000000088200000| Untracked 
| 131|0x0000000088300000, 0x0000000088300000, 0x0000000088400000|  0%| F|  |TAMS 0x0000000088300000, 0x0000000088300000| Untracked 
| 132|0x0000000088400000, 0x0000000088400000, 0x0000000088500000|  0%| F|  |TAMS 0x0000000088400000, 0x0000000088400000| Untracked 
| 133|0x0000000088500000, 0x0000000088500000, 0x0000000088600000|  0%| F|  |TAMS 0x0000000088500000, 0x0000000088500000| Untracked 
| 134|0x0000000088600000, 0x0000000088600000, 0x0000000088700000|  0%| F|  |TAMS 0x0000000088600000, 0x0000000088600000| Untracked 
| 135|0x0000000088700000, 0x0000000088700000, 0x0000000088800000|  0%| F|  |TAMS 0x0000000088700000, 0x0000000088700000| Untracked 
| 136|0x0000000088800000, 0x0000000088800000, 0x0000000088900000|  0%| F|  |TAMS 0x0000000088800000, 0x0000000088800000| Untracked 
| 137|0x0000000088900000, 0x0000000088900000, 0x0000000088a00000|  0%| F|  |TAMS 0x0000000088900000, 0x0000000088900000| Untracked 
| 138|0x0000000088a00000, 0x0000000088a00000, 0x0000000088b00000|  0%| F|  |TAMS 0x0000000088a00000, 0x0000000088a00000| Untracked 
| 139|0x0000000088b00000, 0x0000000088b00000, 0x0000000088c00000|  0%| F|  |TAMS 0x0000000088b00000, 0x0000000088b00000| Untracked 
| 140|0x0000000088c00000, 0x0000000088c00000, 0x0000000088d00000|  0%| F|  |TAMS 0x0000000088c00000, 0x0000000088c00000| Untracked 
| 141|0x0000000088d00000, 0x0000000088d00000, 0x0000000088e00000|  0%| F|  |TAMS 0x0000000088d00000, 0x0000000088d00000| Untracked 
| 142|0x0000000088e00000, 0x0000000088e00000, 0x0000000088f00000|  0%| F|  |TAMS 0x0000000088e00000, 0x0000000088e00000| Untracked 
| 143|0x0000000088f00000, 0x0000000088f00000, 0x0000000089000000|  0%| F|  |TAMS 0x0000000088f00000, 0x0000000088f00000| Untracked 
| 144|0x0000000089000000, 0x0000000089000000, 0x0000000089100000|  0%| F|  |TAMS 0x0000000089000000, 0x0000000089000000| Untracked 
| 145|0x0000000089100000, 0x0000000089100000, 0x0000000089200000|  0%| F|  |TAMS 0x0000000089100000, 0x0000000089100000| Untracked 
| 146|0x0000000089200000, 0x0000000089200000, 0x0000000089300000|  0%| F|  |TAMS 0x0000000089200000, 0x0000000089200000| Untracked 
| 147|0x0000000089300000, 0x0000000089300000, 0x0000000089400000|  0%| F|  |TAMS 0x0000000089300000, 0x0000000089300000| Untracked 
| 148|0x0000000089400000, 0x0000000089400000, 0x0000000089500000|  0%| F|  |TAMS 0x0000000089400000, 0x0000000089400000| Untracked 
| 149|0x0000000089500000, 0x0000000089500000, 0x0000000089600000|  0%| F|  |TAMS 0x0000000089500000, 0x0000000089500000| Untracked 
| 150|0x0000000089600000, 0x0000000089600000, 0x0000000089700000|  0%| F|  |TAMS 0x0000000089600000, 0x0000000089600000| Untracked 
| 151|0x0000000089700000, 0x0000000089700000, 0x0000000089800000|  0%| F|  |TAMS 0x0000000089700000, 0x0000000089700000| Untracked 
| 152|0x0000000089800000, 0x0000000089800000, 0x0000000089900000|  0%| F|  |TAMS 0x0000000089800000, 0x0000000089800000| Untracked 
| 153|0x0000000089900000, 0x0000000089900000, 0x0000000089a00000|  0%| F|  |TAMS 0x0000000089900000, 0x0000000089900000| Untracked 
| 154|0x0000000089a00000, 0x0000000089a00000, 0x0000000089b00000|  0%| F|  |TAMS 0x0000000089a00000, 0x0000000089a00000| Untracked 
| 155|0x0000000089b00000, 0x0000000089b00000, 0x0000000089c00000|  0%| F|  |TAMS 0x0000000089b00000, 0x0000000089b00000| Untracked 
| 156|0x0000000089c00000, 0x0000000089c00000, 0x0000000089d00000|  0%| F|  |TAMS 0x0000000089c00000, 0x0000000089c00000| Untracked 
| 157|0x0000000089d00000, 0x0000000089d00000, 0x0000000089e00000|  0%| F|  |TAMS 0x0000000089d00000, 0x0000000089d00000| Untracked 
| 158|0x0000000089e00000, 0x0000000089e00000, 0x0000000089f00000|  0%| F|  |TAMS 0x0000000089e00000, 0x0000000089e00000| Untracked 
| 159|0x0000000089f00000, 0x0000000089f00000, 0x000000008a000000|  0%| F|  |TAMS 0x0000000089f00000, 0x0000000089f00000| Untracked 
| 160|0x000000008a000000, 0x000000008a000000, 0x000000008a100000|  0%| F|  |TAMS 0x000000008a000000, 0x000000008a000000| Untracked 
| 161|0x000000008a100000, 0x000000008a100000, 0x000000008a200000|  0%| F|  |TAMS 0x000000008a100000, 0x000000008a100000| Untracked 
| 162|0x000000008a200000, 0x000000008a200000, 0x000000008a300000|  0%| F|  |TAMS 0x000000008a200000, 0x000000008a200000| Untracked 
| 163|0x000000008a300000, 0x000000008a300000, 0x000000008a400000|  0%| F|  |TAMS 0x000000008a300000, 0x000000008a300000| Untracked 
| 164|0x000000008a400000, 0x000000008a400000, 0x000000008a500000|  0%| F|  |TAMS 0x000000008a400000, 0x000000008a400000| Untracked 
| 165|0x000000008a500000, 0x000000008a500000, 0x000000008a600000|  0%| F|  |TAMS 0x000000008a500000, 0x000000008a500000| Untracked 
| 166|0x000000008a600000, 0x000000008a600000, 0x000000008a700000|  0%| F|  |TAMS 0x000000008a600000, 0x000000008a600000| Untracked 
| 167|0x000000008a700000, 0x000000008a700000, 0x000000008a800000|  0%| F|  |TAMS 0x000000008a700000, 0x000000008a700000| Untracked 
| 168|0x000000008a800000, 0x000000008a800000, 0x000000008a900000|  0%| F|  |TAMS 0x000000008a800000, 0x000000008a800000| Untracked 
| 169|0x000000008a900000, 0x000000008a900000, 0x000000008aa00000|  0%| F|  |TAMS 0x000000008a900000, 0x000000008a900000| Untracked 
| 170|0x000000008aa00000, 0x000000008aa00000, 0x000000008ab00000|  0%| F|  |TAMS 0x000000008aa00000, 0x000000008aa00000| Untracked 
| 171|0x000000008ab00000, 0x000000008ab00000, 0x000000008ac00000|  0%| F|  |TAMS 0x000000008ab00000, 0x000000008ab00000| Untracked 
| 172|0x000000008ac00000, 0x000000008ac00000, 0x000000008ad00000|  0%| F|  |TAMS 0x000000008ac00000, 0x000000008ac00000| Untracked 
| 173|0x000000008ad00000, 0x000000008ad00000, 0x000000008ae00000|  0%| F|  |TAMS 0x000000008ad00000, 0x000000008ad00000| Untracked 
| 174|0x000000008ae00000, 0x000000008ae00000, 0x000000008af00000|  0%| F|  |TAMS 0x000000008ae00000, 0x000000008ae00000| Untracked 
| 175|0x000000008af00000, 0x000000008af00000, 0x000000008b000000|  0%| F|  |TAMS 0x000000008af00000, 0x000000008af00000| Untracked 
| 176|0x000000008b000000, 0x000000008b000000, 0x000000008b100000|  0%| F|  |TAMS 0x000000008b000000, 0x000000008b000000| Untracked 
| 177|0x000000008b100000, 0x000000008b100000, 0x000000008b200000|  0%| F|  |TAMS 0x000000008b100000, 0x000000008b100000| Untracked 
| 178|0x000000008b200000, 0x000000008b200000, 0x000000008b300000|  0%| F|  |TAMS 0x000000008b200000, 0x000000008b200000| Untracked 
| 179|0x000000008b300000, 0x000000008b300000, 0x000000008b400000|  0%| F|  |TAMS 0x000000008b300000, 0x000000008b300000| Untracked 
| 180|0x000000008b400000, 0x000000008b400000, 0x000000008b500000|  0%| F|  |TAMS 0x000000008b400000, 0x000000008b400000| Untracked 
| 181|0x000000008b500000, 0x000000008b500000, 0x000000008b600000|  0%| F|  |TAMS 0x000000008b500000, 0x000000008b500000| Untracked 
| 182|0x000000008b600000, 0x000000008b600000, 0x000000008b700000|  0%| F|  |TAMS 0x000000008b600000, 0x000000008b600000| Untracked 
| 183|0x000000008b700000, 0x000000008b700000, 0x000000008b800000|  0%| F|  |TAMS 0x000000008b700000, 0x000000008b700000| Untracked 
| 184|0x000000008b800000, 0x000000008b800000, 0x000000008b900000|  0%| F|  |TAMS 0x000000008b800000, 0x000000008b800000| Untracked 
| 185|0x000000008b900000, 0x000000008b900000, 0x000000008ba00000|  0%| F|  |TAMS 0x000000008b900000, 0x000000008b900000| Untracked 
| 186|0x000000008ba00000, 0x000000008ba00000, 0x000000008bb00000|  0%| F|  |TAMS 0x000000008ba00000, 0x000000008ba00000| Untracked 
| 187|0x000000008bb00000, 0x000000008bb00000, 0x000000008bc00000|  0%| F|  |TAMS 0x000000008bb00000, 0x000000008bb00000| Untracked 
| 188|0x000000008bc00000, 0x000000008bc00000, 0x000000008bd00000|  0%| F|  |TAMS 0x000000008bc00000, 0x000000008bc00000| Untracked 
| 189|0x000000008bd00000, 0x000000008bd00000, 0x000000008be00000|  0%| F|  |TAMS 0x000000008bd00000, 0x000000008bd00000| Untracked 
| 190|0x000000008be00000, 0x000000008be00000, 0x000000008bf00000|  0%| F|  |TAMS 0x000000008be00000, 0x000000008be00000| Untracked 
| 191|0x000000008bf00000, 0x000000008bf00000, 0x000000008c000000|  0%| F|  |TAMS 0x000000008bf00000, 0x000000008bf00000| Untracked 
| 192|0x000000008c000000, 0x000000008c000000, 0x000000008c100000|  0%| F|  |TAMS 0x000000008c000000, 0x000000008c000000| Untracked 
| 193|0x000000008c100000, 0x000000008c100000, 0x000000008c200000|  0%| F|  |TAMS 0x000000008c100000, 0x000000008c100000| Untracked 
| 194|0x000000008c200000, 0x000000008c200000, 0x000000008c300000|  0%| F|  |TAMS 0x000000008c200000, 0x000000008c200000| Untracked 
| 195|0x000000008c300000, 0x000000008c300000, 0x000000008c400000|  0%| F|  |TAMS 0x000000008c300000, 0x000000008c300000| Untracked 
| 196|0x000000008c400000, 0x000000008c400000, 0x000000008c500000|  0%| F|  |TAMS 0x000000008c400000, 0x000000008c400000| Untracked 
| 197|0x000000008c500000, 0x000000008c500000, 0x000000008c600000|  0%| F|  |TAMS 0x000000008c500000, 0x000000008c500000| Untracked 
| 198|0x000000008c600000, 0x000000008c600000, 0x000000008c700000|  0%| F|  |TAMS 0x000000008c600000, 0x000000008c600000| Untracked 
| 199|0x000000008c700000, 0x000000008c700000, 0x000000008c800000|  0%| F|  |TAMS 0x000000008c700000, 0x000000008c700000| Untracked 
| 200|0x000000008c800000, 0x000000008c800000, 0x000000008c900000|  0%| F|  |TAMS 0x000000008c800000, 0x000000008c800000| Untracked 
| 201|0x000000008c900000, 0x000000008c900000, 0x000000008ca00000|  0%| F|  |TAMS 0x000000008c900000, 0x000000008c900000| Untracked 
| 202|0x000000008ca00000, 0x000000008ca00000, 0x000000008cb00000|  0%| F|  |TAMS 0x000000008ca00000, 0x000000008ca00000| Untracked 
| 203|0x000000008cb00000, 0x000000008cb00000, 0x000000008cc00000|  0%| F|  |TAMS 0x000000008cb00000, 0x000000008cb00000| Untracked 
| 204|0x000000008cc00000, 0x000000008cc00000, 0x000000008cd00000|  0%| F|  |TAMS 0x000000008cc00000, 0x000000008cc00000| Untracked 
| 205|0x000000008cd00000, 0x000000008cd00000, 0x000000008ce00000|  0%| F|  |TAMS 0x000000008cd00000, 0x000000008cd00000| Untracked 
| 206|0x000000008ce00000, 0x000000008ce00000, 0x000000008cf00000|  0%| F|  |TAMS 0x000000008ce00000, 0x000000008ce00000| Untracked 
| 207|0x000000008cf00000, 0x000000008cf00000, 0x000000008d000000|  0%| F|  |TAMS 0x000000008cf00000, 0x000000008cf00000| Untracked 
| 208|0x000000008d000000, 0x000000008d000000, 0x000000008d100000|  0%| F|  |TAMS 0x000000008d000000, 0x000000008d000000| Untracked 
| 209|0x000000008d100000, 0x000000008d100000, 0x000000008d200000|  0%| F|  |TAMS 0x000000008d100000, 0x000000008d100000| Untracked 
| 210|0x000000008d200000, 0x000000008d200000, 0x000000008d300000|  0%| F|  |TAMS 0x000000008d200000, 0x000000008d200000| Untracked 
| 211|0x000000008d300000, 0x000000008d300000, 0x000000008d400000|  0%| F|  |TAMS 0x000000008d300000, 0x000000008d300000| Untracked 
| 212|0x000000008d400000, 0x000000008d400000, 0x000000008d500000|  0%| F|  |TAMS 0x000000008d400000, 0x000000008d400000| Untracked 
| 213|0x000000008d500000, 0x000000008d500000, 0x000000008d600000|  0%| F|  |TAMS 0x000000008d500000, 0x000000008d500000| Untracked 
| 214|0x000000008d600000, 0x000000008d600000, 0x000000008d700000|  0%| F|  |TAMS 0x000000008d600000, 0x000000008d600000| Untracked 
| 215|0x000000008d700000, 0x000000008d700000, 0x000000008d800000|  0%| F|  |TAMS 0x000000008d700000, 0x000000008d700000| Untracked 
| 216|0x000000008d800000, 0x000000008d800000, 0x000000008d900000|  0%| F|  |TAMS 0x000000008d800000, 0x000000008d800000| Untracked 
| 217|0x000000008d900000, 0x000000008d900000, 0x000000008da00000|  0%| F|  |TAMS 0x000000008d900000, 0x000000008d900000| Untracked 
| 218|0x000000008da00000, 0x000000008da00000, 0x000000008db00000|  0%| F|  |TAMS 0x000000008da00000, 0x000000008da00000| Untracked 
| 219|0x000000008db00000, 0x000000008db00000, 0x000000008dc00000|  0%| F|  |TAMS 0x000000008db00000, 0x000000008db00000| Untracked 
| 220|0x000000008dc00000, 0x000000008dc00000, 0x000000008dd00000|  0%| F|  |TAMS 0x000000008dc00000, 0x000000008dc00000| Untracked 
| 221|0x000000008dd00000, 0x000000008dd00000, 0x000000008de00000|  0%| F|  |TAMS 0x000000008dd00000, 0x000000008dd00000| Untracked 
| 222|0x000000008de00000, 0x000000008de00000, 0x000000008df00000|  0%| F|  |TAMS 0x000000008de00000, 0x000000008de00000| Untracked 
| 223|0x000000008df00000, 0x000000008df00000, 0x000000008e000000|  0%| F|  |TAMS 0x000000008df00000, 0x000000008df00000| Untracked 
| 224|0x000000008e000000, 0x000000008e000000, 0x000000008e100000|  0%| F|  |TAMS 0x000000008e000000, 0x000000008e000000| Untracked 
| 225|0x000000008e100000, 0x000000008e100000, 0x000000008e200000|  0%| F|  |TAMS 0x000000008e100000, 0x000000008e100000| Untracked 
| 226|0x000000008e200000, 0x000000008e200000, 0x000000008e300000|  0%| F|  |TAMS 0x000000008e200000, 0x000000008e200000| Untracked 
| 227|0x000000008e300000, 0x000000008e300000, 0x000000008e400000|  0%| F|  |TAMS 0x000000008e300000, 0x000000008e300000| Untracked 
| 228|0x000000008e400000, 0x000000008e400000, 0x000000008e500000|  0%| F|  |TAMS 0x000000008e400000, 0x000000008e400000| Untracked 
| 229|0x000000008e500000, 0x000000008e500000, 0x000000008e600000|  0%| F|  |TAMS 0x000000008e500000, 0x000000008e500000| Untracked 
| 230|0x000000008e600000, 0x000000008e600000, 0x000000008e700000|  0%| F|  |TAMS 0x000000008e600000, 0x000000008e600000| Untracked 
| 231|0x000000008e700000, 0x000000008e700000, 0x000000008e800000|  0%| F|  |TAMS 0x000000008e700000, 0x000000008e700000| Untracked 
| 232|0x000000008e800000, 0x000000008e800000, 0x000000008e900000|  0%| F|  |TAMS 0x000000008e800000, 0x000000008e800000| Untracked 
| 233|0x000000008e900000, 0x000000008e900000, 0x000000008ea00000|  0%| F|  |TAMS 0x000000008e900000, 0x000000008e900000| Untracked 
| 234|0x000000008ea00000, 0x000000008ea00000, 0x000000008eb00000|  0%| F|  |TAMS 0x000000008ea00000, 0x000000008ea00000| Untracked 
| 235|0x000000008eb00000, 0x000000008eb00000, 0x000000008ec00000|  0%| F|  |TAMS 0x000000008eb00000, 0x000000008eb00000| Untracked 
| 236|0x000000008ec00000, 0x000000008ec00000, 0x000000008ed00000|  0%| F|  |TAMS 0x000000008ec00000, 0x000000008ec00000| Untracked 
| 237|0x000000008ed00000, 0x000000008ed00000, 0x000000008ee00000|  0%| F|  |TAMS 0x000000008ed00000, 0x000000008ed00000| Untracked 
| 238|0x000000008ee00000, 0x000000008ee00000, 0x000000008ef00000|  0%| F|  |TAMS 0x000000008ee00000, 0x000000008ee00000| Untracked 
| 239|0x000000008ef00000, 0x000000008ef00000, 0x000000008f000000|  0%| F|  |TAMS 0x000000008ef00000, 0x000000008ef00000| Untracked 
| 240|0x000000008f000000, 0x000000008f000000, 0x000000008f100000|  0%| F|  |TAMS 0x000000008f000000, 0x000000008f000000| Untracked 
| 241|0x000000008f100000, 0x000000008f100000, 0x000000008f200000|  0%| F|  |TAMS 0x000000008f100000, 0x000000008f100000| Untracked 
| 242|0x000000008f200000, 0x000000008f200000, 0x000000008f300000|  0%| F|  |TAMS 0x000000008f200000, 0x000000008f200000| Untracked 
| 243|0x000000008f300000, 0x000000008f300000, 0x000000008f400000|  0%| F|  |TAMS 0x000000008f300000, 0x000000008f300000| Untracked 
| 244|0x000000008f400000, 0x000000008f400000, 0x000000008f500000|  0%| F|  |TAMS 0x000000008f400000, 0x000000008f400000| Untracked 
| 245|0x000000008f500000, 0x000000008f500000, 0x000000008f600000|  0%| F|  |TAMS 0x000000008f500000, 0x000000008f500000| Untracked 
| 246|0x000000008f600000, 0x000000008f600000, 0x000000008f700000|  0%| F|  |TAMS 0x000000008f600000, 0x000000008f600000| Untracked 
| 247|0x000000008f700000, 0x000000008f700000, 0x000000008f800000|  0%| F|  |TAMS 0x000000008f700000, 0x000000008f700000| Untracked 
| 248|0x000000008f800000, 0x000000008f800000, 0x000000008f900000|  0%| F|  |TAMS 0x000000008f800000, 0x000000008f800000| Untracked 
| 249|0x000000008f900000, 0x000000008f900000, 0x000000008fa00000|  0%| F|  |TAMS 0x000000008f900000, 0x000000008f900000| Untracked 
| 250|0x000000008fa00000, 0x000000008fa00000, 0x000000008fb00000|  0%| F|  |TAMS 0x000000008fa00000, 0x000000008fa00000| Untracked 
| 251|0x000000008fb00000, 0x000000008fb00000, 0x000000008fc00000|  0%| F|  |TAMS 0x000000008fb00000, 0x000000008fb00000| Untracked 
| 252|0x000000008fc00000, 0x000000008fc00000, 0x000000008fd00000|  0%| F|  |TAMS 0x000000008fc00000, 0x000000008fc00000| Untracked 
| 253|0x000000008fd00000, 0x000000008fd00000, 0x000000008fe00000|  0%| F|  |TAMS 0x000000008fd00000, 0x000000008fd00000| Untracked 
| 254|0x000000008fe00000, 0x000000008fe00000, 0x000000008ff00000|  0%| F|  |TAMS 0x000000008fe00000, 0x000000008fe00000| Untracked 
| 255|0x000000008ff00000, 0x000000008ff00000, 0x0000000090000000|  0%| F|  |TAMS 0x000000008ff00000, 0x000000008ff00000| Untracked 
| 256|0x0000000090000000, 0x0000000090000000, 0x0000000090100000|  0%| F|  |TAMS 0x0000000090000000, 0x0000000090000000| Untracked 
| 257|0x0000000090100000, 0x0000000090100000, 0x0000000090200000|  0%| F|  |TAMS 0x0000000090100000, 0x0000000090100000| Untracked 
| 258|0x0000000090200000, 0x0000000090200000, 0x0000000090300000|  0%| F|  |TAMS 0x0000000090200000, 0x0000000090200000| Untracked 
| 259|0x0000000090300000, 0x0000000090300000, 0x0000000090400000|  0%| F|  |TAMS 0x0000000090300000, 0x0000000090300000| Untracked 
| 260|0x0000000090400000, 0x0000000090400000, 0x0000000090500000|  0%| F|  |TAMS 0x0000000090400000, 0x0000000090400000| Untracked 
| 261|0x0000000090500000, 0x0000000090500000, 0x0000000090600000|  0%| F|  |TAMS 0x0000000090500000, 0x0000000090500000| Untracked 
| 262|0x0000000090600000, 0x0000000090600000, 0x0000000090700000|  0%| F|  |TAMS 0x0000000090600000, 0x0000000090600000| Untracked 
| 263|0x0000000090700000, 0x0000000090700000, 0x0000000090800000|  0%| F|  |TAMS 0x0000000090700000, 0x0000000090700000| Untracked 
| 264|0x0000000090800000, 0x0000000090800000, 0x0000000090900000|  0%| F|  |TAMS 0x0000000090800000, 0x0000000090800000| Untracked 
| 265|0x0000000090900000, 0x0000000090900000, 0x0000000090a00000|  0%| F|  |TAMS 0x0000000090900000, 0x0000000090900000| Untracked 
| 266|0x0000000090a00000, 0x0000000090a00000, 0x0000000090b00000|  0%| F|  |TAMS 0x0000000090a00000, 0x0000000090a00000| Untracked 
| 267|0x0000000090b00000, 0x0000000090b00000, 0x0000000090c00000|  0%| F|  |TAMS 0x0000000090b00000, 0x0000000090b00000| Untracked 
| 268|0x0000000090c00000, 0x0000000090c00000, 0x0000000090d00000|  0%| F|  |TAMS 0x0000000090c00000, 0x0000000090c00000| Untracked 
| 269|0x0000000090d00000, 0x0000000090d00000, 0x0000000090e00000|  0%| F|  |TAMS 0x0000000090d00000, 0x0000000090d00000| Untracked 
| 270|0x0000000090e00000, 0x0000000090e00000, 0x0000000090f00000|  0%| F|  |TAMS 0x0000000090e00000, 0x0000000090e00000| Untracked 
| 271|0x0000000090f00000, 0x0000000090f00000, 0x0000000091000000|  0%| F|  |TAMS 0x0000000090f00000, 0x0000000090f00000| Untracked 
| 272|0x0000000091000000, 0x0000000091000000, 0x0000000091100000|  0%| F|  |TAMS 0x0000000091000000, 0x0000000091000000| Untracked 
| 273|0x0000000091100000, 0x0000000091100000, 0x0000000091200000|  0%| F|  |TAMS 0x0000000091100000, 0x0000000091100000| Untracked 
| 274|0x0000000091200000, 0x0000000091200000, 0x0000000091300000|  0%| F|  |TAMS 0x0000000091200000, 0x0000000091200000| Untracked 
| 275|0x0000000091300000, 0x0000000091300000, 0x0000000091400000|  0%| F|  |TAMS 0x0000000091300000, 0x0000000091300000| Untracked 
| 276|0x0000000091400000, 0x0000000091400000, 0x0000000091500000|  0%| F|  |TAMS 0x0000000091400000, 0x0000000091400000| Untracked 
| 277|0x0000000091500000, 0x0000000091500000, 0x0000000091600000|  0%| F|  |TAMS 0x0000000091500000, 0x0000000091500000| Untracked 
| 278|0x0000000091600000, 0x0000000091600000, 0x0000000091700000|  0%| F|  |TAMS 0x0000000091600000, 0x0000000091600000| Untracked 
| 279|0x0000000091700000, 0x0000000091700000, 0x0000000091800000|  0%| F|  |TAMS 0x0000000091700000, 0x0000000091700000| Untracked 
| 280|0x0000000091800000, 0x0000000091800000, 0x0000000091900000|  0%| F|  |TAMS 0x0000000091800000, 0x0000000091800000| Untracked 
| 281|0x0000000091900000, 0x0000000091900000, 0x0000000091a00000|  0%| F|  |TAMS 0x0000000091900000, 0x0000000091900000| Untracked 
| 282|0x0000000091a00000, 0x0000000091a00000, 0x0000000091b00000|  0%| F|  |TAMS 0x0000000091a00000, 0x0000000091a00000| Untracked 
| 283|0x0000000091b00000, 0x0000000091b00000, 0x0000000091c00000|  0%| F|  |TAMS 0x0000000091b00000, 0x0000000091b00000| Untracked 
| 284|0x0000000091c00000, 0x0000000091c00000, 0x0000000091d00000|  0%| F|  |TAMS 0x0000000091c00000, 0x0000000091c00000| Untracked 
| 285|0x0000000091d00000, 0x0000000091d00000, 0x0000000091e00000|  0%| F|  |TAMS 0x0000000091d00000, 0x0000000091d00000| Untracked 
| 286|0x0000000091e00000, 0x0000000091e00000, 0x0000000091f00000|  0%| F|  |TAMS 0x0000000091e00000, 0x0000000091e00000| Untracked 
| 287|0x0000000091f00000, 0x0000000091f00000, 0x0000000092000000|  0%| F|  |TAMS 0x0000000091f00000, 0x0000000091f00000| Untracked 
| 288|0x0000000092000000, 0x0000000092000000, 0x0000000092100000|  0%| F|  |TAMS 0x0000000092000000, 0x0000000092000000| Untracked 
| 289|0x0000000092100000, 0x0000000092100000, 0x0000000092200000|  0%| F|  |TAMS 0x0000000092100000, 0x0000000092100000| Untracked 
| 290|0x0000000092200000, 0x0000000092200000, 0x0000000092300000|  0%| F|  |TAMS 0x0000000092200000, 0x0000000092200000| Untracked 
| 291|0x0000000092300000, 0x0000000092300000, 0x0000000092400000|  0%| F|  |TAMS 0x0000000092300000, 0x0000000092300000| Untracked 
| 292|0x0000000092400000, 0x0000000092400000, 0x0000000092500000|  0%| F|  |TAMS 0x0000000092400000, 0x0000000092400000| Untracked 
| 293|0x0000000092500000, 0x0000000092500000, 0x0000000092600000|  0%| F|  |TAMS 0x0000000092500000, 0x0000000092500000| Untracked 
| 294|0x0000000092600000, 0x0000000092600000, 0x0000000092700000|  0%| F|  |TAMS 0x0000000092600000, 0x0000000092600000| Untracked 
| 295|0x0000000092700000, 0x0000000092700000, 0x0000000092800000|  0%| F|  |TAMS 0x0000000092700000, 0x0000000092700000| Untracked 
| 296|0x0000000092800000, 0x00000000928705f0, 0x0000000092900000| 43%| S|CS|TAMS 0x0000000092800000, 0x0000000092800000| Complete 
| 297|0x0000000092900000, 0x0000000092a00000, 0x0000000092a00000|100%| S|CS|TAMS 0x0000000092900000, 0x0000000092900000| Complete 
| 298|0x0000000092a00000, 0x0000000092b00000, 0x0000000092b00000|100%| S|CS|TAMS 0x0000000092a00000, 0x0000000092a00000| Complete 
| 299|0x0000000092b00000, 0x0000000092c00000, 0x0000000092c00000|100%| S|CS|TAMS 0x0000000092b00000, 0x0000000092b00000| Complete 
| 300|0x0000000092c00000, 0x0000000092d00000, 0x0000000092d00000|100%| S|CS|TAMS 0x0000000092c00000, 0x0000000092c00000| Complete 
| 301|0x0000000092d00000, 0x0000000092e00000, 0x0000000092e00000|100%| S|CS|TAMS 0x0000000092d00000, 0x0000000092d00000| Complete 
| 302|0x0000000092e00000, 0x0000000092f00000, 0x0000000092f00000|100%| S|CS|TAMS 0x0000000092e00000, 0x0000000092e00000| Complete 
| 303|0x0000000092f00000, 0x0000000093000000, 0x0000000093000000|100%| S|CS|TAMS 0x0000000092f00000, 0x0000000092f00000| Complete 
| 304|0x0000000093000000, 0x0000000093100000, 0x0000000093100000|100%| S|CS|TAMS 0x0000000093000000, 0x0000000093000000| Complete 
| 305|0x0000000093100000, 0x0000000093200000, 0x0000000093200000|100%| S|CS|TAMS 0x0000000093100000, 0x0000000093100000| Complete 
| 306|0x0000000093200000, 0x0000000093300000, 0x0000000093300000|100%| S|CS|TAMS 0x0000000093200000, 0x0000000093200000| Complete 
| 307|0x0000000093300000, 0x0000000093400000, 0x0000000093400000|100%| S|CS|TAMS 0x0000000093300000, 0x0000000093300000| Complete 
| 308|0x0000000093400000, 0x0000000093500000, 0x0000000093500000|100%| S|CS|TAMS 0x0000000093400000, 0x0000000093400000| Complete 
| 309|0x0000000093500000, 0x0000000093600000, 0x0000000093600000|100%| S|CS|TAMS 0x0000000093500000, 0x0000000093500000| Complete 
| 310|0x0000000093600000, 0x0000000093700000, 0x0000000093700000|100%| S|CS|TAMS 0x0000000093600000, 0x0000000093600000| Complete 
| 311|0x0000000093700000, 0x0000000093800000, 0x0000000093800000|100%| S|CS|TAMS 0x0000000093700000, 0x0000000093700000| Complete 
| 312|0x0000000093800000, 0x0000000093900000, 0x0000000093900000|100%| S|CS|TAMS 0x0000000093800000, 0x0000000093800000| Complete 
| 313|0x0000000093900000, 0x0000000093900000, 0x0000000093a00000|  0%| F|  |TAMS 0x0000000093900000, 0x0000000093900000| Untracked 
| 314|0x0000000093a00000, 0x0000000093a00000, 0x0000000093b00000|  0%| F|  |TAMS 0x0000000093a00000, 0x0000000093a00000| Untracked 
| 315|0x0000000093b00000, 0x0000000093b00000, 0x0000000093c00000|  0%| F|  |TAMS 0x0000000093b00000, 0x0000000093b00000| Untracked 
| 316|0x0000000093c00000, 0x0000000093c00000, 0x0000000093d00000|  0%| F|  |TAMS 0x0000000093c00000, 0x0000000093c00000| Untracked 
| 317|0x0000000093d00000, 0x0000000093d00000, 0x0000000093e00000|  0%| F|  |TAMS 0x0000000093d00000, 0x0000000093d00000| Untracked 
| 318|0x0000000093e00000, 0x0000000093e00000, 0x0000000093f00000|  0%| F|  |TAMS 0x0000000093e00000, 0x0000000093e00000| Untracked 
| 319|0x0000000093f00000, 0x0000000093f00000, 0x0000000094000000|  0%| F|  |TAMS 0x0000000093f00000, 0x0000000093f00000| Untracked 
| 320|0x0000000094000000, 0x0000000094000000, 0x0000000094100000|  0%| F|  |TAMS 0x0000000094000000, 0x0000000094000000| Untracked 
| 321|0x0000000094100000, 0x0000000094100000, 0x0000000094200000|  0%| F|  |TAMS 0x0000000094100000, 0x0000000094100000| Untracked 
| 322|0x0000000094200000, 0x0000000094200000, 0x0000000094300000|  0%| F|  |TAMS 0x0000000094200000, 0x0000000094200000| Untracked 
| 323|0x0000000094300000, 0x0000000094300000, 0x0000000094400000|  0%| F|  |TAMS 0x0000000094300000, 0x0000000094300000| Untracked 
| 324|0x0000000094400000, 0x0000000094400000, 0x0000000094500000|  0%| F|  |TAMS 0x0000000094400000, 0x0000000094400000| Untracked 
| 325|0x0000000094500000, 0x0000000094500000, 0x0000000094600000|  0%| F|  |TAMS 0x0000000094500000, 0x0000000094500000| Untracked 
| 326|0x0000000094600000, 0x0000000094600000, 0x0000000094700000|  0%| F|  |TAMS 0x0000000094600000, 0x0000000094600000| Untracked 
| 327|0x0000000094700000, 0x0000000094700000, 0x0000000094800000|  0%| F|  |TAMS 0x0000000094700000, 0x0000000094700000| Untracked 
| 328|0x0000000094800000, 0x0000000094800000, 0x0000000094900000|  0%| F|  |TAMS 0x0000000094800000, 0x0000000094800000| Untracked 
| 329|0x0000000094900000, 0x0000000094900000, 0x0000000094a00000|  0%| F|  |TAMS 0x0000000094900000, 0x0000000094900000| Untracked 
| 330|0x0000000094a00000, 0x0000000094a00000, 0x0000000094b00000|  0%| F|  |TAMS 0x0000000094a00000, 0x0000000094a00000| Untracked 
| 331|0x0000000094b00000, 0x0000000094b00000, 0x0000000094c00000|  0%| F|  |TAMS 0x0000000094b00000, 0x0000000094b00000| Untracked 
| 332|0x0000000094c00000, 0x0000000094c00000, 0x0000000094d00000|  0%| F|  |TAMS 0x0000000094c00000, 0x0000000094c00000| Untracked 
| 333|0x0000000094d00000, 0x0000000094d00000, 0x0000000094e00000|  0%| F|  |TAMS 0x0000000094d00000, 0x0000000094d00000| Untracked 
| 334|0x0000000094e00000, 0x0000000094e00000, 0x0000000094f00000|  0%| F|  |TAMS 0x0000000094e00000, 0x0000000094e00000| Untracked 
| 335|0x0000000094f00000, 0x0000000095000000, 0x0000000095000000|100%| E|  |TAMS 0x0000000094f00000, 0x0000000094f00000| Complete 
| 336|0x0000000095000000, 0x0000000095100000, 0x0000000095100000|100%| E|CS|TAMS 0x0000000095000000, 0x0000000095000000| Complete 
| 337|0x0000000095100000, 0x0000000095200000, 0x0000000095200000|100%| E|CS|TAMS 0x0000000095100000, 0x0000000095100000| Complete 
| 338|0x0000000095200000, 0x0000000095300000, 0x0000000095300000|100%| E|CS|TAMS 0x0000000095200000, 0x0000000095200000| Complete 
| 339|0x0000000095300000, 0x0000000095400000, 0x0000000095400000|100%| E|CS|TAMS 0x0000000095300000, 0x0000000095300000| Complete 
| 340|0x0000000095400000, 0x0000000095500000, 0x0000000095500000|100%| E|CS|TAMS 0x0000000095400000, 0x0000000095400000| Complete 
| 341|0x0000000095500000, 0x0000000095600000, 0x0000000095600000|100%| E|CS|TAMS 0x0000000095500000, 0x0000000095500000| Complete 
| 342|0x0000000095600000, 0x0000000095700000, 0x0000000095700000|100%| E|CS|TAMS 0x0000000095600000, 0x0000000095600000| Complete 
| 343|0x0000000095700000, 0x0000000095800000, 0x0000000095800000|100%| E|CS|TAMS 0x0000000095700000, 0x0000000095700000| Complete 
| 344|0x0000000095800000, 0x0000000095900000, 0x0000000095900000|100%| E|CS|TAMS 0x0000000095800000, 0x0000000095800000| Complete 
| 345|0x0000000095900000, 0x0000000095a00000, 0x0000000095a00000|100%| E|CS|TAMS 0x0000000095900000, 0x0000000095900000| Complete 
| 346|0x0000000095a00000, 0x0000000095b00000, 0x0000000095b00000|100%| E|CS|TAMS 0x0000000095a00000, 0x0000000095a00000| Complete 
| 347|0x0000000095b00000, 0x0000000095c00000, 0x0000000095c00000|100%| E|CS|TAMS 0x0000000095b00000, 0x0000000095b00000| Complete 
| 348|0x0000000095c00000, 0x0000000095d00000, 0x0000000095d00000|100%| E|CS|TAMS 0x0000000095c00000, 0x0000000095c00000| Complete 
| 349|0x0000000095d00000, 0x0000000095e00000, 0x0000000095e00000|100%| E|CS|TAMS 0x0000000095d00000, 0x0000000095d00000| Complete 
| 350|0x0000000095e00000, 0x0000000095f00000, 0x0000000095f00000|100%| E|CS|TAMS 0x0000000095e00000, 0x0000000095e00000| Complete 
| 351|0x0000000095f00000, 0x0000000096000000, 0x0000000096000000|100%| E|CS|TAMS 0x0000000095f00000, 0x0000000095f00000| Complete 
| 352|0x0000000096000000, 0x0000000096100000, 0x0000000096100000|100%| E|CS|TAMS 0x0000000096000000, 0x0000000096000000| Complete 
| 353|0x0000000096100000, 0x0000000096200000, 0x0000000096200000|100%| E|CS|TAMS 0x0000000096100000, 0x0000000096100000| Complete 
| 354|0x0000000096200000, 0x0000000096300000, 0x0000000096300000|100%| E|CS|TAMS 0x0000000096200000, 0x0000000096200000| Complete 
| 355|0x0000000096300000, 0x0000000096400000, 0x0000000096400000|100%| E|CS|TAMS 0x0000000096300000, 0x0000000096300000| Complete 
| 356|0x0000000096400000, 0x0000000096500000, 0x0000000096500000|100%| E|CS|TAMS 0x0000000096400000, 0x0000000096400000| Complete 
| 357|0x0000000096500000, 0x0000000096600000, 0x0000000096600000|100%| E|CS|TAMS 0x0000000096500000, 0x0000000096500000| Complete 
| 358|0x0000000096600000, 0x0000000096700000, 0x0000000096700000|100%| E|CS|TAMS 0x0000000096600000, 0x0000000096600000| Complete 
| 359|0x0000000096700000, 0x0000000096800000, 0x0000000096800000|100%| E|CS|TAMS 0x0000000096700000, 0x0000000096700000| Complete 
| 360|0x0000000096800000, 0x0000000096900000, 0x0000000096900000|100%| E|CS|TAMS 0x0000000096800000, 0x0000000096800000| Complete 
| 361|0x0000000096900000, 0x0000000096a00000, 0x0000000096a00000|100%| E|CS|TAMS 0x0000000096900000, 0x0000000096900000| Complete 
| 362|0x0000000096a00000, 0x0000000096b00000, 0x0000000096b00000|100%| E|CS|TAMS 0x0000000096a00000, 0x0000000096a00000| Complete 
| 363|0x0000000096b00000, 0x0000000096c00000, 0x0000000096c00000|100%| E|CS|TAMS 0x0000000096b00000, 0x0000000096b00000| Complete 
| 364|0x0000000096c00000, 0x0000000096d00000, 0x0000000096d00000|100%| E|CS|TAMS 0x0000000096c00000, 0x0000000096c00000| Complete 
| 365|0x0000000096d00000, 0x0000000096e00000, 0x0000000096e00000|100%| E|CS|TAMS 0x0000000096d00000, 0x0000000096d00000| Complete 
| 366|0x0000000096e00000, 0x0000000096f00000, 0x0000000096f00000|100%| E|CS|TAMS 0x0000000096e00000, 0x0000000096e00000| Complete 
| 367|0x0000000096f00000, 0x0000000097000000, 0x0000000097000000|100%| E|CS|TAMS 0x0000000096f00000, 0x0000000096f00000| Complete 
| 368|0x0000000097000000, 0x0000000097100000, 0x0000000097100000|100%| E|CS|TAMS 0x0000000097000000, 0x0000000097000000| Complete 
| 369|0x0000000097100000, 0x0000000097200000, 0x0000000097200000|100%| E|CS|TAMS 0x0000000097100000, 0x0000000097100000| Complete 
| 370|0x0000000097200000, 0x0000000097300000, 0x0000000097300000|100%| E|CS|TAMS 0x0000000097200000, 0x0000000097200000| Complete 
| 371|0x0000000097300000, 0x0000000097400000, 0x0000000097400000|100%| E|CS|TAMS 0x0000000097300000, 0x0000000097300000| Complete 
| 372|0x0000000097400000, 0x0000000097500000, 0x0000000097500000|100%| E|CS|TAMS 0x0000000097400000, 0x0000000097400000| Complete 
| 373|0x0000000097500000, 0x0000000097600000, 0x0000000097600000|100%| E|CS|TAMS 0x0000000097500000, 0x0000000097500000| Complete 
| 374|0x0000000097600000, 0x0000000097700000, 0x0000000097700000|100%| E|CS|TAMS 0x0000000097600000, 0x0000000097600000| Complete 
| 375|0x0000000097700000, 0x0000000097800000, 0x0000000097800000|100%| E|CS|TAMS 0x0000000097700000, 0x0000000097700000| Complete 
| 376|0x0000000097800000, 0x0000000097900000, 0x0000000097900000|100%| E|CS|TAMS 0x0000000097800000, 0x0000000097800000| Complete 
| 377|0x0000000097900000, 0x0000000097a00000, 0x0000000097a00000|100%| E|CS|TAMS 0x0000000097900000, 0x0000000097900000| Complete 
| 378|0x0000000097a00000, 0x0000000097b00000, 0x0000000097b00000|100%| E|CS|TAMS 0x0000000097a00000, 0x0000000097a00000| Complete 
| 379|0x0000000097b00000, 0x0000000097c00000, 0x0000000097c00000|100%| E|CS|TAMS 0x0000000097b00000, 0x0000000097b00000| Complete 
| 380|0x0000000097c00000, 0x0000000097d00000, 0x0000000097d00000|100%| E|CS|TAMS 0x0000000097c00000, 0x0000000097c00000| Complete 
| 381|0x0000000097d00000, 0x0000000097e00000, 0x0000000097e00000|100%| E|CS|TAMS 0x0000000097d00000, 0x0000000097d00000| Complete 
| 382|0x0000000097e00000, 0x0000000097f00000, 0x0000000097f00000|100%| E|CS|TAMS 0x0000000097e00000, 0x0000000097e00000| Complete 
| 383|0x0000000097f00000, 0x0000000098000000, 0x0000000098000000|100%| E|CS|TAMS 0x0000000097f00000, 0x0000000097f00000| Complete 

Card table byte_map: [0x000001d2fcef0000,0x000001d2fd2f0000] _byte_map_base: 0x000001d2fcaf0000

Marking Bits (Prev, Next): (CMBitMap*) 0x000001d2e9d0f668, (CMBitMap*) 0x000001d2e9d0f6a0
 Prev Bits: [0x000001d2fd6f0000, 0x000001d2ff6f0000)
 Next Bits: [0x000001d280000000, 0x000001d282000000)

Polling page: 0x000001d2e7c20000

Metaspace:

Usage:
  Non-class:     68.18 MB capacity,    66.78 MB ( 98%) used,     1.21 MB (  2%) free+waste,   200.19 KB ( <1%) overhead. 
      Class:     10.73 MB capacity,     9.99 MB ( 93%) used,   668.52 KB (  6%) free+waste,    94.13 KB ( <1%) overhead. 
       Both:     78.92 MB capacity,    76.77 MB ( 97%) used,     1.86 MB (  2%) free+waste,   294.31 KB ( <1%) overhead. 

Virtual space:
  Non-class space:       70.00 MB reserved,      68.21 MB ( 97%) committed 
      Class space:        1.00 GB reserved,      10.75 MB (  1%) committed 
             Both:        1.07 GB reserved,      78.96 MB (  7%) committed 

Chunk freelists:
   Non-Class:  27.00 KB
       Class:  16.00 KB
        Both:  43.00 KB

MaxMetaspaceSize: 17179869184.00 GB
CompressedClassSpaceSize: 1.00 GB

CodeHeap 'non-profiled nmethods': size=120000Kb used=5181Kb max_used=5181Kb free=114818Kb
 bounds [0x000001d2f5290000, 0x000001d2f57a0000, 0x000001d2fc7c0000]
CodeHeap 'profiled nmethods': size=120000Kb used=17079Kb max_used=17079Kb free=102921Kb
 bounds [0x000001d2edd60000, 0x000001d2eee10000, 0x000001d2f5290000]
CodeHeap 'non-nmethods': size=5760Kb used=2279Kb max_used=2323Kb free=3481Kb
 bounds [0x000001d2ed7c0000, 0x000001d2eda30000, 0x000001d2edd60000]
 total_blobs=8934 nmethods=8053 adapters=792
 compilation: enabled
              stopped_count=0, restarted_count=0
 full_count=0

Compilation events (20 events):
Event: 5.119 Thread 0x000001d284b0f000 8061       3       com.google.common.collect.ImmutableList::contains (14 bytes)
Event: 5.119 Thread 0x000001d284b0f000 nmethod 8061 0x000001d2eedffc10 code [0x000001d2eedffdc0, 0x000001d2eedfffc8]
Event: 5.119 Thread 0x000001d284b0f000 8059       1       org.gradle.api.internal.artifacts.configurations.DefaultVariant::getName (5 bytes)
Event: 5.119 Thread 0x000001d284b0f000 nmethod 8059 0x000001d2f579e890 code [0x000001d2f579ea40, 0x000001d2f579eaf8]
Event: 5.119 Thread 0x000001d284b0f000 8062       3       org.gradle.api.internal.attributes.DefaultImmutableAttributesFactory::mutable (10 bytes)
Event: 5.120 Thread 0x000001d284b0f000 nmethod 8062 0x000001d2eee00090 code [0x000001d2eee00260, 0x000001d2eee00598]
Event: 5.120 Thread 0x000001d284b0f000 8063       3       org.gradle.api.internal.tasks.AbstractTaskDependency::<init> (5 bytes)
Event: 5.120 Thread 0x000001d284b0f000 nmethod 8063 0x000001d2eee00690 code [0x000001d2eee00840, 0x000001d2eee00998]
Event: 5.120 Thread 0x000001d284b0f000 8064   !   3       org.gradle.internal.typeconversion.ErrorHandlingNotationParser::parseNotation (98 bytes)
Event: 5.121 Thread 0x000001d284b0f000 nmethod 8064 0x000001d2eee00a90 code [0x000001d2eee00e60, 0x000001d2eee02858]
Event: 5.122 Thread 0x000001d284b0f000 8065       3       org.gradle.api.internal.project.DefaultProject::getExtensions (5 bytes)
Event: 5.122 Thread 0x000001d284b0f000 nmethod 8065 0x000001d2eee03110 code [0x000001d2eee032e0, 0x000001d2eee03738]
Event: 5.122 Thread 0x000001d284b0f000 8066       1       org.jetbrains.kotlin.gradle.plugin.sources.DefaultKotlinSourceSet::getDependsOn (5 bytes)
Event: 5.122 Thread 0x000001d284b0f000 nmethod 8066 0x000001d2f579eb90 code [0x000001d2f579ed40, 0x000001d2f579edf8]
Event: 5.122 Thread 0x000001d284b0f000 8069       3       org.gradle.internal.typeconversion.NotationConverterToNotationParserAdapter::parseNotation (41 bytes)
Event: 5.122 Thread 0x000001d284b0f000 nmethod 8069 0x000001d2eee03890 code [0x000001d2eee03a80, 0x000001d2eee03f18]
Event: 5.122 Thread 0x000001d284b0f000 8071       3       org.gradle.util.DeferredUtil::isNestableDeferred (20 bytes)
Event: 5.122 Thread 0x000001d284b0f000 nmethod 8071 0x000001d2eee04110 code [0x000001d2eee042e0, 0x000001d2eee046b8]
Event: 5.122 Thread 0x000001d284b0f000 8070       3       org.gradle.internal.typeconversion.NotationConverterToNotationParserAdapter$ResultImpl::<init> (5 bytes)
Event: 5.122 Thread 0x000001d284b0f000 nmethod 8070 0x000001d2eee04790 code [0x000001d2eee04940, 0x000001d2eee04af8]

GC Heap History (16 events):
Event: 0.378 GC heap before
{Heap before GC invocations=0 (full 0):
 garbage-first heap   total 393216K, used 29696K [0x0000000080000000, 0x0000000100000000)
  region size 1024K, 24 young (24576K), 0 survivors (0K)
 Metaspace       used 10167K, capacity 10421K, committed 10624K, reserved 1058816K
  class space    used 1064K, capacity 1139K, committed 1152K, reserved 1048576K
}
Event: 0.380 GC heap after
{Heap after GC invocations=1 (full 0):
 garbage-first heap   total 393216K, used 9543K [0x0000000080000000, 0x0000000100000000)
  region size 1024K, 3 young (3072K), 3 survivors (3072K)
 Metaspace       used 10167K, capacity 10421K, committed 10624K, reserved 1058816K
  class space    used 1064K, capacity 1139K, committed 1152K, reserved 1048576K
}
Event: 1.125 GC heap before
{Heap before GC invocations=1 (full 0):
 garbage-first heap   total 393216K, used 104775K [0x0000000080000000, 0x0000000100000000)
  region size 1024K, 97 young (99328K), 3 survivors (3072K)
 Metaspace       used 20515K, capacity 21119K, committed 21248K, reserved 1067008K
  class space    used 2509K, capacity 2733K, committed 2816K, reserved 1048576K
}
Event: 1.131 GC heap after
{Heap after GC invocations=2 (full 0):
 garbage-first heap   total 393216K, used 16669K [0x0000000080000000, 0x0000000100000000)
  region size 1024K, 10 young (10240K), 10 survivors (10240K)
 Metaspace       used 20515K, capacity 21119K, committed 21248K, reserved 1067008K
  class space    used 2509K, capacity 2733K, committed 2816K, reserved 1048576K
}
Event: 1.492 GC heap before
{Heap before GC invocations=3 (full 0):
 garbage-first heap   total 393216K, used 88349K [0x0000000080000000, 0x0000000100000000)
  region size 1024K, 71 young (72704K), 10 survivors (10240K)
 Metaspace       used 26527K, capacity 27395K, committed 27648K, reserved 1073152K
  class space    used 3495K, capacity 3806K, committed 3840K, reserved 1048576K
}
Event: 1.497 GC heap after
{Heap after GC invocations=4 (full 0):
 garbage-first heap   total 393216K, used 33001K [0x0000000080000000, 0x0000000100000000)
  region size 1024K, 6 young (6144K), 6 survivors (6144K)
 Metaspace       used 26527K, capacity 27395K, committed 27648K, reserved 1073152K
  class space    used 3495K, capacity 3806K, committed 3840K, reserved 1048576K
}
Event: 1.900 GC heap before
{Heap before GC invocations=4 (full 0):
 garbage-first heap   total 393216K, used 89321K [0x0000000080000000, 0x0000000100000000)
  region size 1024K, 63 young (64512K), 6 survivors (6144K)
 Metaspace       used 34863K, capacity 35713K, committed 35840K, reserved 1081344K
  class space    used 4566K, capacity 4898K, committed 4992K, reserved 1048576K
}
Event: 1.906 GC heap after
{Heap after GC invocations=5 (full 0):
 garbage-first heap   total 393216K, used 36020K [0x0000000080000000, 0x0000000100000000)
  region size 1024K, 9 young (9216K), 9 survivors (9216K)
 Metaspace       used 34863K, capacity 35713K, committed 35840K, reserved 1081344K
  class space    used 4566K, capacity 4898K, committed 4992K, reserved 1048576K
}
Event: 2.489 GC heap before
{Heap before GC invocations=6 (full 0):
 garbage-first heap   total 393216K, used 147636K [0x0000000080000000, 0x0000000100000000)
  region size 1024K, 108 young (110592K), 9 survivors (9216K)
 Metaspace       used 43284K, capacity 44471K, committed 44672K, reserved 1087488K
  class space    used 5558K, capacity 5975K, committed 6016K, reserved 1048576K
}
Event: 2.501 GC heap after
{Heap after GC invocations=7 (full 0):
 garbage-first heap   total 393216K, used 53503K [0x0000000080000000, 0x0000000100000000)
  region size 1024K, 13 young (13312K), 13 survivors (13312K)
 Metaspace       used 43284K, capacity 44471K, committed 44672K, reserved 1087488K
  class space    used 5558K, capacity 5975K, committed 6016K, reserved 1048576K
}
Event: 3.138 GC heap before
{Heap before GC invocations=8 (full 0):
 garbage-first heap   total 393216K, used 184575K [0x0000000080000000, 0x0000000100000000)
  region size 1024K, 132 young (135168K), 13 survivors (13312K)
 Metaspace       used 49676K, capacity 51236K, committed 51456K, reserved 1093632K
  class space    used 6368K, capacity 6898K, committed 6912K, reserved 1048576K
}
Event: 3.146 GC heap after
{Heap after GC invocations=9 (full 0):
 garbage-first heap   total 393216K, used 74697K [0x0000000080000000, 0x0000000100000000)
  region size 1024K, 15 young (15360K), 15 survivors (15360K)
 Metaspace       used 49676K, capacity 51236K, committed 51456K, reserved 1093632K
  class space    used 6368K, capacity 6898K, committed 6912K, reserved 1048576K
}
Event: 4.443 GC heap before
{Heap before GC invocations=9 (full 0):
 garbage-first heap   total 393216K, used 279497K [0x0000000080000000, 0x0000000100000000)
  region size 1024K, 215 young (220160K), 15 survivors (15360K)
 Metaspace       used 69915K, capacity 71929K, committed 72192K, reserved 1112064K
  class space    used 8977K, capacity 9662K, committed 9728K, reserved 1048576K
}
Event: 4.453 GC heap after
{Heap after GC invocations=10 (full 0):
 garbage-first heap   total 393216K, used 84968K [0x0000000080000000, 0x0000000100000000)
  region size 1024K, 25 young (25600K), 25 survivors (25600K)
 Metaspace       used 69915K, capacity 71929K, committed 72192K, reserved 1112064K
  class space    used 8977K, capacity 9662K, committed 9728K, reserved 1048576K
}
Event: 4.792 GC heap before
{Heap before GC invocations=10 (full 0):
 garbage-first heap   total 393216K, used 156648K [0x0000000080000000, 0x0000000100000000)
  region size 1024K, 96 young (98304K), 25 survivors (25600K)
 Metaspace       used 73585K, capacity 75596K, committed 75736K, reserved 1114112K
  class space    used 9412K, capacity 10178K, committed 10240K, reserved 1048576K
}
Event: 4.813 GC heap after
{Heap after GC invocations=11 (full 0):
 garbage-first heap   total 393216K, used 90449K [0x0000000080000000, 0x0000000100000000)
  region size 1024K, 17 young (17408K), 17 survivors (17408K)
 Metaspace       used 73585K, capacity 75596K, committed 75736K, reserved 1114112K
  class space    used 9412K, capacity 10178K, committed 10240K, reserved 1048576K
}

Deoptimization events (20 events):
Event: 4.688 Thread 0x000001d2866e8800 Uncommon trap: trap_request=0xffffff4d fr.pc=0x000001d2f558d05c relative=0x000000000000065c
Event: 4.688 Thread 0x000001d2866e8800 Uncommon trap: reason=unstable_if action=reinterpret pc=0x000001d2f558d05c method=groovy.lang.MetaClassImpl.filterPropertyMethod(Ljava/lang/Object;ZZ)Ljava/lang/Object; @ 60 c2
Event: 4.688 Thread 0x000001d2866e8800 DEOPT PACKING pc=0x000001d2f558d05c sp=0x00000070e2cf84c0
Event: 4.688 Thread 0x000001d2866e8800 DEOPT UNPACKING pc=0x000001d2ed7e78af sp=0x00000070e2cf8420 mode 2
Event: 4.695 Thread 0x000001d2866e8800 Uncommon trap: trap_request=0xfffffff4 fr.pc=0x000001d2f55085ec relative=0x00000000000009cc
Event: 4.695 Thread 0x000001d2866e8800 Uncommon trap: reason=null_check action=make_not_entrant pc=0x000001d2f55085ec method=com.sun.beans.introspect.MethodInfo$MethodOrder.compare(Ljava/lang/reflect/Method;Ljava/lang/reflect/Method;)I @ 133 c2
Event: 4.695 Thread 0x000001d2866e8800 DEOPT PACKING pc=0x000001d2f55085ec sp=0x00000070e2cf40c0
Event: 4.695 Thread 0x000001d2866e8800 DEOPT UNPACKING pc=0x000001d2ed7e78af sp=0x00000070e2cf3ff0 mode 2
Event: 4.739 Thread 0x000001d2866e8800 DEOPT PACKING pc=0x000001d2ee56d9ca sp=0x00000070e2cf7960
Event: 4.739 Thread 0x000001d2866e8800 DEOPT UNPACKING pc=0x000001d2ed7e76ce sp=0x00000070e2cf6dc0 mode 0
Event: 5.071 Thread 0x000001d2866e8800 DEOPT PACKING pc=0x000001d2ee57e528 sp=0x00000070e2cf73c0
Event: 5.071 Thread 0x000001d2866e8800 DEOPT UNPACKING pc=0x000001d2ed7e76ce sp=0x00000070e2cf6860 mode 0
Event: 5.081 Thread 0x000001d2866e8800 Uncommon trap: trap_request=0xffffff4d fr.pc=0x000001d2f56f20a0 relative=0x0000000000001640
Event: 5.081 Thread 0x000001d2866e8800 Uncommon trap: reason=unstable_if action=reinterpret pc=0x000001d2f56f20a0 method=java.util.concurrent.ConcurrentHashMap.putVal(Ljava/lang/Object;Ljava/lang/Object;Z)Ljava/lang/Object; @ 245 c2
Event: 5.081 Thread 0x000001d2866e8800 DEOPT PACKING pc=0x000001d2f56f20a0 sp=0x00000070e2cf8480
Event: 5.081 Thread 0x000001d2866e8800 DEOPT UNPACKING pc=0x000001d2ed7e78af sp=0x00000070e2cf8418 mode 2
Event: 5.131 Thread 0x000001d2866e8800 Uncommon trap: trap_request=0xffffffbe fr.pc=0x000001d2f57738c4 relative=0x0000000000000a24
Event: 5.131 Thread 0x000001d2866e8800 Uncommon trap: reason=profile_predicate action=maybe_recompile pc=0x000001d2f57738c4 method=com.google.common.collect.ImmutableSet.construct(I[Ljava/lang/Object;)Lcom/google/common/collect/ImmutableSet; @ 68 c2
Event: 5.131 Thread 0x000001d2866e8800 DEOPT PACKING pc=0x000001d2f57738c4 sp=0x00000070e2cf9420
Event: 5.131 Thread 0x000001d2866e8800 DEOPT UNPACKING pc=0x000001d2ed7e78af sp=0x00000070e2cf93c0 mode 2

Classes redefined (0 events):
No events

Internal exceptions (20 events):
Event: 4.735 Thread 0x000001d2866e8800 Exception <a 'java/lang/ClassNotFoundException'{0x00000000948ad150}: org/gradle/api/internal/file/AbstractFileCollectionCustomizer> (0x00000000948ad150) thrown at [./src/hotspot/share/classfile/systemDictionary.cpp, line 231]
Event: 4.736 Thread 0x000001d2866e8800 Exception <a 'java/lang/ClassNotFoundException'{0x00000000948f1750}: org/gradle/api/internal/file/CompositeFileCollectionCustomizer> (0x00000000948f1750) thrown at [./src/hotspot/share/classfile/systemDictionary.cpp, line 231]
Event: 4.736 Thread 0x000001d2866e8800 Exception <a 'java/lang/ClassNotFoundException'{0x0000000094729fd0}: org/gradle/api/internal/file/CompositeFileTreeCustomizer> (0x0000000094729fd0) thrown at [./src/hotspot/share/classfile/systemDictionary.cpp, line 231]
Event: 4.737 Thread 0x000001d2866e8800 Exception <a 'java/lang/ClassNotFoundException'{0x000000009476cb98}: org/gradle/api/internal/file/collections/DefaultConfigurableFileTreeCustomizer> (0x000000009476cb98) thrown at [./src/hotspot/share/classfile/systemDictionary.cpp, line 231]
Event: 4.740 Thread 0x000001d2866e8800 Exception <a 'java/lang/ClassNotFoundException'{0x0000000094657cf8}: groovy/lang/GString$1BeanInfo> (0x0000000094657cf8) thrown at [./src/hotspot/share/classfile/systemDictionary.cpp, line 231]
Event: 4.741 Thread 0x000001d2866e8800 Exception <a 'java/lang/ClassNotFoundException'{0x0000000094692df8}: groovy/lang/GStringBeanInfo> (0x0000000094692df8) thrown at [./src/hotspot/share/classfile/systemDictionary.cpp, line 231]
Event: 4.741 Thread 0x000001d2866e8800 Exception <a 'java/lang/ClassNotFoundException'{0x00000000946cddd8}: groovy/lang/GStringCustomizer> (0x00000000946cddd8) thrown at [./src/hotspot/share/classfile/systemDictionary.cpp, line 231]
Event: 4.742 Thread 0x000001d2866e8800 Exception <a 'java/lang/ClassNotFoundException'{0x00000000945131b8}: groovy/lang/GString$1Customizer> (0x00000000945131b8) thrown at [./src/hotspot/share/classfile/systemDictionary.cpp, line 231]
Event: 4.745 Thread 0x000001d2866e8800 Exception <a 'java/lang/ClassNotFoundException'{0x000000009424d620}: org/codehaus/groovy/runtime/GStringImplBeanInfo> (0x000000009424d620) thrown at [./src/hotspot/share/classfile/systemDictionary.cpp, line 231]
Event: 4.746 Thread 0x000001d2866e8800 Exception <a 'java/lang/ClassNotFoundException'{0x0000000093f06318}: org/codehaus/groovy/runtime/GStringImplCustomizer> (0x0000000093f06318) thrown at [./src/hotspot/share/classfile/systemDictionary.cpp, line 231]
Event: 5.070 Thread 0x000001d2866e8800 Exception <a 'java/lang/ClassNotFoundException'{0x0000000095d627d0}: com/android/build/gradle/internal/api/ApkVariantOutputImpl_DecoratedBeanInfo> (0x0000000095d627d0) thrown at [./src/hotspot/share/classfile/systemDictionary.cpp, line 231]
Event: 5.070 Thread 0x000001d2866e8800 Exception <a 'java/lang/ClassNotFoundException'{0x0000000095d7d3e8}: com/android/build/gradle/internal/api/ApkVariantOutputImplBeanInfo> (0x0000000095d7d3e8) thrown at [./src/hotspot/share/classfile/systemDictionary.cpp, line 231]
Event: 5.070 Thread 0x000001d2866e8800 Exception <a 'java/lang/ClassNotFoundException'{0x0000000095d98af8}: com/android/build/gradle/internal/api/BaseVariantOutputImplBeanInfo> (0x0000000095d98af8) thrown at [./src/hotspot/share/classfile/systemDictionary.cpp, line 231]
Event: 5.071 Thread 0x000001d2866e8800 Exception <a 'java/lang/ClassNotFoundException'{0x0000000095db3fe0}: com/android/build/gradle/internal/api/BaseVariantOutputImplCustomizer> (0x0000000095db3fe0) thrown at [./src/hotspot/share/classfile/systemDictionary.cpp, line 231]
Event: 5.071 Thread 0x000001d2866e8800 Exception <a 'java/lang/ClassNotFoundException'{0x0000000095de1ae8}: com/android/build/gradle/internal/api/ApkVariantOutputImplCustomizer> (0x0000000095de1ae8) thrown at [./src/hotspot/share/classfile/systemDictionary.cpp, line 231]
Event: 5.071 Thread 0x000001d2866e8800 Exception <a 'java/lang/ClassNotFoundException'{0x0000000095c0c088}: com/android/build/gradle/internal/api/ApkVariantOutputImpl_DecoratedCustomizer> (0x0000000095c0c088) thrown at [./src/hotspot/share/classfile/systemDictionary.cpp, line 231]
Event: 5.086 Thread 0x000001d2866e8800 Exception <a 'java/lang/ClassNotFoundException'{0x0000000095a3dd70}: com/android/build/gradle/internal/api/ReadOnlyBuildTypeBeanInfo> (0x0000000095a3dd70) thrown at [./src/hotspot/share/classfile/systemDictionary.cpp, line 231]
Event: 5.086 Thread 0x000001d2866e8800 Exception <a 'java/lang/ClassNotFoundException'{0x0000000095a580a8}: com/android/build/gradle/internal/api/ReadOnlyBaseConfigBeanInfo> (0x0000000095a580a8) thrown at [./src/hotspot/share/classfile/systemDictionary.cpp, line 231]
Event: 5.086 Thread 0x000001d2866e8800 Exception <a 'java/lang/ClassNotFoundException'{0x0000000095a72c88}: com/android/build/gradle/internal/api/ReadOnlyBaseConfigCustomizer> (0x0000000095a72c88) thrown at [./src/hotspot/share/classfile/systemDictionary.cpp, line 231]
Event: 5.087 Thread 0x000001d2866e8800 Exception <a 'java/lang/ClassNotFoundException'{0x0000000095a9d830}: com/android/build/gradle/internal/api/ReadOnlyBuildTypeCustomizer> (0x0000000095a9d830) thrown at [./src/hotspot/share/classfile/systemDictionary.cpp, line 231]

Events (20 events):
Event: 5.132 loading class org/jetbrains/kotlin/gradle/plugin/AndroidTestedVariantArtifactsFilter
Event: 5.132 loading class org/jetbrains/kotlin/gradle/plugin/AndroidTestedVariantArtifactsFilter done
Event: 5.133 loading class org/jetbrains/kotlin/gradle/plugin/AndroidTestedVariantArtifactsFilter$initFilteredFiles$1
Event: 5.133 loading class org/jetbrains/kotlin/gradle/plugin/AndroidTestedVariantArtifactsFilter$initFilteredFiles$1 done
Event: 5.133 loading class org/gradle/api/internal/file/CompositeFileCollection$1
Event: 5.133 loading class org/gradle/api/internal/file/CompositeFileCollection$1 done
Event: 5.133 loading class org/jetbrains/kotlin/gradle/plugin/mpp/DefaultKotlinCompilationOutput
Event: 5.133 loading class org/jetbrains/kotlin/gradle/plugin/mpp/DefaultKotlinCompilationOutput done
Event: 5.134 loading class org/jetbrains/kotlin/gradle/plugin/KotlinCompilationOutput
Event: 5.134 loading class org/jetbrains/kotlin/gradle/plugin/KotlinCompilationOutput done
Event: 5.134 loading class org/jetbrains/kotlin/gradle/plugin/mpp/AbstractKotlinCompilation$output$2$1
Event: 5.134 loading class org/jetbrains/kotlin/gradle/plugin/mpp/AbstractKotlinCompilation$output$2$1 done
Event: 5.134 loading class org/jetbrains/kotlin/gradle/plugin/mpp/DefaultKotlinCompilationOutput$allOutputs$1$1
Event: 5.134 loading class org/jetbrains/kotlin/gradle/plugin/mpp/DefaultKotlinCompilationOutput$allOutputs$1$1 done
Event: 5.134 loading class org/jetbrains/kotlin/gradle/plugin/Android25ProjectHandler$wireKotlinTasks$2
Event: 5.134 loading class org/jetbrains/kotlin/gradle/plugin/Android25ProjectHandler$wireKotlinTasks$2 done
Event: 5.134 loading class org/jetbrains/kotlin/gradle/plugin/Android25ProjectHandler$wireKotlinTasks$3
Event: 5.134 loading class org/jetbrains/kotlin/gradle/plugin/Android25ProjectHandler$wireKotlinTasks$3 done
Event: 5.135 loading class org/jetbrains/kotlin/gradle/plugin/SubpluginEnvironment
Event: 5.135 loading class org/jetbrains/kotlin/gradle/plugin/SubpluginEnvironment done


Dynamic libraries:
0x00007ff647770000 - 0x00007ff64777a000 	C:\Program Files\Android\Android Studio\jre\bin\java.exe
0x00007ffbf13c0000 - 0x00007ffbf15c7000 	C:\WINDOWS\SYSTEM32\ntdll.dll
0x00007ffbef5d0000 - 0x00007ffbef68d000 	C:\WINDOWS\System32\KERNEL32.DLL
0x00007ffbeead0000 - 0x00007ffbeee44000 	C:\WINDOWS\System32\KERNELBASE.dll
0x00007ffbee9b0000 - 0x00007ffbeeac1000 	C:\WINDOWS\System32\ucrtbase.dll
0x00007ffbeb190000 - 0x00007ffbeb1a7000 	C:\Program Files\Android\Android Studio\jre\bin\VCRUNTIME140.dll
0x00007ffbeb170000 - 0x00007ffbeb189000 	C:\Program Files\Android\Android Studio\jre\bin\jli.dll
0x00007ffbf0810000 - 0x00007ffbf09bc000 	C:\WINDOWS\System32\USER32.dll
0x00007ffbef220000 - 0x00007ffbef246000 	C:\WINDOWS\System32\win32u.dll
0x00007ffbda190000 - 0x00007ffbda435000 	C:\WINDOWS\WinSxS\amd64_microsoft.windows.common-controls_6595b64144ccf1df_6.0.22000.120_none_9d947278b86cc467\COMCTL32.dll
0x00007ffbf12d0000 - 0x00007ffbf1373000 	C:\WINDOWS\System32\msvcrt.dll
0x00007ffbf12a0000 - 0x00007ffbf12c9000 	C:\WINDOWS\System32\GDI32.dll
0x00007ffbeefc0000 - 0x00007ffbef0d2000 	C:\WINDOWS\System32\gdi32full.dll
0x00007ffbee8a0000 - 0x00007ffbee93d000 	C:\WINDOWS\System32\msvcp_win.dll
0x00007ffbefc20000 - 0x00007ffbefc51000 	C:\WINDOWS\System32\IMM32.DLL
0x00007ffbd4d20000 - 0x00007ffbd4dbd000 	C:\Program Files\Android\Android Studio\jre\bin\msvcp140.dll
0x00007ffb67160000 - 0x00007ffb67c2f000 	C:\Program Files\Android\Android Studio\jre\bin\server\jvm.dll
0x00007ffbf1120000 - 0x00007ffbf11cc000 	C:\WINDOWS\System32\ADVAPI32.dll
0x00007ffbef690000 - 0x00007ffbef72d000 	C:\WINDOWS\System32\sechost.dll
0x00007ffbf0e90000 - 0x00007ffbf0fb1000 	C:\WINDOWS\System32\RPCRT4.dll
0x00007ffbefdb0000 - 0x00007ffbefdb8000 	C:\WINDOWS\System32\PSAPI.DLL
0x00007ffbdc910000 - 0x00007ffbdc919000 	C:\WINDOWS\SYSTEM32\WSOCK32.dll
0x00007ffbe1a50000 - 0x00007ffbe1a83000 	C:\WINDOWS\SYSTEM32\WINMM.dll
0x00007ffbe9a20000 - 0x00007ffbe9a2a000 	C:\WINDOWS\SYSTEM32\VERSION.dll
0x00007ffbefd40000 - 0x00007ffbefdaf000 	C:\WINDOWS\System32\WS2_32.dll
0x00007ffbedab0000 - 0x00007ffbedac8000 	C:\WINDOWS\SYSTEM32\kernel.appcore.dll
0x00007ffbc34a0000 - 0x00007ffbc34b1000 	C:\Program Files\Android\Android Studio\jre\bin\verify.dll
0x00007ffbde790000 - 0x00007ffbde9b1000 	C:\WINDOWS\SYSTEM32\DBGHELP.DLL
0x00007ffbda440000 - 0x00007ffbda471000 	C:\WINDOWS\SYSTEM32\dbgcore.DLL
0x00007ffbef0e0000 - 0x00007ffbef15f000 	C:\WINDOWS\System32\bcryptPrimitives.dll
0x00007ffbc33b0000 - 0x00007ffbc33d9000 	C:\Program Files\Android\Android Studio\jre\bin\java.dll
0x00007ffbdb520000 - 0x00007ffbdb52b000 	C:\Program Files\Android\Android Studio\jre\bin\jimage.dll
0x00007ffbc0030000 - 0x00007ffbc0048000 	C:\Program Files\Android\Android Studio\jre\bin\zip.dll
0x00007ffbeff60000 - 0x00007ffbf070e000 	C:\WINDOWS\System32\SHELL32.dll
0x00007ffbeca00000 - 0x00007ffbed267000 	C:\WINDOWS\SYSTEM32\windows.storage.dll
0x00007ffbef250000 - 0x00007ffbef5c8000 	C:\WINDOWS\System32\combase.dll
0x00007ffbec890000 - 0x00007ffbec9f6000 	C:\WINDOWS\SYSTEM32\wintypes.dll
0x00007ffbf0b20000 - 0x00007ffbf0c0a000 	C:\WINDOWS\System32\SHCORE.dll
0x00007ffbf1240000 - 0x00007ffbf129d000 	C:\WINDOWS\System32\shlwapi.dll
0x00007ffbee7d0000 - 0x00007ffbee7f1000 	C:\WINDOWS\SYSTEM32\profapi.dll
0x00007ffbc0010000 - 0x00007ffbc002a000 	C:\Program Files\Android\Android Studio\jre\bin\net.dll
0x00007ffbe9c30000 - 0x00007ffbe9d3c000 	C:\WINDOWS\SYSTEM32\WINHTTP.dll
0x00007ffbedec0000 - 0x00007ffbedf27000 	C:\WINDOWS\system32\mswsock.dll
0x00007ffbbad20000 - 0x00007ffbbad34000 	C:\Program Files\Android\Android Studio\jre\bin\nio.dll
0x00007ffbead90000 - 0x00007ffbeadb7000 	C:\Users\Mauro\.gradle\native\8bec1ad78214c89d9ad589b4d07fe93259594b29d510b10fafb7a158f7737e5d\windows-amd64\native-platform.dll
0x00007ffbd4900000 - 0x00007ffbd4a3d000 	C:\Users\Mauro\.gradle\native\53dbd7edfb1c66fb8903c78663c9afc45aea4f116125fa6feffd364cf09443e8\windows-amd64\native-platform-file-events.dll
0x00007ffbd9010000 - 0x00007ffbd901a000 	C:\Program Files\Android\Android Studio\jre\bin\management.dll
0x00007ffbd8e10000 - 0x00007ffbd8e1c000 	C:\Program Files\Android\Android Studio\jre\bin\management_ext.dll
0x00007ffbee100000 - 0x00007ffbee118000 	C:\WINDOWS\SYSTEM32\CRYPTSP.dll
0x00007ffbeda10000 - 0x00007ffbeda45000 	C:\WINDOWS\system32\rsaenh.dll
0x00007ffbedfb0000 - 0x00007ffbedfd9000 	C:\WINDOWS\SYSTEM32\USERENV.dll
0x00007ffbee280000 - 0x00007ffbee2a7000 	C:\WINDOWS\SYSTEM32\bcrypt.dll
0x00007ffbee120000 - 0x00007ffbee12c000 	C:\WINDOWS\SYSTEM32\CRYPTBASE.dll
0x00007ffbed5f0000 - 0x00007ffbed61d000 	C:\WINDOWS\SYSTEM32\IPHLPAPI.DLL
0x00007ffbf09d0000 - 0x00007ffbf09d9000 	C:\WINDOWS\System32\NSI.dll
0x00007ffbe9c10000 - 0x00007ffbe9c29000 	C:\WINDOWS\SYSTEM32\dhcpcsvc6.DLL
0x00007ffbea070000 - 0x00007ffbea08e000 	C:\WINDOWS\SYSTEM32\dhcpcsvc.DLL
0x00007ffbed620000 - 0x00007ffbed707000 	C:\WINDOWS\SYSTEM32\DNSAPI.dll

dbghelp: loaded successfully - version: 4.0.5 - missing functions: none
symbol engine: initialized successfully - sym options: 0x614 - pdb path: .;C:\Program Files\Android\Android Studio\jre\bin;C:\WINDOWS\SYSTEM32;C:\WINDOWS\WinSxS\amd64_microsoft.windows.common-controls_6595b64144ccf1df_6.0.22000.120_none_9d947278b86cc467;C:\Program Files\Android\Android Studio\jre\bin\server;C:\Users\Mauro\.gradle\native\8bec1ad78214c89d9ad589b4d07fe93259594b29d510b10fafb7a158f7737e5d\windows-amd64;C:\Users\Mauro\.gradle\native\53dbd7edfb1c66fb8903c78663c9afc45aea4f116125fa6feffd364cf09443e8\windows-amd64

VM Arguments:
jvm_args: --add-opens=java.base/java.util=ALL-UNNAMED --add-opens=java.base/java.lang=ALL-UNNAMED --add-opens=java.base/java.lang.invoke=ALL-UNNAMED --add-opens=java.base/java.util=ALL-UNNAMED --add-opens=java.prefs/java.util.prefs=ALL-UNNAMED --add-opens=java.prefs/java.util.prefs=ALL-UNNAMED --add-opens=java.base/java.nio.charset=ALL-UNNAMED --add-opens=java.base/java.net=ALL-UNNAMED --add-opens=java.base/java.util.concurrent.atomic=ALL-UNNAMED -Xmx2048m -Dfile.encoding=UTF-8 -Duser.country=IT -Duser.language=it -Duser.variant 
java_command: org.gradle.launcher.daemon.bootstrap.GradleDaemon 7.0.2
java_class_path (initial): C:\Users\Mauro\.gradle\wrapper\dists\gradle-7.0.2-all\7era6s5ay7zsbhuvl0oc9g94s\gradle-7.0.2\lib\gradle-launcher-7.0.2.jar
Launcher Type: SUN_STANDARD

[Global flags]
     intx CICompilerCount                          = 4                                         {product} {ergonomic}
     uint ConcGCThreads                            = 2                                         {product} {ergonomic}
     uint G1ConcRefinementThreads                  = 8                                         {product} {ergonomic}
   size_t G1HeapRegionSize                         = 1048576                                   {product} {ergonomic}
    uintx GCDrainStackTargetSize                   = 64                                        {product} {ergonomic}
   size_t InitialHeapSize                          = 402653184                                 {product} {ergonomic}
   size_t MarkStackSize                            = 4194304                                   {product} {ergonomic}
   size_t MaxHeapSize                              = 2147483648                                {product} {command line}
   size_t MaxNewSize                               = 1287651328                                {product} {ergonomic}
   size_t MinHeapDeltaBytes                        = 1048576                                   {product} {ergonomic}
    uintx NonNMethodCodeHeapSize                   = 5836300                                {pd product} {ergonomic}
    uintx NonProfiledCodeHeapSize                  = 122910970                              {pd product} {ergonomic}
    uintx ProfiledCodeHeapSize                     = 122910970                              {pd product} {ergonomic}
    uintx ReservedCodeCacheSize                    = 251658240                              {pd product} {ergonomic}
     bool SegmentedCodeCache                       = true                                      {product} {ergonomic}
     bool UseCompressedClassPointers               = true                                 {lp64_product} {ergonomic}
     bool UseCompressedOops                        = true                                 {lp64_product} {ergonomic}
     bool UseG1GC                                  = true                                      {product} {ergonomic}
     bool UseLargePagesIndividualAllocation        = false                                  {pd product} {ergonomic}

Logging:
Log output configuration:
 #0: stdout all=warning uptime,level,tags
 #1: stderr all=off uptime,level,tags

Environment Variables:
PATH=C:\Program Files (x86)\Common Files\Oracle\Java\javapath;C:\Python39\Scripts\;C:\Python39\;C:\Windows\system32;C:\Windows;C:\Windows\System32\Wbem;C:\Windows\System32\WindowsPowerShell\v1.0\;C:\Windows\System32\OpenSSH\;C:\Program Files (x86)\EPSON\UPOSDriverForFiscal\JavaPOS;C:\Program Files (x86)\NVIDIA Corporation\PhysX\Common;C:\Program Files\nodejs\;C:\ProgramData\chocolatey\bin;C:\WINDOWS\system32;C:\WINDOWS;C:\WINDOWS\System32\Wbem;C:\WINDOWS\System32\WindowsPowerShell\v1.0\;C:\WINDOWS\System32\OpenSSH\;C:\Program Files (x86)\Microsoft SQL Server\150\DTS\Binn\;C:\Program Files\Azure Data Studio\bin;C:\Users\Mauro\AppData\Local\Microsoft\WindowsApps;C:\Program Files (x86)\Nmap;C:\Users\Mauro\AppData\Roaming\npm
USERNAME=Mauro
OS=Windows_NT
PROCESSOR_IDENTIFIER=Intel64 Family 6 Model 158 Stepping 13, GenuineIntel



---------------  S Y S T E M  ---------------

OS: Windows 10 , 64 bit Build 22000 (10.0.22000.318)
OS uptime: 11 days 20:33 hours

CPU:total 8 (initial active 8) (8 cores per cpu, 1 threads per core) family 6 model 158 stepping 13 microcode 0xde, cmov, cx8, fxsr, mmx, sse, sse2, sse3, ssse3, sse4.1, sse4.2, popcnt, avx, avx2, aes, clmul, erms, 3dnowpref, lzcnt, tsc, tscinvbit, bmi1, bmi2, adx, fma

Memory: 4k page, system-wide physical 24510M (10075M free)
TotalPageFile size 32569M (AvailPageFile size 5M)
current process WorkingSet (physical memory assigned to process): 563M, peak: 563M
current process commit charge ("private bytes"): 678M, peak: 679M

vm_info: OpenJDK 64-Bit Server VM (11.0.10+0-b96-7249189) for windows-amd64 JRE (11.0.10+0-b96-7249189), built on Mar 31 2021 21:44:00 by "builder" with MS VC++ 14.0 (VS2015)

END.
